=============== HYPERPARAMETER SETTING ===============
mode : train
lr : 0.1
lr_update_rate : 100
dim : 100
ws : 5
epoch : 70
min_count : 1
neg : 5
word_ngrams : 1
char_ngrams : 0
loss : softmax
verbose : 2
=============== DATA PROCESSING ===============
Statistics of Label Mapping:
* Class: {0: 'ABBREVIATION', 1: 'ENTITY', 2: 'DESCRIPTION', 3: 'HUMAN', 4: 'LOCATION', 5: 'NUMERIC'}
+ Total: 6
Statistics of Training Set:
* Number of data in class ABB: 180
* Number of data in class ENT: 1800
* Number of data in class DES: 1800
* Number of data in class HUM: 1800
* Number of data in class LOC: 1800
* Number of data in class NUM: 1800
+ Total: 9180
Statistics of Validation Set:
* Number of data in class ABB: 20
* Number of data in class ENT: 200
* Number of data in class DES: 200
* Number of data in class HUM: 200
* Number of data in class LOC: 200
* Number of data in class NUM: 200
+ Total: 1020
Statistics of Test Set:
* Number of data in class ABB: 9
* Number of data in class ENT: 94
* Number of data in class DES: 138
* Number of data in class HUM: 65
* Number of data in class LOC: 81
* Number of data in class NUM: 113
+ Total: 500
=============== CONVERTING DATA ===============
Done
=============== MODEL TRAINING ===============
Done
=============== MODEL VALIDATING ===============
Testing on 1020 data:
+ Overall ACC: 0.974
* ABB PREC: 1.00, ABB REC: 0.90, ABB F1: 0.95
* ENT PREC: 0.94, ENT REC: 0.96, ENT F1: 0.95
* DES PREC: 0.97, DES REC: 0.97, DES F1: 0.97
* HUM PREC: 0.98, HUM REC: 0.95, HUM F1: 0.96
* LOC PREC: 0.98, LOC REC: 0.99, LOC F1: 0.99
* NUM PREC: 0.99, NUM REC: 0.99, NUM F1: 0.99
