=============== HYPERPARAMETER SETTING ===============
classifier : TextCNN
pretrained : False
mode : train
epochs : 50
batch_size : 64
max_norm : 5.0
embed_trainable : True
device : cuda:0
lr_enc : 0.01
lr_gen : 0.01
num_hidden_rationale : 64
lstm_layer_rationale : 1
lstm_bidirectional_rationale : True
lambda_1 : 0.005
lambda_2 : 0.005
num_hidden : 256
lstm_layer : 2
lstm_bidirectional : True
num_classes : 6
kernel_sizes : [2, 3, 4]
p : 0.5
c_out : 32
=============== LOAD EMBEDDINGS ===============
Embed shape: (4164, 300)
Vocab size: 4164
=============== MODEL TRAINING ===============
Train step: 10/7200, GEN Train loss: 19.138, ENC Train loss: 1.624, Train accuracy: 0.297, Keep percentage: 0.50
Train step: 20/7200, GEN Train loss: 25.198, ENC Train loss: 1.581, Train accuracy: 0.516, Keep percentage: 0.48
Train step: 30/7200, GEN Train loss: 23.478, ENC Train loss: 1.473, Train accuracy: 0.516, Keep percentage: 0.50
Train step: 40/7200, GEN Train loss: 28.609, ENC Train loss: 1.474, Train accuracy: 0.422, Keep percentage: 0.50
Train step: 50/7200, GEN Train loss: 23.456, ENC Train loss: 1.410, Train accuracy: 0.516, Keep percentage: 0.50
Train step: 60/7200, GEN Train loss: 16.820, ENC Train loss: 1.213, Train accuracy: 0.531, Keep percentage: 0.51
Train step: 70/7200, GEN Train loss: 19.871, ENC Train loss: 1.365, Train accuracy: 0.531, Keep percentage: 0.52
Train step: 80/7200, GEN Train loss: 14.223, ENC Train loss: 1.207, Train accuracy: 0.562, Keep percentage: 0.47
Train step: 90/7200, GEN Train loss: 21.603, ENC Train loss: 1.355, Train accuracy: 0.547, Keep percentage: 0.47
Train step: 100/7200, GEN Train loss: 16.739, ENC Train loss: 1.421, Train accuracy: 0.531, Keep percentage: 0.51
=============== MODEL VALIDATING ===============
Testing on 1020 data:
+ Validation accuracy: 0.543
+ Keep percentage: 0.51
New highscore! Saving model...
Train step: 110/7200, GEN Train loss: 21.044, ENC Train loss: 1.265, Train accuracy: 0.547, Keep percentage: 0.50
Train step: 120/7200, GEN Train loss: 17.604, ENC Train loss: 1.337, Train accuracy: 0.625, Keep percentage: 0.46
Train step: 130/7200, GEN Train loss: 14.399, ENC Train loss: 1.093, Train accuracy: 0.641, Keep percentage: 0.52
Train step: 140/7200, GEN Train loss: 23.863, ENC Train loss: 1.377, Train accuracy: 0.562, Keep percentage: 0.49
Train step: 150/7200, GEN Train loss: 22.524, ENC Train loss: 1.250, Train accuracy: 0.578, Keep percentage: 0.47
Train step: 160/7200, GEN Train loss: 17.115, ENC Train loss: 1.300, Train accuracy: 0.516, Keep percentage: 0.52
Train step: 170/7200, GEN Train loss: 13.327, ENC Train loss: 1.012, Train accuracy: 0.641, Keep percentage: 0.50
Train step: 180/7200, GEN Train loss: 25.850, ENC Train loss: 1.286, Train accuracy: 0.531, Keep percentage: 0.47
Train step: 190/7200, GEN Train loss: 21.956, ENC Train loss: 1.218, Train accuracy: 0.609, Keep percentage: 0.50
Train step: 200/7200, GEN Train loss: 18.981, ENC Train loss: 1.141, Train accuracy: 0.641, Keep percentage: 0.51
=============== MODEL VALIDATING ===============
Testing on 1020 data:
+ Validation accuracy: 0.582
+ Keep percentage: 0.50
New highscore! Saving model...
Train step: 210/7200, GEN Train loss: 18.404, ENC Train loss: 1.397, Train accuracy: 0.500, Keep percentage: 0.49
Train step: 220/7200, GEN Train loss: 14.276, ENC Train loss: 1.084, Train accuracy: 0.641, Keep percentage: 0.52
Train step: 230/7200, GEN Train loss: 16.152, ENC Train loss: 1.226, Train accuracy: 0.516, Keep percentage: 0.49
Train step: 240/7200, GEN Train loss: 25.471, ENC Train loss: 1.148, Train accuracy: 0.688, Keep percentage: 0.50
Train step: 250/7200, GEN Train loss: 18.184, ENC Train loss: 1.192, Train accuracy: 0.594, Keep percentage: 0.49
Train step: 260/7200, GEN Train loss: 15.610, ENC Train loss: 1.251, Train accuracy: 0.562, Keep percentage: 0.50
Train step: 270/7200, GEN Train loss: 18.281, ENC Train loss: 1.147, Train accuracy: 0.609, Keep percentage: 0.49
Train step: 280/7200, GEN Train loss: 18.160, ENC Train loss: 1.248, Train accuracy: 0.562, Keep percentage: 0.51
Train step: 290/7200, GEN Train loss: 24.286, ENC Train loss: 1.208, Train accuracy: 0.578, Keep percentage: 0.51
Train step: 300/7200, GEN Train loss: 15.062, ENC Train loss: 0.988, Train accuracy: 0.688, Keep percentage: 0.49
=============== MODEL VALIDATING ===============
Testing on 1020 data:
+ Validation accuracy: 0.594
+ Keep percentage: 0.50
New highscore! Saving model...
Train step: 310/7200, GEN Train loss: 11.842, ENC Train loss: 1.005, Train accuracy: 0.688, Keep percentage: 0.48
Train step: 320/7200, GEN Train loss: 13.335, ENC Train loss: 1.013, Train accuracy: 0.703, Keep percentage: 0.49
Train step: 330/7200, GEN Train loss: 16.238, ENC Train loss: 1.116, Train accuracy: 0.625, Keep percentage: 0.55
Train step: 340/7200, GEN Train loss: 21.042, ENC Train loss: 1.320, Train accuracy: 0.531, Keep percentage: 0.50
Train step: 350/7200, GEN Train loss: 16.658, ENC Train loss: 1.144, Train accuracy: 0.594, Keep percentage: 0.51
Train step: 360/7200, GEN Train loss: 20.222, ENC Train loss: 1.006, Train accuracy: 0.688, Keep percentage: 0.51
Train step: 370/7200, GEN Train loss: 13.985, ENC Train loss: 1.261, Train accuracy: 0.547, Keep percentage: 0.55
Train step: 380/7200, GEN Train loss: 28.305, ENC Train loss: 1.276, Train accuracy: 0.594, Keep percentage: 0.49
Train step: 390/7200, GEN Train loss: 20.161, ENC Train loss: 1.039, Train accuracy: 0.703, Keep percentage: 0.50
Train step: 400/7200, GEN Train loss: 17.596, ENC Train loss: 0.976, Train accuracy: 0.688, Keep percentage: 0.50
=============== MODEL VALIDATING ===============
Testing on 1020 data:
+ Validation accuracy: 0.608
+ Keep percentage: 0.50
New highscore! Saving model...
Train step: 410/7200, GEN Train loss: 14.859, ENC Train loss: 1.191, Train accuracy: 0.609, Keep percentage: 0.50
Train step: 420/7200, GEN Train loss: 15.417, ENC Train loss: 1.059, Train accuracy: 0.672, Keep percentage: 0.48
Train step: 430/7200, GEN Train loss: 24.379, ENC Train loss: 1.353, Train accuracy: 0.547, Keep percentage: 0.48
Train step: 440/7200, GEN Train loss: 18.252, ENC Train loss: 1.097, Train accuracy: 0.609, Keep percentage: 0.48
Train step: 450/7200, GEN Train loss: 16.224, ENC Train loss: 1.170, Train accuracy: 0.562, Keep percentage: 0.51
Train step: 460/7200, GEN Train loss: 13.699, ENC Train loss: 0.988, Train accuracy: 0.719, Keep percentage: 0.51
Train step: 470/7200, GEN Train loss: 15.040, ENC Train loss: 0.943, Train accuracy: 0.719, Keep percentage: 0.50
Train step: 480/7200, GEN Train loss: 13.271, ENC Train loss: 1.126, Train accuracy: 0.688, Keep percentage: 0.49
Train step: 490/7200, GEN Train loss: 16.041, ENC Train loss: 1.052, Train accuracy: 0.672, Keep percentage: 0.49
Train step: 500/7200, GEN Train loss: 19.904, ENC Train loss: 1.367, Train accuracy: 0.516, Keep percentage: 0.47
=============== MODEL VALIDATING ===============
Testing on 1020 data:
+ Validation accuracy: 0.578
+ Keep percentage: 0.50
Train step: 510/7200, GEN Train loss: 24.991, ENC Train loss: 1.243, Train accuracy: 0.516, Keep percentage: 0.50
Train step: 520/7200, GEN Train loss: 25.404, ENC Train loss: 1.264, Train accuracy: 0.500, Keep percentage: 0.49
Train step: 530/7200, GEN Train loss: 19.586, ENC Train loss: 0.974, Train accuracy: 0.688, Keep percentage: 0.53
Train step: 540/7200, GEN Train loss: 10.613, ENC Train loss: 0.851, Train accuracy: 0.703, Keep percentage: 0.52
Train step: 550/7200, GEN Train loss: 15.616, ENC Train loss: 1.325, Train accuracy: 0.531, Keep percentage: 0.49
Train step: 560/7200, GEN Train loss: 17.004, ENC Train loss: 0.944, Train accuracy: 0.719, Keep percentage: 0.50
Train step: 570/7200, GEN Train loss: 24.296, ENC Train loss: 1.209, Train accuracy: 0.641, Keep percentage: 0.52
Train step: 580/7200, GEN Train loss: 18.196, ENC Train loss: 1.010, Train accuracy: 0.672, Keep percentage: 0.50
Train step: 590/7200, GEN Train loss: 17.154, ENC Train loss: 1.179, Train accuracy: 0.641, Keep percentage: 0.49
Train step: 600/7200, GEN Train loss: 12.449, ENC Train loss: 0.945, Train accuracy: 0.688, Keep percentage: 0.48
=============== MODEL VALIDATING ===============
Testing on 1020 data:
+ Validation accuracy: 0.606
+ Keep percentage: 0.50
Train step: 610/7200, GEN Train loss: 17.896, ENC Train loss: 0.993, Train accuracy: 0.672, Keep percentage: 0.54
Train step: 620/7200, GEN Train loss: 14.801, ENC Train loss: 1.017, Train accuracy: 0.656, Keep percentage: 0.47
Train step: 630/7200, GEN Train loss: 12.120, ENC Train loss: 0.920, Train accuracy: 0.719, Keep percentage: 0.52
Train step: 640/7200, GEN Train loss: 22.473, ENC Train loss: 1.118, Train accuracy: 0.672, Keep percentage: 0.51
Train step: 650/7200, GEN Train loss: 11.729, ENC Train loss: 0.846, Train accuracy: 0.734, Keep percentage: 0.50
Train step: 660/7200, GEN Train loss: 18.467, ENC Train loss: 1.158, Train accuracy: 0.656, Keep percentage: 0.50
Train step: 670/7200, GEN Train loss: 16.620, ENC Train loss: 0.999, Train accuracy: 0.734, Keep percentage: 0.54
Train step: 680/7200, GEN Train loss: 19.354, ENC Train loss: 0.997, Train accuracy: 0.703, Keep percentage: 0.50
Train step: 690/7200, GEN Train loss: 16.158, ENC Train loss: 1.060, Train accuracy: 0.609, Keep percentage: 0.51
Train step: 700/7200, GEN Train loss: 13.449, ENC Train loss: 1.021, Train accuracy: 0.625, Keep percentage: 0.53
=============== MODEL VALIDATING ===============
Testing on 1020 data:
+ Validation accuracy: 0.605
+ Keep percentage: 0.50
Train step: 710/7200, GEN Train loss: 13.807, ENC Train loss: 1.107, Train accuracy: 0.609, Keep percentage: 0.50
Train step: 720/7200, GEN Train loss: 10.071, ENC Train loss: 0.855, Train accuracy: 0.679, Keep percentage: 0.51
Train step: 730/7200, GEN Train loss: 12.173, ENC Train loss: 0.976, Train accuracy: 0.656, Keep percentage: 0.49
Train step: 740/7200, GEN Train loss: 11.901, ENC Train loss: 1.010, Train accuracy: 0.672, Keep percentage: 0.53
Train step: 750/7200, GEN Train loss: 20.131, ENC Train loss: 0.968, Train accuracy: 0.656, Keep percentage: 0.52
Train step: 760/7200, GEN Train loss: 13.732, ENC Train loss: 1.043, Train accuracy: 0.641, Keep percentage: 0.48
Train step: 770/7200, GEN Train loss: 11.839, ENC Train loss: 0.949, Train accuracy: 0.625, Keep percentage: 0.51
Train step: 780/7200, GEN Train loss: 14.118, ENC Train loss: 0.926, Train accuracy: 0.688, Keep percentage: 0.47
Train step: 790/7200, GEN Train loss: 10.293, ENC Train loss: 0.742, Train accuracy: 0.719, Keep percentage: 0.51
Train step: 800/7200, GEN Train loss: 12.437, ENC Train loss: 0.997, Train accuracy: 0.750, Keep percentage: 0.50
=============== MODEL VALIDATING ===============
Testing on 1020 data:
+ Validation accuracy: 0.613
+ Keep percentage: 0.50
New highscore! Saving model...
Train step: 810/7200, GEN Train loss: 12.504, ENC Train loss: 1.002, Train accuracy: 0.672, Keep percentage: 0.51
Train step: 820/7200, GEN Train loss: 9.468, ENC Train loss: 0.854, Train accuracy: 0.766, Keep percentage: 0.50
Train step: 830/7200, GEN Train loss: 14.219, ENC Train loss: 1.080, Train accuracy: 0.625, Keep percentage: 0.47
Train step: 840/7200, GEN Train loss: 11.890, ENC Train loss: 1.009, Train accuracy: 0.625, Keep percentage: 0.49
Train step: 850/7200, GEN Train loss: 27.289, ENC Train loss: 1.358, Train accuracy: 0.531, Keep percentage: 0.49
Train step: 860/7200, GEN Train loss: 17.090, ENC Train loss: 1.174, Train accuracy: 0.594, Keep percentage: 0.49
Train step: 870/7200, GEN Train loss: 16.695, ENC Train loss: 0.926, Train accuracy: 0.703, Keep percentage: 0.51
Train step: 880/7200, GEN Train loss: 16.830, ENC Train loss: 1.104, Train accuracy: 0.625, Keep percentage: 0.50
Train step: 890/7200, GEN Train loss: 18.191, ENC Train loss: 1.312, Train accuracy: 0.516, Keep percentage: 0.50
Train step: 900/7200, GEN Train loss: 16.263, ENC Train loss: 0.978, Train accuracy: 0.641, Keep percentage: 0.49
=============== MODEL VALIDATING ===============
Testing on 1020 data:
+ Validation accuracy: 0.633
+ Keep percentage: 0.49
New highscore! Saving model...
Train step: 910/7200, GEN Train loss: 22.912, ENC Train loss: 1.102, Train accuracy: 0.625, Keep percentage: 0.51
Train step: 920/7200, GEN Train loss: 17.902, ENC Train loss: 1.076, Train accuracy: 0.547, Keep percentage: 0.49
Train step: 930/7200, GEN Train loss: 15.071, ENC Train loss: 1.035, Train accuracy: 0.641, Keep percentage: 0.51
Train step: 940/7200, GEN Train loss: 12.962, ENC Train loss: 0.935, Train accuracy: 0.656, Keep percentage: 0.49
Train step: 950/7200, GEN Train loss: 13.207, ENC Train loss: 1.059, Train accuracy: 0.609, Keep percentage: 0.49
Train step: 960/7200, GEN Train loss: 14.298, ENC Train loss: 1.086, Train accuracy: 0.672, Keep percentage: 0.48
Train step: 970/7200, GEN Train loss: 15.480, ENC Train loss: 1.015, Train accuracy: 0.625, Keep percentage: 0.47
Train step: 980/7200, GEN Train loss: 21.244, ENC Train loss: 0.958, Train accuracy: 0.750, Keep percentage: 0.51
Train step: 990/7200, GEN Train loss: 16.021, ENC Train loss: 0.889, Train accuracy: 0.641, Keep percentage: 0.51
Train step: 1000/7200, GEN Train loss: 14.726, ENC Train loss: 1.118, Train accuracy: 0.609, Keep percentage: 0.49
=============== MODEL VALIDATING ===============
Testing on 1020 data:
+ Validation accuracy: 0.628
+ Keep percentage: 0.51
Train step: 1010/7200, GEN Train loss: 17.322, ENC Train loss: 1.041, Train accuracy: 0.578, Keep percentage: 0.51
Train step: 1020/7200, GEN Train loss: 13.269, ENC Train loss: 0.870, Train accuracy: 0.719, Keep percentage: 0.48
Train step: 1030/7200, GEN Train loss: 13.968, ENC Train loss: 0.960, Train accuracy: 0.719, Keep percentage: 0.50
Train step: 1040/7200, GEN Train loss: 13.393, ENC Train loss: 1.017, Train accuracy: 0.688, Keep percentage: 0.51
Train step: 1050/7200, GEN Train loss: 13.283, ENC Train loss: 1.127, Train accuracy: 0.625, Keep percentage: 0.49
Train step: 1060/7200, GEN Train loss: 20.930, ENC Train loss: 1.078, Train accuracy: 0.719, Keep percentage: 0.50
Train step: 1070/7200, GEN Train loss: 11.278, ENC Train loss: 0.856, Train accuracy: 0.703, Keep percentage: 0.53
Train step: 1080/7200, GEN Train loss: 14.670, ENC Train loss: 0.962, Train accuracy: 0.688, Keep percentage: 0.49
Train step: 1090/7200, GEN Train loss: 12.580, ENC Train loss: 0.955, Train accuracy: 0.688, Keep percentage: 0.51
Train step: 1100/7200, GEN Train loss: 21.976, ENC Train loss: 1.023, Train accuracy: 0.641, Keep percentage: 0.52
=============== MODEL VALIDATING ===============
Testing on 1020 data:
+ Validation accuracy: 0.623
+ Keep percentage: 0.49
Train step: 1110/7200, GEN Train loss: 22.022, ENC Train loss: 1.135, Train accuracy: 0.594, Keep percentage: 0.49
Train step: 1120/7200, GEN Train loss: 14.788, ENC Train loss: 1.016, Train accuracy: 0.688, Keep percentage: 0.44
Train step: 1130/7200, GEN Train loss: 18.691, ENC Train loss: 1.124, Train accuracy: 0.594, Keep percentage: 0.46
Train step: 1140/7200, GEN Train loss: 15.660, ENC Train loss: 1.027, Train accuracy: 0.641, Keep percentage: 0.50
Train step: 1150/7200, GEN Train loss: 19.569, ENC Train loss: 0.974, Train accuracy: 0.719, Keep percentage: 0.52
Train step: 1160/7200, GEN Train loss: 11.269, ENC Train loss: 0.774, Train accuracy: 0.812, Keep percentage: 0.51
Train step: 1170/7200, GEN Train loss: 12.942, ENC Train loss: 1.037, Train accuracy: 0.656, Keep percentage: 0.48
Train step: 1180/7200, GEN Train loss: 10.591, ENC Train loss: 0.955, Train accuracy: 0.688, Keep percentage: 0.51
Train step: 1190/7200, GEN Train loss: 32.039, ENC Train loss: 1.249, Train accuracy: 0.547, Keep percentage: 0.51
Train step: 1200/7200, GEN Train loss: 13.252, ENC Train loss: 0.956, Train accuracy: 0.734, Keep percentage: 0.52
=============== MODEL VALIDATING ===============
Testing on 1020 data:
+ Validation accuracy: 0.611
+ Keep percentage: 0.50
Train step: 1210/7200, GEN Train loss: 12.642, ENC Train loss: 0.869, Train accuracy: 0.719, Keep percentage: 0.55
Train step: 1220/7200, GEN Train loss: 12.977, ENC Train loss: 1.040, Train accuracy: 0.641, Keep percentage: 0.53
Train step: 1230/7200, GEN Train loss: 10.540, ENC Train loss: 0.845, Train accuracy: 0.703, Keep percentage: 0.52
Train step: 1240/7200, GEN Train loss: 19.089, ENC Train loss: 0.950, Train accuracy: 0.719, Keep percentage: 0.51
Train step: 1250/7200, GEN Train loss: 15.451, ENC Train loss: 1.013, Train accuracy: 0.641, Keep percentage: 0.50
Train step: 1260/7200, GEN Train loss: 14.238, ENC Train loss: 0.893, Train accuracy: 0.688, Keep percentage: 0.50
Train step: 1270/7200, GEN Train loss: 13.699, ENC Train loss: 0.988, Train accuracy: 0.641, Keep percentage: 0.49
Train step: 1280/7200, GEN Train loss: 18.773, ENC Train loss: 1.042, Train accuracy: 0.656, Keep percentage: 0.47
Train step: 1290/7200, GEN Train loss: 22.429, ENC Train loss: 1.245, Train accuracy: 0.609, Keep percentage: 0.49
Train step: 1300/7200, GEN Train loss: 20.754, ENC Train loss: 1.426, Train accuracy: 0.500, Keep percentage: 0.48
=============== MODEL VALIDATING ===============
Testing on 1020 data:
+ Validation accuracy: 0.638
+ Keep percentage: 0.50
New highscore! Saving model...
Train step: 1310/7200, GEN Train loss: 16.364, ENC Train loss: 1.124, Train accuracy: 0.641, Keep percentage: 0.52
Train step: 1320/7200, GEN Train loss: 15.692, ENC Train loss: 0.871, Train accuracy: 0.734, Keep percentage: 0.55
Train step: 1330/7200, GEN Train loss: 10.791, ENC Train loss: 0.778, Train accuracy: 0.750, Keep percentage: 0.52
Train step: 1340/7200, GEN Train loss: 14.910, ENC Train loss: 1.076, Train accuracy: 0.672, Keep percentage: 0.52
Train step: 1350/7200, GEN Train loss: 20.349, ENC Train loss: 1.174, Train accuracy: 0.641, Keep percentage: 0.47
Train step: 1360/7200, GEN Train loss: 12.102, ENC Train loss: 0.919, Train accuracy: 0.641, Keep percentage: 0.49
Train step: 1370/7200, GEN Train loss: 17.713, ENC Train loss: 1.022, Train accuracy: 0.625, Keep percentage: 0.51
Train step: 1380/7200, GEN Train loss: 14.352, ENC Train loss: 1.150, Train accuracy: 0.625, Keep percentage: 0.50
Train step: 1390/7200, GEN Train loss: 11.945, ENC Train loss: 0.862, Train accuracy: 0.703, Keep percentage: 0.51
Train step: 1400/7200, GEN Train loss: 12.235, ENC Train loss: 0.929, Train accuracy: 0.719, Keep percentage: 0.49
=============== MODEL VALIDATING ===============
Testing on 1020 data:
+ Validation accuracy: 0.621
+ Keep percentage: 0.50
Train step: 1410/7200, GEN Train loss: 11.861, ENC Train loss: 0.951, Train accuracy: 0.641, Keep percentage: 0.49
Train step: 1420/7200, GEN Train loss: 13.594, ENC Train loss: 0.934, Train accuracy: 0.656, Keep percentage: 0.52
Train step: 1430/7200, GEN Train loss: 15.698, ENC Train loss: 0.809, Train accuracy: 0.797, Keep percentage: 0.46
Train step: 1440/7200, GEN Train loss: 10.819, ENC Train loss: 0.743, Train accuracy: 0.750, Keep percentage: 0.55
Train step: 1450/7200, GEN Train loss: 13.651, ENC Train loss: 0.895, Train accuracy: 0.734, Keep percentage: 0.49
Train step: 1460/7200, GEN Train loss: 16.278, ENC Train loss: 0.979, Train accuracy: 0.609, Keep percentage: 0.54
Train step: 1470/7200, GEN Train loss: 14.312, ENC Train loss: 0.983, Train accuracy: 0.656, Keep percentage: 0.55
Train step: 1480/7200, GEN Train loss: 13.967, ENC Train loss: 0.960, Train accuracy: 0.672, Keep percentage: 0.49
Train step: 1490/7200, GEN Train loss: 18.668, ENC Train loss: 1.282, Train accuracy: 0.609, Keep percentage: 0.48
Train step: 1500/7200, GEN Train loss: 16.412, ENC Train loss: 0.987, Train accuracy: 0.641, Keep percentage: 0.44
=============== MODEL VALIDATING ===============
Testing on 1020 data:
+ Validation accuracy: 0.636
+ Keep percentage: 0.50
Train step: 1510/7200, GEN Train loss: 19.552, ENC Train loss: 1.128, Train accuracy: 0.656, Keep percentage: 0.49
Train step: 1520/7200, GEN Train loss: 13.765, ENC Train loss: 1.045, Train accuracy: 0.672, Keep percentage: 0.49
Train step: 1530/7200, GEN Train loss: 19.225, ENC Train loss: 1.156, Train accuracy: 0.594, Keep percentage: 0.52
Train step: 1540/7200, GEN Train loss: 14.616, ENC Train loss: 1.171, Train accuracy: 0.672, Keep percentage: 0.51
Train step: 1550/7200, GEN Train loss: 12.732, ENC Train loss: 0.799, Train accuracy: 0.688, Keep percentage: 0.50
Train step: 1560/7200, GEN Train loss: 13.767, ENC Train loss: 1.045, Train accuracy: 0.641, Keep percentage: 0.49
Train step: 1570/7200, GEN Train loss: 14.404, ENC Train loss: 1.094, Train accuracy: 0.641, Keep percentage: 0.48
Train step: 1580/7200, GEN Train loss: 21.703, ENC Train loss: 1.080, Train accuracy: 0.656, Keep percentage: 0.48
Train step: 1590/7200, GEN Train loss: 20.212, ENC Train loss: 1.006, Train accuracy: 0.719, Keep percentage: 0.50
Train step: 1600/7200, GEN Train loss: 25.173, ENC Train loss: 1.211, Train accuracy: 0.625, Keep percentage: 0.48
=============== MODEL VALIDATING ===============
Testing on 1020 data:
+ Validation accuracy: 0.646
+ Keep percentage: 0.51
New highscore! Saving model...
Train step: 1610/7200, GEN Train loss: 12.983, ENC Train loss: 0.986, Train accuracy: 0.688, Keep percentage: 0.52
Train step: 1620/7200, GEN Train loss: 14.780, ENC Train loss: 1.015, Train accuracy: 0.594, Keep percentage: 0.47
Train step: 1630/7200, GEN Train loss: 14.319, ENC Train loss: 0.984, Train accuracy: 0.594, Keep percentage: 0.49
Train step: 1640/7200, GEN Train loss: 20.250, ENC Train loss: 1.007, Train accuracy: 0.734, Keep percentage: 0.51
Train step: 1650/7200, GEN Train loss: 14.313, ENC Train loss: 1.087, Train accuracy: 0.547, Keep percentage: 0.47
Train step: 1660/7200, GEN Train loss: 13.452, ENC Train loss: 0.970, Train accuracy: 0.672, Keep percentage: 0.49
Train step: 1670/7200, GEN Train loss: 20.830, ENC Train loss: 0.939, Train accuracy: 0.734, Keep percentage: 0.53
Train step: 1680/7200, GEN Train loss: 18.186, ENC Train loss: 1.093, Train accuracy: 0.703, Keep percentage: 0.54
Train step: 1690/7200, GEN Train loss: 12.816, ENC Train loss: 0.880, Train accuracy: 0.703, Keep percentage: 0.51
Train step: 1700/7200, GEN Train loss: 16.842, ENC Train loss: 1.157, Train accuracy: 0.688, Keep percentage: 0.53
=============== MODEL VALIDATING ===============
Testing on 1020 data:
+ Validation accuracy: 0.666
+ Keep percentage: 0.51
New highscore! Saving model...
Train step: 1710/7200, GEN Train loss: 12.783, ENC Train loss: 0.971, Train accuracy: 0.719, Keep percentage: 0.49
Train step: 1720/7200, GEN Train loss: 19.498, ENC Train loss: 1.082, Train accuracy: 0.609, Keep percentage: 0.46
Train step: 1730/7200, GEN Train loss: 15.041, ENC Train loss: 0.986, Train accuracy: 0.656, Keep percentage: 0.48
Train step: 1740/7200, GEN Train loss: 10.999, ENC Train loss: 0.992, Train accuracy: 0.656, Keep percentage: 0.51
Train step: 1750/7200, GEN Train loss: 15.109, ENC Train loss: 0.948, Train accuracy: 0.750, Keep percentage: 0.52
Train step: 1760/7200, GEN Train loss: 21.109, ENC Train loss: 0.952, Train accuracy: 0.734, Keep percentage: 0.53
Train step: 1770/7200, GEN Train loss: 18.789, ENC Train loss: 0.904, Train accuracy: 0.734, Keep percentage: 0.50
Train step: 1780/7200, GEN Train loss: 11.435, ENC Train loss: 0.970, Train accuracy: 0.703, Keep percentage: 0.54
Train step: 1790/7200, GEN Train loss: 14.872, ENC Train loss: 1.022, Train accuracy: 0.594, Keep percentage: 0.47
Train step: 1800/7200, GEN Train loss: 11.544, ENC Train loss: 0.877, Train accuracy: 0.734, Keep percentage: 0.49
=============== MODEL VALIDATING ===============
Testing on 1020 data:
+ Validation accuracy: 0.629
+ Keep percentage: 0.50
Train step: 1810/7200, GEN Train loss: 14.963, ENC Train loss: 1.079, Train accuracy: 0.656, Keep percentage: 0.51
Train step: 1820/7200, GEN Train loss: 14.360, ENC Train loss: 0.987, Train accuracy: 0.672, Keep percentage: 0.50
Train step: 1830/7200, GEN Train loss: 11.195, ENC Train loss: 0.950, Train accuracy: 0.719, Keep percentage: 0.48
Train step: 1840/7200, GEN Train loss: 12.415, ENC Train loss: 0.896, Train accuracy: 0.688, Keep percentage: 0.47
Train step: 1850/7200, GEN Train loss: 21.083, ENC Train loss: 1.049, Train accuracy: 0.672, Keep percentage: 0.52
Train step: 1860/7200, GEN Train loss: 14.946, ENC Train loss: 1.078, Train accuracy: 0.594, Keep percentage: 0.48
Train step: 1870/7200, GEN Train loss: 13.083, ENC Train loss: 0.821, Train accuracy: 0.734, Keep percentage: 0.51
Train step: 1880/7200, GEN Train loss: 12.386, ENC Train loss: 0.893, Train accuracy: 0.703, Keep percentage: 0.49
Train step: 1890/7200, GEN Train loss: 10.050, ENC Train loss: 0.763, Train accuracy: 0.719, Keep percentage: 0.50
Train step: 1900/7200, GEN Train loss: 16.169, ENC Train loss: 1.060, Train accuracy: 0.656, Keep percentage: 0.52
=============== MODEL VALIDATING ===============
Testing on 1020 data:
+ Validation accuracy: 0.643
+ Keep percentage: 0.51
Train step: 1910/7200, GEN Train loss: 11.790, ENC Train loss: 0.895, Train accuracy: 0.688, Keep percentage: 0.51
Train step: 1920/7200, GEN Train loss: 11.758, ENC Train loss: 0.893, Train accuracy: 0.625, Keep percentage: 0.51
Train step: 1930/7200, GEN Train loss: 12.934, ENC Train loss: 0.848, Train accuracy: 0.734, Keep percentage: 0.48
Train step: 1940/7200, GEN Train loss: 14.661, ENC Train loss: 0.961, Train accuracy: 0.641, Keep percentage: 0.51
Train step: 1950/7200, GEN Train loss: 11.979, ENC Train loss: 0.864, Train accuracy: 0.734, Keep percentage: 0.47
Train step: 1960/7200, GEN Train loss: 13.270, ENC Train loss: 0.832, Train accuracy: 0.766, Keep percentage: 0.51
Train step: 1970/7200, GEN Train loss: 13.339, ENC Train loss: 0.837, Train accuracy: 0.766, Keep percentage: 0.50
Train step: 1980/7200, GEN Train loss: 22.601, ENC Train loss: 1.124, Train accuracy: 0.625, Keep percentage: 0.49
Train step: 1990/7200, GEN Train loss: 14.474, ENC Train loss: 0.870, Train accuracy: 0.703, Keep percentage: 0.52
Train step: 2000/7200, GEN Train loss: 27.222, ENC Train loss: 1.354, Train accuracy: 0.562, Keep percentage: 0.49
=============== MODEL VALIDATING ===============
Testing on 1020 data:
+ Validation accuracy: 0.652
+ Keep percentage: 0.50
Train step: 2010/7200, GEN Train loss: 14.664, ENC Train loss: 1.007, Train accuracy: 0.703, Keep percentage: 0.50
Train step: 2020/7200, GEN Train loss: 26.343, ENC Train loss: 1.118, Train accuracy: 0.688, Keep percentage: 0.52
Train step: 2030/7200, GEN Train loss: 12.440, ENC Train loss: 0.897, Train accuracy: 0.656, Keep percentage: 0.51
Train step: 2040/7200, GEN Train loss: 16.159, ENC Train loss: 1.227, Train accuracy: 0.562, Keep percentage: 0.49
Train step: 2050/7200, GEN Train loss: 17.799, ENC Train loss: 1.070, Train accuracy: 0.609, Keep percentage: 0.48
Train step: 2060/7200, GEN Train loss: 11.613, ENC Train loss: 0.931, Train accuracy: 0.703, Keep percentage: 0.52
Train step: 2070/7200, GEN Train loss: 12.428, ENC Train loss: 0.896, Train accuracy: 0.656, Keep percentage: 0.50
Train step: 2080/7200, GEN Train loss: 10.919, ENC Train loss: 0.829, Train accuracy: 0.719, Keep percentage: 0.51
Train step: 2090/7200, GEN Train loss: 22.818, ENC Train loss: 1.266, Train accuracy: 0.594, Keep percentage: 0.50
Train step: 2100/7200, GEN Train loss: 14.960, ENC Train loss: 1.136, Train accuracy: 0.594, Keep percentage: 0.49
=============== MODEL VALIDATING ===============
Testing on 1020 data:
+ Validation accuracy: 0.652
+ Keep percentage: 0.50
Train step: 2110/7200, GEN Train loss: 14.116, ENC Train loss: 0.970, Train accuracy: 0.719, Keep percentage: 0.47
Train step: 2120/7200, GEN Train loss: 10.099, ENC Train loss: 0.767, Train accuracy: 0.734, Keep percentage: 0.50
Train step: 2130/7200, GEN Train loss: 10.936, ENC Train loss: 0.751, Train accuracy: 0.703, Keep percentage: 0.48
Train step: 2140/7200, GEN Train loss: 16.189, ENC Train loss: 0.805, Train accuracy: 0.781, Keep percentage: 0.50
Train step: 2150/7200, GEN Train loss: 15.437, ENC Train loss: 1.012, Train accuracy: 0.594, Keep percentage: 0.48
Train step: 2160/7200, GEN Train loss: 11.533, ENC Train loss: 0.756, Train accuracy: 0.750, Keep percentage: 0.51
Train step: 2170/7200, GEN Train loss: 12.286, ENC Train loss: 0.844, Train accuracy: 0.750, Keep percentage: 0.52
Train step: 2180/7200, GEN Train loss: 10.871, ENC Train loss: 0.871, Train accuracy: 0.734, Keep percentage: 0.46
Train step: 2190/7200, GEN Train loss: 16.628, ENC Train loss: 1.142, Train accuracy: 0.641, Keep percentage: 0.49
Train step: 2200/7200, GEN Train loss: 12.440, ENC Train loss: 0.945, Train accuracy: 0.656, Keep percentage: 0.52
=============== MODEL VALIDATING ===============
Testing on 1020 data:
+ Validation accuracy: 0.616
+ Keep percentage: 0.50
Train step: 2210/7200, GEN Train loss: 12.138, ENC Train loss: 0.730, Train accuracy: 0.781, Keep percentage: 0.52
Train step: 2220/7200, GEN Train loss: 17.998, ENC Train loss: 1.039, Train accuracy: 0.672, Keep percentage: 0.50
Train step: 2230/7200, GEN Train loss: 20.459, ENC Train loss: 0.984, Train accuracy: 0.719, Keep percentage: 0.50
Train step: 2240/7200, GEN Train loss: 29.358, ENC Train loss: 1.324, Train accuracy: 0.672, Keep percentage: 0.53
Train step: 2250/7200, GEN Train loss: 10.230, ENC Train loss: 0.777, Train accuracy: 0.781, Keep percentage: 0.49
Train step: 2260/7200, GEN Train loss: 13.151, ENC Train loss: 0.999, Train accuracy: 0.672, Keep percentage: 0.51
Train step: 2270/7200, GEN Train loss: 12.060, ENC Train loss: 0.916, Train accuracy: 0.734, Keep percentage: 0.50
Train step: 2280/7200, GEN Train loss: 18.347, ENC Train loss: 1.059, Train accuracy: 0.641, Keep percentage: 0.50
Train step: 2290/7200, GEN Train loss: 13.336, ENC Train loss: 0.916, Train accuracy: 0.625, Keep percentage: 0.49
Train step: 2300/7200, GEN Train loss: 10.759, ENC Train loss: 0.862, Train accuracy: 0.719, Keep percentage: 0.48
=============== MODEL VALIDATING ===============
Testing on 1020 data:
+ Validation accuracy: 0.648
+ Keep percentage: 0.50
Train step: 2310/7200, GEN Train loss: 13.153, ENC Train loss: 0.904, Train accuracy: 0.672, Keep percentage: 0.50
Train step: 2320/7200, GEN Train loss: 12.426, ENC Train loss: 0.944, Train accuracy: 0.688, Keep percentage: 0.50
Train step: 2330/7200, GEN Train loss: 18.066, ENC Train loss: 1.002, Train accuracy: 0.656, Keep percentage: 0.53
Train step: 2340/7200, GEN Train loss: 16.793, ENC Train loss: 1.211, Train accuracy: 0.578, Keep percentage: 0.46
Train step: 2350/7200, GEN Train loss: 11.805, ENC Train loss: 0.946, Train accuracy: 0.703, Keep percentage: 0.50
Train step: 2360/7200, GEN Train loss: 16.435, ENC Train loss: 1.248, Train accuracy: 0.594, Keep percentage: 0.53
Train step: 2370/7200, GEN Train loss: 15.993, ENC Train loss: 0.887, Train accuracy: 0.703, Keep percentage: 0.51
Train step: 2380/7200, GEN Train loss: 15.559, ENC Train loss: 0.935, Train accuracy: 0.734, Keep percentage: 0.52
Train step: 2390/7200, GEN Train loss: 16.278, ENC Train loss: 0.810, Train accuracy: 0.766, Keep percentage: 0.51
Train step: 2400/7200, GEN Train loss: 13.962, ENC Train loss: 1.007, Train accuracy: 0.656, Keep percentage: 0.47
=============== MODEL VALIDATING ===============
Testing on 1020 data:
+ Validation accuracy: 0.645
+ Keep percentage: 0.50
Train step: 2410/7200, GEN Train loss: 14.673, ENC Train loss: 0.962, Train accuracy: 0.734, Keep percentage: 0.52
Train step: 2420/7200, GEN Train loss: 14.151, ENC Train loss: 1.021, Train accuracy: 0.672, Keep percentage: 0.45
Train step: 2430/7200, GEN Train loss: 15.275, ENC Train loss: 1.002, Train accuracy: 0.656, Keep percentage: 0.51
Train step: 2440/7200, GEN Train loss: 16.014, ENC Train loss: 0.963, Train accuracy: 0.672, Keep percentage: 0.48
Train step: 2450/7200, GEN Train loss: 11.676, ENC Train loss: 0.702, Train accuracy: 0.766, Keep percentage: 0.46
Train step: 2460/7200, GEN Train loss: 12.661, ENC Train loss: 0.830, Train accuracy: 0.672, Keep percentage: 0.53
Train step: 2470/7200, GEN Train loss: 10.105, ENC Train loss: 0.767, Train accuracy: 0.781, Keep percentage: 0.50
Train step: 2480/7200, GEN Train loss: 10.203, ENC Train loss: 0.775, Train accuracy: 0.719, Keep percentage: 0.52
Train step: 2490/7200, GEN Train loss: 21.196, ENC Train loss: 0.956, Train accuracy: 0.734, Keep percentage: 0.49
Train step: 2500/7200, GEN Train loss: 15.602, ENC Train loss: 0.979, Train accuracy: 0.641, Keep percentage: 0.50
=============== MODEL VALIDATING ===============
Testing on 1020 data:
+ Validation accuracy: 0.654
+ Keep percentage: 0.50
Train step: 2510/7200, GEN Train loss: 16.399, ENC Train loss: 1.075, Train accuracy: 0.609, Keep percentage: 0.45
Train step: 2520/7200, GEN Train loss: 10.000, ENC Train loss: 0.759, Train accuracy: 0.750, Keep percentage: 0.51
Train step: 2530/7200, GEN Train loss: 12.485, ENC Train loss: 0.948, Train accuracy: 0.672, Keep percentage: 0.49
Train step: 2540/7200, GEN Train loss: 14.823, ENC Train loss: 1.018, Train accuracy: 0.672, Keep percentage: 0.46
Train step: 2550/7200, GEN Train loss: 12.621, ENC Train loss: 0.910, Train accuracy: 0.672, Keep percentage: 0.50
Train step: 2560/7200, GEN Train loss: 13.277, ENC Train loss: 1.008, Train accuracy: 0.656, Keep percentage: 0.47
Train step: 2570/7200, GEN Train loss: 12.217, ENC Train loss: 0.928, Train accuracy: 0.703, Keep percentage: 0.48
Train step: 2580/7200, GEN Train loss: 12.394, ENC Train loss: 0.851, Train accuracy: 0.766, Keep percentage: 0.52
Train step: 2590/7200, GEN Train loss: 15.388, ENC Train loss: 1.057, Train accuracy: 0.734, Keep percentage: 0.49
Train step: 2600/7200, GEN Train loss: 10.876, ENC Train loss: 0.826, Train accuracy: 0.734, Keep percentage: 0.52
=============== MODEL VALIDATING ===============
Testing on 1020 data:
+ Validation accuracy: 0.648
+ Keep percentage: 0.49
Train step: 2610/7200, GEN Train loss: 12.613, ENC Train loss: 0.958, Train accuracy: 0.672, Keep percentage: 0.48
Train step: 2620/7200, GEN Train loss: 13.602, ENC Train loss: 0.892, Train accuracy: 0.688, Keep percentage: 0.48
Train step: 2630/7200, GEN Train loss: 23.205, ENC Train loss: 1.154, Train accuracy: 0.688, Keep percentage: 0.52
Train step: 2640/7200, GEN Train loss: 23.069, ENC Train loss: 1.189, Train accuracy: 0.656, Keep percentage: 0.50
Train step: 2650/7200, GEN Train loss: 11.416, ENC Train loss: 0.716, Train accuracy: 0.781, Keep percentage: 0.49
Train step: 2660/7200, GEN Train loss: 13.941, ENC Train loss: 0.914, Train accuracy: 0.688, Keep percentage: 0.45
Train step: 2670/7200, GEN Train loss: 16.287, ENC Train loss: 0.810, Train accuracy: 0.781, Keep percentage: 0.51
Train step: 2680/7200, GEN Train loss: 14.343, ENC Train loss: 0.985, Train accuracy: 0.688, Keep percentage: 0.51
Train step: 2690/7200, GEN Train loss: 15.698, ENC Train loss: 1.029, Train accuracy: 0.594, Keep percentage: 0.45
Train step: 2700/7200, GEN Train loss: 16.825, ENC Train loss: 0.867, Train accuracy: 0.703, Keep percentage: 0.50
=============== MODEL VALIDATING ===============
Testing on 1020 data:
+ Validation accuracy: 0.652
+ Keep percentage: 0.50
Train step: 2710/7200, GEN Train loss: 14.259, ENC Train loss: 0.791, Train accuracy: 0.781, Keep percentage: 0.50
Train step: 2720/7200, GEN Train loss: 18.432, ENC Train loss: 0.917, Train accuracy: 0.734, Keep percentage: 0.52
Train step: 2730/7200, GEN Train loss: 12.359, ENC Train loss: 0.849, Train accuracy: 0.719, Keep percentage: 0.48
Train step: 2740/7200, GEN Train loss: 10.382, ENC Train loss: 0.651, Train accuracy: 0.766, Keep percentage: 0.51
Train step: 2750/7200, GEN Train loss: 12.387, ENC Train loss: 0.851, Train accuracy: 0.703, Keep percentage: 0.52
Train step: 2760/7200, GEN Train loss: 13.747, ENC Train loss: 1.044, Train accuracy: 0.703, Keep percentage: 0.48
Train step: 2770/7200, GEN Train loss: 11.034, ENC Train loss: 0.884, Train accuracy: 0.672, Keep percentage: 0.48
Train step: 2780/7200, GEN Train loss: 12.330, ENC Train loss: 0.889, Train accuracy: 0.688, Keep percentage: 0.48
Train step: 2790/7200, GEN Train loss: 12.959, ENC Train loss: 0.813, Train accuracy: 0.781, Keep percentage: 0.47
Train step: 2800/7200, GEN Train loss: 14.072, ENC Train loss: 0.781, Train accuracy: 0.797, Keep percentage: 0.53
=============== MODEL VALIDATING ===============
Testing on 1020 data:
+ Validation accuracy: 0.636
+ Keep percentage: 0.50
Train step: 2810/7200, GEN Train loss: 15.066, ENC Train loss: 0.988, Train accuracy: 0.594, Keep percentage: 0.45
Train step: 2820/7200, GEN Train loss: 14.907, ENC Train loss: 1.075, Train accuracy: 0.641, Keep percentage: 0.49
Train step: 2830/7200, GEN Train loss: 12.809, ENC Train loss: 1.087, Train accuracy: 0.625, Keep percentage: 0.50
Train step: 2840/7200, GEN Train loss: 17.050, ENC Train loss: 1.025, Train accuracy: 0.641, Keep percentage: 0.51
Train step: 2850/7200, GEN Train loss: 19.211, ENC Train loss: 1.066, Train accuracy: 0.609, Keep percentage: 0.51
Train step: 2860/7200, GEN Train loss: 18.769, ENC Train loss: 1.128, Train accuracy: 0.625, Keep percentage: 0.52
Train step: 2870/7200, GEN Train loss: 13.124, ENC Train loss: 0.902, Train accuracy: 0.750, Keep percentage: 0.48
Train step: 2880/7200, GEN Train loss: 19.826, ENC Train loss: 1.144, Train accuracy: 0.536, Keep percentage: 0.44
Train step: 2890/7200, GEN Train loss: 17.468, ENC Train loss: 1.050, Train accuracy: 0.594, Keep percentage: 0.51
Train step: 2900/7200, GEN Train loss: 13.136, ENC Train loss: 0.997, Train accuracy: 0.719, Keep percentage: 0.50
=============== MODEL VALIDATING ===============
Testing on 1020 data:
+ Validation accuracy: 0.696
+ Keep percentage: 0.51
New highscore! Saving model...
Train step: 2910/7200, GEN Train loss: 13.095, ENC Train loss: 0.900, Train accuracy: 0.688, Keep percentage: 0.49
Train step: 2920/7200, GEN Train loss: 13.318, ENC Train loss: 1.067, Train accuracy: 0.625, Keep percentage: 0.49
Train step: 2930/7200, GEN Train loss: 17.589, ENC Train loss: 0.976, Train accuracy: 0.656, Keep percentage: 0.50
Train step: 2940/7200, GEN Train loss: 21.981, ENC Train loss: 0.857, Train accuracy: 0.750, Keep percentage: 0.48
Train step: 2950/7200, GEN Train loss: 19.135, ENC Train loss: 1.200, Train accuracy: 0.578, Keep percentage: 0.51
Train step: 2960/7200, GEN Train loss: 11.602, ENC Train loss: 0.761, Train accuracy: 0.781, Keep percentage: 0.50
Train step: 2970/7200, GEN Train loss: 14.685, ENC Train loss: 0.883, Train accuracy: 0.734, Keep percentage: 0.48
Train step: 2980/7200, GEN Train loss: 19.563, ENC Train loss: 1.086, Train accuracy: 0.625, Keep percentage: 0.51
Train step: 2990/7200, GEN Train loss: 12.016, ENC Train loss: 0.788, Train accuracy: 0.734, Keep percentage: 0.55
Train step: 3000/7200, GEN Train loss: 17.235, ENC Train loss: 1.036, Train accuracy: 0.672, Keep percentage: 0.48
=============== MODEL VALIDATING ===============
Testing on 1020 data:
+ Validation accuracy: 0.664
+ Keep percentage: 0.50
Train step: 3010/7200, GEN Train loss: 12.785, ENC Train loss: 0.922, Train accuracy: 0.688, Keep percentage: 0.48
Train step: 3020/7200, GEN Train loss: 17.601, ENC Train loss: 1.209, Train accuracy: 0.547, Keep percentage: 0.51
Train step: 3030/7200, GEN Train loss: 25.073, ENC Train loss: 0.978, Train accuracy: 0.734, Keep percentage: 0.49
Train step: 3040/7200, GEN Train loss: 14.575, ENC Train loss: 1.051, Train accuracy: 0.625, Keep percentage: 0.48
Train step: 3050/7200, GEN Train loss: 14.799, ENC Train loss: 0.890, Train accuracy: 0.750, Keep percentage: 0.52
Train step: 3060/7200, GEN Train loss: 16.691, ENC Train loss: 0.830, Train accuracy: 0.750, Keep percentage: 0.52
Train step: 3070/7200, GEN Train loss: 11.005, ENC Train loss: 0.756, Train accuracy: 0.750, Keep percentage: 0.52
Train step: 3080/7200, GEN Train loss: 16.139, ENC Train loss: 0.896, Train accuracy: 0.750, Keep percentage: 0.52
Train step: 3090/7200, GEN Train loss: 11.321, ENC Train loss: 0.817, Train accuracy: 0.750, Keep percentage: 0.52
Train step: 3100/7200, GEN Train loss: 19.201, ENC Train loss: 0.955, Train accuracy: 0.688, Keep percentage: 0.53
=============== MODEL VALIDATING ===============
Testing on 1020 data:
+ Validation accuracy: 0.676
+ Keep percentage: 0.50
Train step: 3110/7200, GEN Train loss: 10.985, ENC Train loss: 0.792, Train accuracy: 0.719, Keep percentage: 0.49
Train step: 3120/7200, GEN Train loss: 13.223, ENC Train loss: 0.829, Train accuracy: 0.719, Keep percentage: 0.51
Train step: 3130/7200, GEN Train loss: 17.068, ENC Train loss: 1.026, Train accuracy: 0.703, Keep percentage: 0.48
Train step: 3140/7200, GEN Train loss: 17.307, ENC Train loss: 1.135, Train accuracy: 0.672, Keep percentage: 0.49
Train step: 3150/7200, GEN Train loss: 14.935, ENC Train loss: 1.026, Train accuracy: 0.688, Keep percentage: 0.53
Train step: 3160/7200, GEN Train loss: 19.083, ENC Train loss: 1.059, Train accuracy: 0.688, Keep percentage: 0.51
Train step: 3170/7200, GEN Train loss: 14.482, ENC Train loss: 1.161, Train accuracy: 0.609, Keep percentage: 0.52
Train step: 3180/7200, GEN Train loss: 24.136, ENC Train loss: 0.941, Train accuracy: 0.672, Keep percentage: 0.48
Train step: 3190/7200, GEN Train loss: 10.635, ENC Train loss: 0.667, Train accuracy: 0.812, Keep percentage: 0.50
Train step: 3200/7200, GEN Train loss: 14.518, ENC Train loss: 0.722, Train accuracy: 0.766, Keep percentage: 0.47
=============== MODEL VALIDATING ===============
Testing on 1020 data:
+ Validation accuracy: 0.678
+ Keep percentage: 0.50
Train step: 3210/7200, GEN Train loss: 14.012, ENC Train loss: 1.064, Train accuracy: 0.641, Keep percentage: 0.48
Train step: 3220/7200, GEN Train loss: 24.159, ENC Train loss: 1.025, Train accuracy: 0.672, Keep percentage: 0.48
Train step: 3230/7200, GEN Train loss: 15.757, ENC Train loss: 0.874, Train accuracy: 0.719, Keep percentage: 0.51
Train step: 3240/7200, GEN Train loss: 12.666, ENC Train loss: 0.831, Train accuracy: 0.703, Keep percentage: 0.52
Train step: 3250/7200, GEN Train loss: 11.150, ENC Train loss: 0.946, Train accuracy: 0.703, Keep percentage: 0.52
Train step: 3260/7200, GEN Train loss: 13.049, ENC Train loss: 0.991, Train accuracy: 0.656, Keep percentage: 0.48
Train step: 3270/7200, GEN Train loss: 14.221, ENC Train loss: 0.977, Train accuracy: 0.609, Keep percentage: 0.49
Train step: 3280/7200, GEN Train loss: 13.312, ENC Train loss: 1.067, Train accuracy: 0.688, Keep percentage: 0.47
Train step: 3290/7200, GEN Train loss: 12.388, ENC Train loss: 0.941, Train accuracy: 0.688, Keep percentage: 0.49
Train step: 3300/7200, GEN Train loss: 13.272, ENC Train loss: 0.870, Train accuracy: 0.688, Keep percentage: 0.50
=============== MODEL VALIDATING ===============
Testing on 1020 data:
+ Validation accuracy: 0.663
+ Keep percentage: 0.50
Train step: 3310/7200, GEN Train loss: 21.344, ENC Train loss: 0.993, Train accuracy: 0.672, Keep percentage: 0.46
Train step: 3320/7200, GEN Train loss: 17.666, ENC Train loss: 0.879, Train accuracy: 0.750, Keep percentage: 0.46
Train step: 3330/7200, GEN Train loss: 21.877, ENC Train loss: 1.088, Train accuracy: 0.656, Keep percentage: 0.54
Train step: 3340/7200, GEN Train loss: 25.904, ENC Train loss: 1.010, Train accuracy: 0.766, Keep percentage: 0.48
Train step: 3350/7200, GEN Train loss: 13.669, ENC Train loss: 0.896, Train accuracy: 0.750, Keep percentage: 0.52
Train step: 3360/7200, GEN Train loss: 11.386, ENC Train loss: 0.747, Train accuracy: 0.750, Keep percentage: 0.53
Train step: 3370/7200, GEN Train loss: 10.273, ENC Train loss: 0.674, Train accuracy: 0.828, Keep percentage: 0.53
Train step: 3380/7200, GEN Train loss: 12.783, ENC Train loss: 0.802, Train accuracy: 0.734, Keep percentage: 0.51
Train step: 3390/7200, GEN Train loss: 13.180, ENC Train loss: 0.951, Train accuracy: 0.672, Keep percentage: 0.49
Train step: 3400/7200, GEN Train loss: 15.097, ENC Train loss: 0.751, Train accuracy: 0.766, Keep percentage: 0.49
=============== MODEL VALIDATING ===============
Testing on 1020 data:
+ Validation accuracy: 0.669
+ Keep percentage: 0.51
Train step: 3410/7200, GEN Train loss: 20.573, ENC Train loss: 0.928, Train accuracy: 0.703, Keep percentage: 0.48
Train step: 3420/7200, GEN Train loss: 15.636, ENC Train loss: 0.902, Train accuracy: 0.688, Keep percentage: 0.50
Train step: 3430/7200, GEN Train loss: 9.742, ENC Train loss: 0.781, Train accuracy: 0.781, Keep percentage: 0.50
Train step: 3440/7200, GEN Train loss: 13.609, ENC Train loss: 0.818, Train accuracy: 0.734, Keep percentage: 0.50
Train step: 3450/7200, GEN Train loss: 11.901, ENC Train loss: 1.010, Train accuracy: 0.656, Keep percentage: 0.52
Train step: 3460/7200, GEN Train loss: 10.862, ENC Train loss: 0.922, Train accuracy: 0.688, Keep percentage: 0.52
Train step: 3470/7200, GEN Train loss: 9.775, ENC Train loss: 0.742, Train accuracy: 0.750, Keep percentage: 0.52
Train step: 3480/7200, GEN Train loss: 12.366, ENC Train loss: 0.637, Train accuracy: 0.797, Keep percentage: 0.54
Train step: 3490/7200, GEN Train loss: 17.988, ENC Train loss: 1.081, Train accuracy: 0.734, Keep percentage: 0.45
Train step: 3500/7200, GEN Train loss: 11.539, ENC Train loss: 0.925, Train accuracy: 0.719, Keep percentage: 0.49
=============== MODEL VALIDATING ===============
Testing on 1020 data:
+ Validation accuracy: 0.656
+ Keep percentage: 0.50
Train step: 3510/7200, GEN Train loss: 17.589, ENC Train loss: 1.103, Train accuracy: 0.672, Keep percentage: 0.49
Train step: 3520/7200, GEN Train loss: 8.476, ENC Train loss: 0.644, Train accuracy: 0.781, Keep percentage: 0.50
Train step: 3530/7200, GEN Train loss: 13.487, ENC Train loss: 0.811, Train accuracy: 0.734, Keep percentage: 0.50
Train step: 3540/7200, GEN Train loss: 15.077, ENC Train loss: 0.837, Train accuracy: 0.750, Keep percentage: 0.48
Train step: 3550/7200, GEN Train loss: 14.990, ENC Train loss: 1.030, Train accuracy: 0.656, Keep percentage: 0.49
Train step: 3560/7200, GEN Train loss: 17.250, ENC Train loss: 0.995, Train accuracy: 0.719, Keep percentage: 0.54
Train step: 3570/7200, GEN Train loss: 23.533, ENC Train loss: 0.999, Train accuracy: 0.688, Keep percentage: 0.53
Train step: 3580/7200, GEN Train loss: 10.816, ENC Train loss: 0.975, Train accuracy: 0.641, Keep percentage: 0.53
Train step: 3590/7200, GEN Train loss: 20.802, ENC Train loss: 1.035, Train accuracy: 0.688, Keep percentage: 0.49
Train step: 3600/7200, GEN Train loss: 11.517, ENC Train loss: 0.977, Train accuracy: 0.679, Keep percentage: 0.51
=============== MODEL VALIDATING ===============
Testing on 1020 data:
+ Validation accuracy: 0.651
+ Keep percentage: 0.51
Train step: 3610/7200, GEN Train loss: 14.928, ENC Train loss: 1.134, Train accuracy: 0.625, Keep percentage: 0.52
Train step: 3620/7200, GEN Train loss: 15.091, ENC Train loss: 1.037, Train accuracy: 0.656, Keep percentage: 0.49
Train step: 3630/7200, GEN Train loss: 20.241, ENC Train loss: 0.973, Train accuracy: 0.750, Keep percentage: 0.50
Train step: 3640/7200, GEN Train loss: 8.917, ENC Train loss: 0.677, Train accuracy: 0.844, Keep percentage: 0.52
Train step: 3650/7200, GEN Train loss: 16.249, ENC Train loss: 0.808, Train accuracy: 0.812, Keep percentage: 0.50
Train step: 3660/7200, GEN Train loss: 11.737, ENC Train loss: 0.806, Train accuracy: 0.734, Keep percentage: 0.49
Train step: 3670/7200, GEN Train loss: 13.622, ENC Train loss: 0.786, Train accuracy: 0.750, Keep percentage: 0.48
Train step: 3680/7200, GEN Train loss: 22.300, ENC Train loss: 0.870, Train accuracy: 0.719, Keep percentage: 0.52
Train step: 3690/7200, GEN Train loss: 7.867, ENC Train loss: 0.631, Train accuracy: 0.797, Keep percentage: 0.50
Train step: 3700/7200, GEN Train loss: 17.763, ENC Train loss: 1.068, Train accuracy: 0.750, Keep percentage: 0.48
=============== MODEL VALIDATING ===============
Testing on 1020 data:
+ Validation accuracy: 0.642
+ Keep percentage: 0.49
Train step: 3710/7200, GEN Train loss: 16.524, ENC Train loss: 0.917, Train accuracy: 0.750, Keep percentage: 0.51
Train step: 3720/7200, GEN Train loss: 17.997, ENC Train loss: 0.811, Train accuracy: 0.734, Keep percentage: 0.49
Train step: 3730/7200, GEN Train loss: 12.148, ENC Train loss: 0.974, Train accuracy: 0.641, Keep percentage: 0.48
Train step: 3740/7200, GEN Train loss: 10.303, ENC Train loss: 0.708, Train accuracy: 0.797, Keep percentage: 0.52
Train step: 3750/7200, GEN Train loss: 9.835, ENC Train loss: 0.788, Train accuracy: 0.703, Keep percentage: 0.50
Train step: 3760/7200, GEN Train loss: 11.955, ENC Train loss: 0.690, Train accuracy: 0.766, Keep percentage: 0.53
Train step: 3770/7200, GEN Train loss: 9.843, ENC Train loss: 0.789, Train accuracy: 0.703, Keep percentage: 0.51
Train step: 3780/7200, GEN Train loss: 11.758, ENC Train loss: 0.942, Train accuracy: 0.703, Keep percentage: 0.47
Train step: 3790/7200, GEN Train loss: 16.244, ENC Train loss: 0.808, Train accuracy: 0.812, Keep percentage: 0.49
Train step: 3800/7200, GEN Train loss: 14.554, ENC Train loss: 1.000, Train accuracy: 0.688, Keep percentage: 0.46
=============== MODEL VALIDATING ===============
Testing on 1020 data:
+ Validation accuracy: 0.621
+ Keep percentage: 0.50
Train step: 3810/7200, GEN Train loss: 15.894, ENC Train loss: 0.882, Train accuracy: 0.672, Keep percentage: 0.52
Train step: 3820/7200, GEN Train loss: 12.148, ENC Train loss: 0.922, Train accuracy: 0.672, Keep percentage: 0.52
Train step: 3830/7200, GEN Train loss: 11.996, ENC Train loss: 0.721, Train accuracy: 0.781, Keep percentage: 0.54
Train step: 3840/7200, GEN Train loss: 17.026, ENC Train loss: 0.877, Train accuracy: 0.688, Keep percentage: 0.52
Train step: 3850/7200, GEN Train loss: 14.116, ENC Train loss: 0.970, Train accuracy: 0.719, Keep percentage: 0.48
Train step: 3860/7200, GEN Train loss: 9.335, ENC Train loss: 0.748, Train accuracy: 0.750, Keep percentage: 0.54
Train step: 3870/7200, GEN Train loss: 10.438, ENC Train loss: 0.717, Train accuracy: 0.750, Keep percentage: 0.53
Train step: 3880/7200, GEN Train loss: 13.778, ENC Train loss: 0.994, Train accuracy: 0.703, Keep percentage: 0.53
Train step: 3890/7200, GEN Train loss: 15.141, ENC Train loss: 1.040, Train accuracy: 0.609, Keep percentage: 0.48
Train step: 3900/7200, GEN Train loss: 11.666, ENC Train loss: 0.886, Train accuracy: 0.641, Keep percentage: 0.52
=============== MODEL VALIDATING ===============
Testing on 1020 data:
+ Validation accuracy: 0.645
+ Keep percentage: 0.50
Train step: 3910/7200, GEN Train loss: 15.464, ENC Train loss: 1.115, Train accuracy: 0.688, Keep percentage: 0.50
Train step: 3920/7200, GEN Train loss: 9.667, ENC Train loss: 0.775, Train accuracy: 0.734, Keep percentage: 0.51
Train step: 3930/7200, GEN Train loss: 12.690, ENC Train loss: 0.872, Train accuracy: 0.734, Keep percentage: 0.48
Train step: 3940/7200, GEN Train loss: 11.158, ENC Train loss: 0.767, Train accuracy: 0.703, Keep percentage: 0.50
Train step: 3950/7200, GEN Train loss: 20.143, ENC Train loss: 0.908, Train accuracy: 0.703, Keep percentage: 0.51
Train step: 3960/7200, GEN Train loss: 10.746, ENC Train loss: 0.705, Train accuracy: 0.750, Keep percentage: 0.51
Train step: 3970/7200, GEN Train loss: 10.478, ENC Train loss: 1.008, Train accuracy: 0.594, Keep percentage: 0.50
Train step: 3980/7200, GEN Train loss: 11.410, ENC Train loss: 0.915, Train accuracy: 0.750, Keep percentage: 0.50
Train step: 3990/7200, GEN Train loss: 11.085, ENC Train loss: 0.727, Train accuracy: 0.797, Keep percentage: 0.51
Train step: 4000/7200, GEN Train loss: 13.652, ENC Train loss: 1.037, Train accuracy: 0.609, Keep percentage: 0.48
=============== MODEL VALIDATING ===============
Testing on 1020 data:
+ Validation accuracy: 0.672
+ Keep percentage: 0.51
Train step: 4010/7200, GEN Train loss: 12.335, ENC Train loss: 1.047, Train accuracy: 0.594, Keep percentage: 0.50
Train step: 4020/7200, GEN Train loss: 21.924, ENC Train loss: 1.217, Train accuracy: 0.656, Keep percentage: 0.48
Train step: 4030/7200, GEN Train loss: 12.616, ENC Train loss: 0.958, Train accuracy: 0.672, Keep percentage: 0.47
Train step: 4040/7200, GEN Train loss: 14.073, ENC Train loss: 0.967, Train accuracy: 0.625, Keep percentage: 0.48
Train step: 4050/7200, GEN Train loss: 8.437, ENC Train loss: 0.580, Train accuracy: 0.797, Keep percentage: 0.50
Train step: 4060/7200, GEN Train loss: 10.810, ENC Train loss: 0.780, Train accuracy: 0.734, Keep percentage: 0.47
Train step: 4070/7200, GEN Train loss: 12.181, ENC Train loss: 0.837, Train accuracy: 0.672, Keep percentage: 0.50
Train step: 4080/7200, GEN Train loss: 18.341, ENC Train loss: 0.912, Train accuracy: 0.656, Keep percentage: 0.49
Train step: 4090/7200, GEN Train loss: 14.145, ENC Train loss: 0.928, Train accuracy: 0.672, Keep percentage: 0.50
Train step: 4100/7200, GEN Train loss: 16.487, ENC Train loss: 0.915, Train accuracy: 0.656, Keep percentage: 0.49
=============== MODEL VALIDATING ===============
Testing on 1020 data:
+ Validation accuracy: 0.648
+ Keep percentage: 0.49
Train step: 4110/7200, GEN Train loss: 15.588, ENC Train loss: 1.124, Train accuracy: 0.625, Keep percentage: 0.50
Train step: 4120/7200, GEN Train loss: 14.733, ENC Train loss: 0.966, Train accuracy: 0.656, Keep percentage: 0.51
Train step: 4130/7200, GEN Train loss: 25.202, ENC Train loss: 1.069, Train accuracy: 0.703, Keep percentage: 0.51
Train step: 4140/7200, GEN Train loss: 13.642, ENC Train loss: 0.787, Train accuracy: 0.734, Keep percentage: 0.50
Train step: 4150/7200, GEN Train loss: 17.040, ENC Train loss: 1.024, Train accuracy: 0.750, Keep percentage: 0.46
Train step: 4160/7200, GEN Train loss: 14.241, ENC Train loss: 0.822, Train accuracy: 0.719, Keep percentage: 0.52
Train step: 4170/7200, GEN Train loss: 12.397, ENC Train loss: 0.994, Train accuracy: 0.656, Keep percentage: 0.48
Train step: 4180/7200, GEN Train loss: 22.940, ENC Train loss: 0.894, Train accuracy: 0.734, Keep percentage: 0.52
Train step: 4190/7200, GEN Train loss: 12.406, ENC Train loss: 0.814, Train accuracy: 0.750, Keep percentage: 0.51
Train step: 4200/7200, GEN Train loss: 14.340, ENC Train loss: 0.940, Train accuracy: 0.656, Keep percentage: 0.51
=============== MODEL VALIDATING ===============
Testing on 1020 data:
+ Validation accuracy: 0.667
+ Keep percentage: 0.50
Train step: 4210/7200, GEN Train loss: 12.726, ENC Train loss: 0.874, Train accuracy: 0.688, Keep percentage: 0.51
Train step: 4220/7200, GEN Train loss: 11.434, ENC Train loss: 0.786, Train accuracy: 0.719, Keep percentage: 0.51
Train step: 4230/7200, GEN Train loss: 17.289, ENC Train loss: 1.039, Train accuracy: 0.625, Keep percentage: 0.48
Train step: 4240/7200, GEN Train loss: 12.711, ENC Train loss: 0.764, Train accuracy: 0.734, Keep percentage: 0.56
Train step: 4250/7200, GEN Train loss: 12.210, ENC Train loss: 0.801, Train accuracy: 0.734, Keep percentage: 0.52
Train step: 4260/7200, GEN Train loss: 9.297, ENC Train loss: 0.789, Train accuracy: 0.688, Keep percentage: 0.50
Train step: 4270/7200, GEN Train loss: 14.650, ENC Train loss: 1.112, Train accuracy: 0.703, Keep percentage: 0.51
Train step: 4280/7200, GEN Train loss: 17.527, ENC Train loss: 0.872, Train accuracy: 0.766, Keep percentage: 0.49
Train step: 4290/7200, GEN Train loss: 12.679, ENC Train loss: 0.795, Train accuracy: 0.750, Keep percentage: 0.49
Train step: 4300/7200, GEN Train loss: 13.630, ENC Train loss: 0.787, Train accuracy: 0.797, Keep percentage: 0.48
=============== MODEL VALIDATING ===============
Testing on 1020 data:
+ Validation accuracy: 0.654
+ Keep percentage: 0.50
Train step: 4310/7200, GEN Train loss: 19.484, ENC Train loss: 0.969, Train accuracy: 0.719, Keep percentage: 0.47
Train step: 4320/7200, GEN Train loss: 9.835, ENC Train loss: 0.835, Train accuracy: 0.714, Keep percentage: 0.48
Train step: 4330/7200, GEN Train loss: 11.527, ENC Train loss: 0.831, Train accuracy: 0.766, Keep percentage: 0.53
Train step: 4340/7200, GEN Train loss: 13.387, ENC Train loss: 0.878, Train accuracy: 0.672, Keep percentage: 0.47
Train step: 4350/7200, GEN Train loss: 10.316, ENC Train loss: 0.744, Train accuracy: 0.719, Keep percentage: 0.51
Train step: 4360/7200, GEN Train loss: 22.097, ENC Train loss: 1.328, Train accuracy: 0.562, Keep percentage: 0.54
Train step: 4370/7200, GEN Train loss: 13.901, ENC Train loss: 1.003, Train accuracy: 0.703, Keep percentage: 0.49
Train step: 4380/7200, GEN Train loss: 13.250, ENC Train loss: 0.796, Train accuracy: 0.719, Keep percentage: 0.49
Train step: 4390/7200, GEN Train loss: 13.110, ENC Train loss: 0.995, Train accuracy: 0.641, Keep percentage: 0.49
Train step: 4400/7200, GEN Train loss: 13.279, ENC Train loss: 0.958, Train accuracy: 0.703, Keep percentage: 0.49
=============== MODEL VALIDATING ===============
Testing on 1020 data:
+ Validation accuracy: 0.668
+ Keep percentage: 0.51
Train step: 4410/7200, GEN Train loss: 10.651, ENC Train loss: 0.640, Train accuracy: 0.766, Keep percentage: 0.54
Train step: 4420/7200, GEN Train loss: 17.391, ENC Train loss: 1.004, Train accuracy: 0.672, Keep percentage: 0.48
Train step: 4430/7200, GEN Train loss: 10.382, ENC Train loss: 0.881, Train accuracy: 0.703, Keep percentage: 0.52
Train step: 4440/7200, GEN Train loss: 18.289, ENC Train loss: 0.910, Train accuracy: 0.656, Keep percentage: 0.52
Train step: 4450/7200, GEN Train loss: 12.707, ENC Train loss: 0.797, Train accuracy: 0.781, Keep percentage: 0.51
Train step: 4460/7200, GEN Train loss: 24.881, ENC Train loss: 1.238, Train accuracy: 0.609, Keep percentage: 0.49
Train step: 4470/7200, GEN Train loss: 15.814, ENC Train loss: 1.086, Train accuracy: 0.672, Keep percentage: 0.48
Train step: 4480/7200, GEN Train loss: 17.662, ENC Train loss: 1.019, Train accuracy: 0.703, Keep percentage: 0.54
Train step: 4490/7200, GEN Train loss: 12.899, ENC Train loss: 0.775, Train accuracy: 0.766, Keep percentage: 0.51
Train step: 4500/7200, GEN Train loss: 16.226, ENC Train loss: 1.018, Train accuracy: 0.625, Keep percentage: 0.49
=============== MODEL VALIDATING ===============
Testing on 1020 data:
+ Validation accuracy: 0.660
+ Keep percentage: 0.50
Train step: 4510/7200, GEN Train loss: 13.809, ENC Train loss: 1.049, Train accuracy: 0.641, Keep percentage: 0.49
Train step: 4520/7200, GEN Train loss: 22.616, ENC Train loss: 1.125, Train accuracy: 0.734, Keep percentage: 0.47
Train step: 4530/7200, GEN Train loss: 17.876, ENC Train loss: 0.806, Train accuracy: 0.750, Keep percentage: 0.47
Train step: 4540/7200, GEN Train loss: 18.104, ENC Train loss: 1.088, Train accuracy: 0.641, Keep percentage: 0.48
Train step: 4550/7200, GEN Train loss: 27.217, ENC Train loss: 1.061, Train accuracy: 0.734, Keep percentage: 0.52
Train step: 4560/7200, GEN Train loss: 11.024, ENC Train loss: 0.837, Train accuracy: 0.688, Keep percentage: 0.49
Train step: 4570/7200, GEN Train loss: 11.003, ENC Train loss: 0.756, Train accuracy: 0.734, Keep percentage: 0.53
Train step: 4580/7200, GEN Train loss: 11.428, ENC Train loss: 0.916, Train accuracy: 0.719, Keep percentage: 0.47
Train step: 4590/7200, GEN Train loss: 13.563, ENC Train loss: 1.030, Train accuracy: 0.703, Keep percentage: 0.49
Train step: 4600/7200, GEN Train loss: 14.398, ENC Train loss: 1.093, Train accuracy: 0.672, Keep percentage: 0.50
=============== MODEL VALIDATING ===============
Testing on 1020 data:
+ Validation accuracy: 0.635
+ Keep percentage: 0.50
Train step: 4610/7200, GEN Train loss: 18.260, ENC Train loss: 0.823, Train accuracy: 0.766, Keep percentage: 0.51
Train step: 4620/7200, GEN Train loss: 15.771, ENC Train loss: 0.813, Train accuracy: 0.703, Keep percentage: 0.48
Train step: 4630/7200, GEN Train loss: 6.850, ENC Train loss: 0.549, Train accuracy: 0.812, Keep percentage: 0.50
Train step: 4640/7200, GEN Train loss: 12.901, ENC Train loss: 0.886, Train accuracy: 0.766, Keep percentage: 0.53
Train step: 4650/7200, GEN Train loss: 10.250, ENC Train loss: 0.778, Train accuracy: 0.734, Keep percentage: 0.49
Train step: 4660/7200, GEN Train loss: 9.904, ENC Train loss: 0.794, Train accuracy: 0.734, Keep percentage: 0.48
Train step: 4670/7200, GEN Train loss: 19.315, ENC Train loss: 0.961, Train accuracy: 0.672, Keep percentage: 0.46
Train step: 4680/7200, GEN Train loss: 15.604, ENC Train loss: 0.866, Train accuracy: 0.766, Keep percentage: 0.52
Train step: 4690/7200, GEN Train loss: 9.280, ENC Train loss: 0.837, Train accuracy: 0.750, Keep percentage: 0.51
Train step: 4700/7200, GEN Train loss: 14.252, ENC Train loss: 0.979, Train accuracy: 0.641, Keep percentage: 0.46
=============== MODEL VALIDATING ===============
Testing on 1020 data:
+ Validation accuracy: 0.676
+ Keep percentage: 0.50
Train step: 4710/7200, GEN Train loss: 15.773, ENC Train loss: 1.034, Train accuracy: 0.594, Keep percentage: 0.47
Train step: 4720/7200, GEN Train loss: 12.697, ENC Train loss: 0.964, Train accuracy: 0.719, Keep percentage: 0.51
Train step: 4730/7200, GEN Train loss: 14.060, ENC Train loss: 1.014, Train accuracy: 0.656, Keep percentage: 0.49
Train step: 4740/7200, GEN Train loss: 17.536, ENC Train loss: 1.054, Train accuracy: 0.625, Keep percentage: 0.48
Train step: 4750/7200, GEN Train loss: 14.442, ENC Train loss: 0.947, Train accuracy: 0.672, Keep percentage: 0.49
Train step: 4760/7200, GEN Train loss: 14.840, ENC Train loss: 0.856, Train accuracy: 0.703, Keep percentage: 0.52
Train step: 4770/7200, GEN Train loss: 15.862, ENC Train loss: 0.880, Train accuracy: 0.656, Keep percentage: 0.52
Train step: 4780/7200, GEN Train loss: 16.332, ENC Train loss: 1.071, Train accuracy: 0.578, Keep percentage: 0.47
Train step: 4790/7200, GEN Train loss: 14.633, ENC Train loss: 0.918, Train accuracy: 0.688, Keep percentage: 0.49
Train step: 4800/7200, GEN Train loss: 18.347, ENC Train loss: 0.913, Train accuracy: 0.703, Keep percentage: 0.51
=============== MODEL VALIDATING ===============
Testing on 1020 data:
+ Validation accuracy: 0.675
+ Keep percentage: 0.50
Train step: 4810/7200, GEN Train loss: 11.607, ENC Train loss: 0.761, Train accuracy: 0.781, Keep percentage: 0.51
Train step: 4820/7200, GEN Train loss: 15.365, ENC Train loss: 0.964, Train accuracy: 0.688, Keep percentage: 0.53
Train step: 4830/7200, GEN Train loss: 10.586, ENC Train loss: 0.764, Train accuracy: 0.797, Keep percentage: 0.50
Train step: 4840/7200, GEN Train loss: 17.443, ENC Train loss: 0.968, Train accuracy: 0.672, Keep percentage: 0.51
Train step: 4850/7200, GEN Train loss: 18.328, ENC Train loss: 1.102, Train accuracy: 0.562, Keep percentage: 0.50
Train step: 4860/7200, GEN Train loss: 12.942, ENC Train loss: 0.849, Train accuracy: 0.734, Keep percentage: 0.51
Train step: 4870/7200, GEN Train loss: 12.810, ENC Train loss: 0.840, Train accuracy: 0.703, Keep percentage: 0.51
Train step: 4880/7200, GEN Train loss: 13.229, ENC Train loss: 1.060, Train accuracy: 0.656, Keep percentage: 0.50
Train step: 4890/7200, GEN Train loss: 15.604, ENC Train loss: 1.126, Train accuracy: 0.672, Keep percentage: 0.50
Train step: 4900/7200, GEN Train loss: 12.991, ENC Train loss: 0.852, Train accuracy: 0.734, Keep percentage: 0.49
=============== MODEL VALIDATING ===============
Testing on 1020 data:
+ Validation accuracy: 0.667
+ Keep percentage: 0.50
Train step: 4910/7200, GEN Train loss: 10.072, ENC Train loss: 0.765, Train accuracy: 0.750, Keep percentage: 0.51
Train step: 4920/7200, GEN Train loss: 18.146, ENC Train loss: 0.903, Train accuracy: 0.688, Keep percentage: 0.54
Train step: 4930/7200, GEN Train loss: 14.293, ENC Train loss: 1.031, Train accuracy: 0.656, Keep percentage: 0.51
Train step: 4940/7200, GEN Train loss: 13.486, ENC Train loss: 0.884, Train accuracy: 0.688, Keep percentage: 0.53
Train step: 4950/7200, GEN Train loss: 17.678, ENC Train loss: 0.797, Train accuracy: 0.688, Keep percentage: 0.52
Train step: 4960/7200, GEN Train loss: 11.259, ENC Train loss: 0.855, Train accuracy: 0.719, Keep percentage: 0.49
Train step: 4970/7200, GEN Train loss: 17.665, ENC Train loss: 0.980, Train accuracy: 0.703, Keep percentage: 0.50
Train step: 4980/7200, GEN Train loss: 12.035, ENC Train loss: 0.914, Train accuracy: 0.688, Keep percentage: 0.47
Train step: 4990/7200, GEN Train loss: 15.200, ENC Train loss: 0.914, Train accuracy: 0.688, Keep percentage: 0.49
Train step: 5000/7200, GEN Train loss: 13.994, ENC Train loss: 0.878, Train accuracy: 0.703, Keep percentage: 0.50
=============== MODEL VALIDATING ===============
Testing on 1020 data:
+ Validation accuracy: 0.678
+ Keep percentage: 0.50
Train step: 5010/7200, GEN Train loss: 9.337, ENC Train loss: 0.709, Train accuracy: 0.781, Keep percentage: 0.50
Train step: 5020/7200, GEN Train loss: 13.555, ENC Train loss: 0.889, Train accuracy: 0.688, Keep percentage: 0.48
Train step: 5030/7200, GEN Train loss: 10.015, ENC Train loss: 0.657, Train accuracy: 0.828, Keep percentage: 0.52
Train step: 5040/7200, GEN Train loss: 11.118, ENC Train loss: 0.844, Train accuracy: 0.714, Keep percentage: 0.50
Train step: 5050/7200, GEN Train loss: 21.668, ENC Train loss: 1.008, Train accuracy: 0.719, Keep percentage: 0.50
Train step: 5060/7200, GEN Train loss: 11.559, ENC Train loss: 0.794, Train accuracy: 0.719, Keep percentage: 0.51
Train step: 5070/7200, GEN Train loss: 12.347, ENC Train loss: 0.938, Train accuracy: 0.703, Keep percentage: 0.49
Train step: 5080/7200, GEN Train loss: 12.081, ENC Train loss: 0.830, Train accuracy: 0.750, Keep percentage: 0.51
Train step: 5090/7200, GEN Train loss: 14.106, ENC Train loss: 0.969, Train accuracy: 0.672, Keep percentage: 0.50
Train step: 5100/7200, GEN Train loss: 20.621, ENC Train loss: 0.992, Train accuracy: 0.734, Keep percentage: 0.50
=============== MODEL VALIDATING ===============
Testing on 1020 data:
+ Validation accuracy: 0.665
+ Keep percentage: 0.50
Train step: 5110/7200, GEN Train loss: 15.512, ENC Train loss: 1.066, Train accuracy: 0.750, Keep percentage: 0.52
Train step: 5120/7200, GEN Train loss: 10.477, ENC Train loss: 0.720, Train accuracy: 0.844, Keep percentage: 0.54
Train step: 5130/7200, GEN Train loss: 10.860, ENC Train loss: 0.712, Train accuracy: 0.734, Keep percentage: 0.50
Train step: 5140/7200, GEN Train loss: 13.202, ENC Train loss: 0.866, Train accuracy: 0.750, Keep percentage: 0.52
Train step: 5150/7200, GEN Train loss: 11.220, ENC Train loss: 0.704, Train accuracy: 0.797, Keep percentage: 0.51
Train step: 5160/7200, GEN Train loss: 11.073, ENC Train loss: 0.940, Train accuracy: 0.656, Keep percentage: 0.50
Train step: 5170/7200, GEN Train loss: 12.909, ENC Train loss: 0.980, Train accuracy: 0.672, Keep percentage: 0.48
Train step: 5180/7200, GEN Train loss: 15.660, ENC Train loss: 0.941, Train accuracy: 0.688, Keep percentage: 0.50
Train step: 5190/7200, GEN Train loss: 21.550, ENC Train loss: 0.840, Train accuracy: 0.750, Keep percentage: 0.50
Train step: 5200/7200, GEN Train loss: 10.304, ENC Train loss: 0.743, Train accuracy: 0.766, Keep percentage: 0.50
=============== MODEL VALIDATING ===============
Testing on 1020 data:
+ Validation accuracy: 0.683
+ Keep percentage: 0.50
Train step: 5210/7200, GEN Train loss: 13.267, ENC Train loss: 0.798, Train accuracy: 0.797, Keep percentage: 0.48
Train step: 5220/7200, GEN Train loss: 17.830, ENC Train loss: 0.919, Train accuracy: 0.688, Keep percentage: 0.48
Train step: 5230/7200, GEN Train loss: 11.711, ENC Train loss: 0.805, Train accuracy: 0.703, Keep percentage: 0.48
Train step: 5240/7200, GEN Train loss: 11.052, ENC Train loss: 0.759, Train accuracy: 0.781, Keep percentage: 0.52
Train step: 5250/7200, GEN Train loss: 10.418, ENC Train loss: 0.752, Train accuracy: 0.750, Keep percentage: 0.51
Train step: 5260/7200, GEN Train loss: 9.104, ENC Train loss: 0.657, Train accuracy: 0.797, Keep percentage: 0.51
Train step: 5270/7200, GEN Train loss: 11.418, ENC Train loss: 0.867, Train accuracy: 0.656, Keep percentage: 0.51
Train step: 5280/7200, GEN Train loss: 15.249, ENC Train loss: 0.846, Train accuracy: 0.734, Keep percentage: 0.54
Train step: 5290/7200, GEN Train loss: 11.808, ENC Train loss: 0.774, Train accuracy: 0.734, Keep percentage: 0.52
Train step: 5300/7200, GEN Train loss: 12.598, ENC Train loss: 0.790, Train accuracy: 0.703, Keep percentage: 0.52
=============== MODEL VALIDATING ===============
Testing on 1020 data:
+ Validation accuracy: 0.656
+ Keep percentage: 0.50
Train step: 5310/7200, GEN Train loss: 13.616, ENC Train loss: 0.935, Train accuracy: 0.750, Keep percentage: 0.49
Train step: 5320/7200, GEN Train loss: 11.203, ENC Train loss: 0.808, Train accuracy: 0.750, Keep percentage: 0.48
Train step: 5330/7200, GEN Train loss: 8.373, ENC Train loss: 0.711, Train accuracy: 0.797, Keep percentage: 0.53
Train step: 5340/7200, GEN Train loss: 10.763, ENC Train loss: 0.817, Train accuracy: 0.734, Keep percentage: 0.49
Train step: 5350/7200, GEN Train loss: 11.788, ENC Train loss: 0.810, Train accuracy: 0.656, Keep percentage: 0.51
Train step: 5360/7200, GEN Train loss: 11.364, ENC Train loss: 0.863, Train accuracy: 0.703, Keep percentage: 0.49
Train step: 5370/7200, GEN Train loss: 9.104, ENC Train loss: 0.730, Train accuracy: 0.750, Keep percentage: 0.49
Train step: 5380/7200, GEN Train loss: 12.945, ENC Train loss: 0.747, Train accuracy: 0.781, Keep percentage: 0.52
Train step: 5390/7200, GEN Train loss: 10.178, ENC Train loss: 0.699, Train accuracy: 0.828, Keep percentage: 0.53
Train step: 5400/7200, GEN Train loss: 21.579, ENC Train loss: 0.973, Train accuracy: 0.734, Keep percentage: 0.52
=============== MODEL VALIDATING ===============
Testing on 1020 data:
+ Validation accuracy: 0.672
+ Keep percentage: 0.51
Train step: 5410/7200, GEN Train loss: 10.474, ENC Train loss: 0.944, Train accuracy: 0.672, Keep percentage: 0.49
Train step: 5420/7200, GEN Train loss: 13.011, ENC Train loss: 0.894, Train accuracy: 0.781, Keep percentage: 0.54
Train step: 5430/7200, GEN Train loss: 13.346, ENC Train loss: 1.013, Train accuracy: 0.734, Keep percentage: 0.47
Train step: 5440/7200, GEN Train loss: 11.961, ENC Train loss: 0.822, Train accuracy: 0.812, Keep percentage: 0.50
Train step: 5450/7200, GEN Train loss: 11.120, ENC Train loss: 0.891, Train accuracy: 0.781, Keep percentage: 0.49
Train step: 5460/7200, GEN Train loss: 10.490, ENC Train loss: 0.797, Train accuracy: 0.766, Keep percentage: 0.50
Train step: 5470/7200, GEN Train loss: 13.394, ENC Train loss: 1.017, Train accuracy: 0.625, Keep percentage: 0.49
Train step: 5480/7200, GEN Train loss: 13.884, ENC Train loss: 0.910, Train accuracy: 0.625, Keep percentage: 0.51
Train step: 5490/7200, GEN Train loss: 15.144, ENC Train loss: 1.040, Train accuracy: 0.656, Keep percentage: 0.49
Train step: 5500/7200, GEN Train loss: 11.871, ENC Train loss: 0.901, Train accuracy: 0.703, Keep percentage: 0.48
=============== MODEL VALIDATING ===============
Testing on 1020 data:
+ Validation accuracy: 0.665
+ Keep percentage: 0.50
Train step: 5510/7200, GEN Train loss: 12.247, ENC Train loss: 0.841, Train accuracy: 0.656, Keep percentage: 0.47
Train step: 5520/7200, GEN Train loss: 23.008, ENC Train loss: 0.976, Train accuracy: 0.688, Keep percentage: 0.48
Train step: 5530/7200, GEN Train loss: 15.462, ENC Train loss: 1.014, Train accuracy: 0.688, Keep percentage: 0.52
Train step: 5540/7200, GEN Train loss: 13.988, ENC Train loss: 0.961, Train accuracy: 0.703, Keep percentage: 0.54
Train step: 5550/7200, GEN Train loss: 12.895, ENC Train loss: 0.664, Train accuracy: 0.781, Keep percentage: 0.52
Train step: 5560/7200, GEN Train loss: 9.031, ENC Train loss: 0.766, Train accuracy: 0.797, Keep percentage: 0.50
Train step: 5570/7200, GEN Train loss: 12.757, ENC Train loss: 0.876, Train accuracy: 0.688, Keep percentage: 0.47
Train step: 5580/7200, GEN Train loss: 14.172, ENC Train loss: 0.818, Train accuracy: 0.734, Keep percentage: 0.51
Train step: 5590/7200, GEN Train loss: 8.046, ENC Train loss: 0.725, Train accuracy: 0.797, Keep percentage: 0.51
Train step: 5600/7200, GEN Train loss: 8.726, ENC Train loss: 0.629, Train accuracy: 0.797, Keep percentage: 0.51
=============== MODEL VALIDATING ===============
Testing on 1020 data:
+ Validation accuracy: 0.660
+ Keep percentage: 0.50
Train step: 5610/7200, GEN Train loss: 17.493, ENC Train loss: 0.870, Train accuracy: 0.719, Keep percentage: 0.50
Train step: 5620/7200, GEN Train loss: 8.149, ENC Train loss: 0.784, Train accuracy: 0.734, Keep percentage: 0.50
Train step: 5630/7200, GEN Train loss: 9.971, ENC Train loss: 0.719, Train accuracy: 0.750, Keep percentage: 0.48
Train step: 5640/7200, GEN Train loss: 11.858, ENC Train loss: 0.815, Train accuracy: 0.719, Keep percentage: 0.48
Train step: 5650/7200, GEN Train loss: 10.086, ENC Train loss: 0.728, Train accuracy: 0.766, Keep percentage: 0.51
Train step: 5660/7200, GEN Train loss: 16.979, ENC Train loss: 0.980, Train accuracy: 0.656, Keep percentage: 0.51
Train step: 5670/7200, GEN Train loss: 15.049, ENC Train loss: 0.987, Train accuracy: 0.641, Keep percentage: 0.51
Train step: 5680/7200, GEN Train loss: 9.697, ENC Train loss: 0.823, Train accuracy: 0.672, Keep percentage: 0.48
Train step: 5690/7200, GEN Train loss: 16.744, ENC Train loss: 0.929, Train accuracy: 0.766, Keep percentage: 0.51
Train step: 5700/7200, GEN Train loss: 15.137, ENC Train loss: 1.040, Train accuracy: 0.672, Keep percentage: 0.50
=============== MODEL VALIDATING ===============
Testing on 1020 data:
+ Validation accuracy: 0.674
+ Keep percentage: 0.50
Train step: 5710/7200, GEN Train loss: 16.842, ENC Train loss: 1.056, Train accuracy: 0.688, Keep percentage: 0.51
Train step: 5720/7200, GEN Train loss: 9.111, ENC Train loss: 0.730, Train accuracy: 0.781, Keep percentage: 0.45
Train step: 5730/7200, GEN Train loss: 8.208, ENC Train loss: 0.623, Train accuracy: 0.781, Keep percentage: 0.50
Train step: 5740/7200, GEN Train loss: 12.257, ENC Train loss: 0.982, Train accuracy: 0.688, Keep percentage: 0.50
Train step: 5750/7200, GEN Train loss: 17.652, ENC Train loss: 1.019, Train accuracy: 0.578, Keep percentage: 0.51
Train step: 5760/7200, GEN Train loss: 14.104, ENC Train loss: 0.783, Train accuracy: 0.679, Keep percentage: 0.50
Train step: 5770/7200, GEN Train loss: 14.948, ENC Train loss: 0.744, Train accuracy: 0.781, Keep percentage: 0.49
Train step: 5780/7200, GEN Train loss: 17.148, ENC Train loss: 1.125, Train accuracy: 0.625, Keep percentage: 0.50
Train step: 5790/7200, GEN Train loss: 13.475, ENC Train loss: 0.845, Train accuracy: 0.688, Keep percentage: 0.52
Train step: 5800/7200, GEN Train loss: 12.646, ENC Train loss: 0.912, Train accuracy: 0.719, Keep percentage: 0.51
=============== MODEL VALIDATING ===============
Testing on 1020 data:
+ Validation accuracy: 0.667
+ Keep percentage: 0.50
Train step: 5810/7200, GEN Train loss: 9.977, ENC Train loss: 0.758, Train accuracy: 0.719, Keep percentage: 0.50
Train step: 5820/7200, GEN Train loss: 11.828, ENC Train loss: 0.683, Train accuracy: 0.797, Keep percentage: 0.52
Train step: 5830/7200, GEN Train loss: 8.262, ENC Train loss: 0.596, Train accuracy: 0.859, Keep percentage: 0.47
Train step: 5840/7200, GEN Train loss: 9.333, ENC Train loss: 0.612, Train accuracy: 0.812, Keep percentage: 0.50
Train step: 5850/7200, GEN Train loss: 14.379, ENC Train loss: 0.864, Train accuracy: 0.719, Keep percentage: 0.51
Train step: 5860/7200, GEN Train loss: 15.419, ENC Train loss: 0.967, Train accuracy: 0.672, Keep percentage: 0.53
Train step: 5870/7200, GEN Train loss: 12.698, ENC Train loss: 0.872, Train accuracy: 0.703, Keep percentage: 0.49
Train step: 5880/7200, GEN Train loss: 10.897, ENC Train loss: 0.873, Train accuracy: 0.734, Keep percentage: 0.50
Train step: 5890/7200, GEN Train loss: 18.707, ENC Train loss: 1.038, Train accuracy: 0.625, Keep percentage: 0.49
Train step: 5900/7200, GEN Train loss: 16.619, ENC Train loss: 0.959, Train accuracy: 0.750, Keep percentage: 0.52
=============== MODEL VALIDATING ===============
Testing on 1020 data:
+ Validation accuracy: 0.682
+ Keep percentage: 0.49
Train step: 5910/7200, GEN Train loss: 9.654, ENC Train loss: 0.733, Train accuracy: 0.719, Keep percentage: 0.47
Train step: 5920/7200, GEN Train loss: 13.761, ENC Train loss: 0.709, Train accuracy: 0.719, Keep percentage: 0.52
Train step: 5930/7200, GEN Train loss: 18.782, ENC Train loss: 1.084, Train accuracy: 0.625, Keep percentage: 0.47
Train step: 5940/7200, GEN Train loss: 14.343, ENC Train loss: 1.089, Train accuracy: 0.672, Keep percentage: 0.50
Train step: 5950/7200, GEN Train loss: 17.283, ENC Train loss: 0.860, Train accuracy: 0.781, Keep percentage: 0.54
Train step: 5960/7200, GEN Train loss: 15.607, ENC Train loss: 1.126, Train accuracy: 0.719, Keep percentage: 0.47
Train step: 5970/7200, GEN Train loss: 12.232, ENC Train loss: 0.840, Train accuracy: 0.781, Keep percentage: 0.46
Train step: 5980/7200, GEN Train loss: 9.009, ENC Train loss: 0.591, Train accuracy: 0.828, Keep percentage: 0.49
Train step: 5990/7200, GEN Train loss: 13.886, ENC Train loss: 0.954, Train accuracy: 0.656, Keep percentage: 0.52
Train step: 6000/7200, GEN Train loss: 8.089, ENC Train loss: 0.686, Train accuracy: 0.750, Keep percentage: 0.50
=============== MODEL VALIDATING ===============
Testing on 1020 data:
+ Validation accuracy: 0.663
+ Keep percentage: 0.50
Train step: 6010/7200, GEN Train loss: 25.521, ENC Train loss: 0.995, Train accuracy: 0.797, Keep percentage: 0.52
Train step: 6020/7200, GEN Train loss: 12.669, ENC Train loss: 0.870, Train accuracy: 0.688, Keep percentage: 0.49
Train step: 6030/7200, GEN Train loss: 11.134, ENC Train loss: 0.845, Train accuracy: 0.656, Keep percentage: 0.53
Train step: 6040/7200, GEN Train loss: 14.079, ENC Train loss: 1.016, Train accuracy: 0.656, Keep percentage: 0.46
Train step: 6050/7200, GEN Train loss: 19.688, ENC Train loss: 1.235, Train accuracy: 0.688, Keep percentage: 0.50
Train step: 6060/7200, GEN Train loss: 8.490, ENC Train loss: 0.680, Train accuracy: 0.750, Keep percentage: 0.53
Train step: 6070/7200, GEN Train loss: 10.770, ENC Train loss: 0.706, Train accuracy: 0.781, Keep percentage: 0.48
Train step: 6080/7200, GEN Train loss: 14.393, ENC Train loss: 0.989, Train accuracy: 0.625, Keep percentage: 0.51
Train step: 6090/7200, GEN Train loss: 10.552, ENC Train loss: 0.725, Train accuracy: 0.797, Keep percentage: 0.50
Train step: 6100/7200, GEN Train loss: 10.955, ENC Train loss: 0.878, Train accuracy: 0.734, Keep percentage: 0.52
=============== MODEL VALIDATING ===============
Testing on 1020 data:
+ Validation accuracy: 0.673
+ Keep percentage: 0.50
Train step: 6110/7200, GEN Train loss: 14.923, ENC Train loss: 0.979, Train accuracy: 0.688, Keep percentage: 0.49
Train step: 6120/7200, GEN Train loss: 9.656, ENC Train loss: 0.697, Train accuracy: 0.703, Keep percentage: 0.49
Train step: 6130/7200, GEN Train loss: 17.971, ENC Train loss: 0.997, Train accuracy: 0.641, Keep percentage: 0.49
Train step: 6140/7200, GEN Train loss: 19.280, ENC Train loss: 0.869, Train accuracy: 0.750, Keep percentage: 0.47
Train step: 6150/7200, GEN Train loss: 10.950, ENC Train loss: 0.878, Train accuracy: 0.719, Keep percentage: 0.53
Train step: 6160/7200, GEN Train loss: 9.928, ENC Train loss: 0.843, Train accuracy: 0.688, Keep percentage: 0.49
Train step: 6170/7200, GEN Train loss: 14.417, ENC Train loss: 0.990, Train accuracy: 0.719, Keep percentage: 0.48
Train step: 6180/7200, GEN Train loss: 11.503, ENC Train loss: 0.830, Train accuracy: 0.703, Keep percentage: 0.50
Train step: 6190/7200, GEN Train loss: 15.523, ENC Train loss: 0.700, Train accuracy: 0.766, Keep percentage: 0.52
Train step: 6200/7200, GEN Train loss: 20.300, ENC Train loss: 1.010, Train accuracy: 0.703, Keep percentage: 0.50
=============== MODEL VALIDATING ===============
Testing on 1020 data:
+ Validation accuracy: 0.686
+ Keep percentage: 0.50
Train step: 6210/7200, GEN Train loss: 11.242, ENC Train loss: 0.705, Train accuracy: 0.812, Keep percentage: 0.51
Train step: 6220/7200, GEN Train loss: 10.860, ENC Train loss: 0.746, Train accuracy: 0.797, Keep percentage: 0.53
Train step: 6230/7200, GEN Train loss: 8.673, ENC Train loss: 0.659, Train accuracy: 0.797, Keep percentage: 0.53
Train step: 6240/7200, GEN Train loss: 14.875, ENC Train loss: 0.825, Train accuracy: 0.734, Keep percentage: 0.50
Train step: 6250/7200, GEN Train loss: 12.070, ENC Train loss: 1.024, Train accuracy: 0.609, Keep percentage: 0.50
Train step: 6260/7200, GEN Train loss: 12.299, ENC Train loss: 0.771, Train accuracy: 0.719, Keep percentage: 0.50
Train step: 6270/7200, GEN Train loss: 13.875, ENC Train loss: 1.112, Train accuracy: 0.672, Keep percentage: 0.50
Train step: 6280/7200, GEN Train loss: 9.090, ENC Train loss: 0.729, Train accuracy: 0.766, Keep percentage: 0.50
Train step: 6290/7200, GEN Train loss: 16.198, ENC Train loss: 0.779, Train accuracy: 0.766, Keep percentage: 0.48
Train step: 6300/7200, GEN Train loss: 12.370, ENC Train loss: 0.892, Train accuracy: 0.719, Keep percentage: 0.48
=============== MODEL VALIDATING ===============
Testing on 1020 data:
+ Validation accuracy: 0.666
+ Keep percentage: 0.50
Train step: 6310/7200, GEN Train loss: 13.057, ENC Train loss: 0.724, Train accuracy: 0.781, Keep percentage: 0.50
Train step: 6320/7200, GEN Train loss: 11.474, ENC Train loss: 0.920, Train accuracy: 0.734, Keep percentage: 0.47
Train step: 6330/7200, GEN Train loss: 12.368, ENC Train loss: 0.850, Train accuracy: 0.734, Keep percentage: 0.53
Train step: 6340/7200, GEN Train loss: 10.757, ENC Train loss: 0.817, Train accuracy: 0.719, Keep percentage: 0.52
Train step: 6350/7200, GEN Train loss: 11.884, ENC Train loss: 0.779, Train accuracy: 0.750, Keep percentage: 0.51
Train step: 6360/7200, GEN Train loss: 13.614, ENC Train loss: 0.786, Train accuracy: 0.750, Keep percentage: 0.50
Train step: 6370/7200, GEN Train loss: 11.045, ENC Train loss: 0.797, Train accuracy: 0.734, Keep percentage: 0.51
Train step: 6380/7200, GEN Train loss: 11.511, ENC Train loss: 0.977, Train accuracy: 0.641, Keep percentage: 0.48
Train step: 6390/7200, GEN Train loss: 18.829, ENC Train loss: 1.235, Train accuracy: 0.609, Keep percentage: 0.49
Train step: 6400/7200, GEN Train loss: 15.913, ENC Train loss: 0.792, Train accuracy: 0.781, Keep percentage: 0.52
=============== MODEL VALIDATING ===============
Testing on 1020 data:
+ Validation accuracy: 0.679
+ Keep percentage: 0.50
Train step: 6410/7200, GEN Train loss: 18.462, ENC Train loss: 0.918, Train accuracy: 0.719, Keep percentage: 0.51
Train step: 6420/7200, GEN Train loss: 10.976, ENC Train loss: 0.792, Train accuracy: 0.750, Keep percentage: 0.48
Train step: 6430/7200, GEN Train loss: 22.142, ENC Train loss: 1.141, Train accuracy: 0.625, Keep percentage: 0.49
Train step: 6440/7200, GEN Train loss: 12.572, ENC Train loss: 0.907, Train accuracy: 0.703, Keep percentage: 0.54
Train step: 6450/7200, GEN Train loss: 10.704, ENC Train loss: 0.772, Train accuracy: 0.734, Keep percentage: 0.48
Train step: 6460/7200, GEN Train loss: 12.194, ENC Train loss: 0.800, Train accuracy: 0.750, Keep percentage: 0.48
Train step: 6470/7200, GEN Train loss: 16.326, ENC Train loss: 1.071, Train accuracy: 0.672, Keep percentage: 0.49
Train step: 6480/7200, GEN Train loss: 9.120, ENC Train loss: 0.822, Train accuracy: 0.679, Keep percentage: 0.47
Train step: 6490/7200, GEN Train loss: 9.058, ENC Train loss: 0.769, Train accuracy: 0.766, Keep percentage: 0.51
Train step: 6500/7200, GEN Train loss: 11.064, ENC Train loss: 0.760, Train accuracy: 0.766, Keep percentage: 0.52
=============== MODEL VALIDATING ===============
Testing on 1020 data:
+ Validation accuracy: 0.677
+ Keep percentage: 0.50
Train step: 6510/7200, GEN Train loss: 12.730, ENC Train loss: 0.765, Train accuracy: 0.750, Keep percentage: 0.53
Train step: 6520/7200, GEN Train loss: 12.389, ENC Train loss: 0.993, Train accuracy: 0.719, Keep percentage: 0.50
Train step: 6530/7200, GEN Train loss: 18.276, ENC Train loss: 0.942, Train accuracy: 0.703, Keep percentage: 0.52
Train step: 6540/7200, GEN Train loss: 12.331, ENC Train loss: 0.847, Train accuracy: 0.781, Keep percentage: 0.53
Train step: 6550/7200, GEN Train loss: 11.189, ENC Train loss: 0.769, Train accuracy: 0.734, Keep percentage: 0.50
Train step: 6560/7200, GEN Train loss: 11.347, ENC Train loss: 0.780, Train accuracy: 0.781, Keep percentage: 0.50
Train step: 6570/7200, GEN Train loss: 12.324, ENC Train loss: 0.847, Train accuracy: 0.734, Keep percentage: 0.49
Train step: 6580/7200, GEN Train loss: 10.724, ENC Train loss: 0.910, Train accuracy: 0.672, Keep percentage: 0.49
Train step: 6590/7200, GEN Train loss: 19.947, ENC Train loss: 0.899, Train accuracy: 0.719, Keep percentage: 0.51
Train step: 6600/7200, GEN Train loss: 9.922, ENC Train loss: 0.716, Train accuracy: 0.797, Keep percentage: 0.46
=============== MODEL VALIDATING ===============
Testing on 1020 data:
+ Validation accuracy: 0.669
+ Keep percentage: 0.49
Train step: 6610/7200, GEN Train loss: 13.719, ENC Train loss: 1.100, Train accuracy: 0.688, Keep percentage: 0.51
Train step: 6620/7200, GEN Train loss: 11.112, ENC Train loss: 0.891, Train accuracy: 0.688, Keep percentage: 0.53
Train step: 6630/7200, GEN Train loss: 11.425, ENC Train loss: 0.749, Train accuracy: 0.797, Keep percentage: 0.50
Train step: 6640/7200, GEN Train loss: 9.669, ENC Train loss: 0.664, Train accuracy: 0.828, Keep percentage: 0.51
Train step: 6650/7200, GEN Train loss: 13.285, ENC Train loss: 0.871, Train accuracy: 0.766, Keep percentage: 0.54
Train step: 6660/7200, GEN Train loss: 10.744, ENC Train loss: 0.816, Train accuracy: 0.734, Keep percentage: 0.49
Train step: 6670/7200, GEN Train loss: 17.144, ENC Train loss: 0.853, Train accuracy: 0.719, Keep percentage: 0.51
Train step: 6680/7200, GEN Train loss: 12.579, ENC Train loss: 0.825, Train accuracy: 0.656, Keep percentage: 0.51
Train step: 6690/7200, GEN Train loss: 19.981, ENC Train loss: 0.901, Train accuracy: 0.688, Keep percentage: 0.49
Train step: 6700/7200, GEN Train loss: 9.638, ENC Train loss: 0.695, Train accuracy: 0.766, Keep percentage: 0.50
=============== MODEL VALIDATING ===============
Testing on 1020 data:
+ Validation accuracy: 0.661
+ Keep percentage: 0.51
Train step: 6710/7200, GEN Train loss: 16.944, ENC Train loss: 0.978, Train accuracy: 0.656, Keep percentage: 0.51
Train step: 6720/7200, GEN Train loss: 16.149, ENC Train loss: 0.932, Train accuracy: 0.703, Keep percentage: 0.50
Train step: 6730/7200, GEN Train loss: 9.853, ENC Train loss: 0.836, Train accuracy: 0.797, Keep percentage: 0.53
Train step: 6740/7200, GEN Train loss: 13.522, ENC Train loss: 0.848, Train accuracy: 0.703, Keep percentage: 0.52
Train step: 6750/7200, GEN Train loss: 19.730, ENC Train loss: 1.095, Train accuracy: 0.641, Keep percentage: 0.51
Train step: 6760/7200, GEN Train loss: 16.716, ENC Train loss: 1.206, Train accuracy: 0.672, Keep percentage: 0.51
Train step: 6770/7200, GEN Train loss: 13.735, ENC Train loss: 0.991, Train accuracy: 0.703, Keep percentage: 0.49
Train step: 6780/7200, GEN Train loss: 17.745, ENC Train loss: 0.753, Train accuracy: 0.734, Keep percentage: 0.49
Train step: 6790/7200, GEN Train loss: 16.655, ENC Train loss: 0.924, Train accuracy: 0.781, Keep percentage: 0.51
Train step: 6800/7200, GEN Train loss: 12.824, ENC Train loss: 0.841, Train accuracy: 0.719, Keep percentage: 0.47
=============== MODEL VALIDATING ===============
Testing on 1020 data:
+ Validation accuracy: 0.678
+ Keep percentage: 0.49
Train step: 6810/7200, GEN Train loss: 8.744, ENC Train loss: 0.701, Train accuracy: 0.781, Keep percentage: 0.48
Train step: 6820/7200, GEN Train loss: 16.326, ENC Train loss: 0.981, Train accuracy: 0.672, Keep percentage: 0.51
Train step: 6830/7200, GEN Train loss: 17.834, ENC Train loss: 0.919, Train accuracy: 0.703, Keep percentage: 0.48
Train step: 6840/7200, GEN Train loss: 13.517, ENC Train loss: 0.780, Train accuracy: 0.750, Keep percentage: 0.49
Train step: 6850/7200, GEN Train loss: 11.603, ENC Train loss: 0.797, Train accuracy: 0.750, Keep percentage: 0.48
Train step: 6860/7200, GEN Train loss: 10.270, ENC Train loss: 0.706, Train accuracy: 0.812, Keep percentage: 0.51
Train step: 6870/7200, GEN Train loss: 11.304, ENC Train loss: 0.741, Train accuracy: 0.719, Keep percentage: 0.48
Train step: 6880/7200, GEN Train loss: 14.525, ENC Train loss: 0.806, Train accuracy: 0.703, Keep percentage: 0.49
Train step: 6890/7200, GEN Train loss: 10.668, ENC Train loss: 0.810, Train accuracy: 0.766, Keep percentage: 0.48
Train step: 6900/7200, GEN Train loss: 11.590, ENC Train loss: 0.727, Train accuracy: 0.781, Keep percentage: 0.51
=============== MODEL VALIDATING ===============
Testing on 1020 data:
+ Validation accuracy: 0.683
+ Keep percentage: 0.50
Train step: 6910/7200, GEN Train loss: 8.949, ENC Train loss: 0.807, Train accuracy: 0.719, Keep percentage: 0.50
Train step: 6920/7200, GEN Train loss: 21.302, ENC Train loss: 1.060, Train accuracy: 0.656, Keep percentage: 0.47
Train step: 6930/7200, GEN Train loss: 9.758, ENC Train loss: 0.670, Train accuracy: 0.797, Keep percentage: 0.49
Train step: 6940/7200, GEN Train loss: 14.040, ENC Train loss: 0.921, Train accuracy: 0.734, Keep percentage: 0.51
Train step: 6950/7200, GEN Train loss: 14.087, ENC Train loss: 1.070, Train accuracy: 0.672, Keep percentage: 0.45
Train step: 6960/7200, GEN Train loss: 13.160, ENC Train loss: 0.791, Train accuracy: 0.781, Keep percentage: 0.47
Train step: 6970/7200, GEN Train loss: 9.030, ENC Train loss: 0.686, Train accuracy: 0.781, Keep percentage: 0.50
Train step: 6980/7200, GEN Train loss: 15.695, ENC Train loss: 0.906, Train accuracy: 0.688, Keep percentage: 0.49
Train step: 6990/7200, GEN Train loss: 13.581, ENC Train loss: 0.852, Train accuracy: 0.719, Keep percentage: 0.48
Train step: 7000/7200, GEN Train loss: 17.909, ENC Train loss: 0.994, Train accuracy: 0.609, Keep percentage: 0.49
=============== MODEL VALIDATING ===============
Testing on 1020 data:
+ Validation accuracy: 0.693
+ Keep percentage: 0.50
Train step: 7010/7200, GEN Train loss: 14.413, ENC Train loss: 0.832, Train accuracy: 0.688, Keep percentage: 0.50
Train step: 7020/7200, GEN Train loss: 10.226, ENC Train loss: 0.703, Train accuracy: 0.766, Keep percentage: 0.51
Train step: 7030/7200, GEN Train loss: 20.666, ENC Train loss: 0.962, Train accuracy: 0.734, Keep percentage: 0.50
Train step: 7040/7200, GEN Train loss: 16.336, ENC Train loss: 1.178, Train accuracy: 0.719, Keep percentage: 0.53
Train step: 7050/7200, GEN Train loss: 12.596, ENC Train loss: 0.956, Train accuracy: 0.719, Keep percentage: 0.50
Train step: 7060/7200, GEN Train loss: 14.872, ENC Train loss: 1.022, Train accuracy: 0.688, Keep percentage: 0.46
Train step: 7070/7200, GEN Train loss: 12.544, ENC Train loss: 0.823, Train accuracy: 0.688, Keep percentage: 0.49
Train step: 7080/7200, GEN Train loss: 12.020, ENC Train loss: 0.788, Train accuracy: 0.703, Keep percentage: 0.55
Train step: 7090/7200, GEN Train loss: 8.530, ENC Train loss: 0.684, Train accuracy: 0.766, Keep percentage: 0.45
Train step: 7100/7200, GEN Train loss: 13.109, ENC Train loss: 0.788, Train accuracy: 0.703, Keep percentage: 0.50
=============== MODEL VALIDATING ===============
Testing on 1020 data:
+ Validation accuracy: 0.679
+ Keep percentage: 0.50
Train step: 7110/7200, GEN Train loss: 18.284, ENC Train loss: 0.879, Train accuracy: 0.703, Keep percentage: 0.49
Train step: 7120/7200, GEN Train loss: 12.193, ENC Train loss: 0.926, Train accuracy: 0.656, Keep percentage: 0.52
Train step: 7130/7200, GEN Train loss: 12.568, ENC Train loss: 0.756, Train accuracy: 0.734, Keep percentage: 0.51
Train step: 7140/7200, GEN Train loss: 10.396, ENC Train loss: 0.714, Train accuracy: 0.781, Keep percentage: 0.51
Train step: 7150/7200, GEN Train loss: 9.903, ENC Train loss: 0.752, Train accuracy: 0.781, Keep percentage: 0.47
Train step: 7160/7200, GEN Train loss: 15.861, ENC Train loss: 0.715, Train accuracy: 0.797, Keep percentage: 0.49
Train step: 7170/7200, GEN Train loss: 10.060, ENC Train loss: 0.726, Train accuracy: 0.766, Keep percentage: 0.49
Train step: 7180/7200, GEN Train loss: 9.921, ENC Train loss: 0.795, Train accuracy: 0.797, Keep percentage: 0.49
Train step: 7190/7200, GEN Train loss: 10.279, ENC Train loss: 0.706, Train accuracy: 0.734, Keep percentage: 0.51
Train step: 7200/7200, GEN Train loss: 6.143, ENC Train loss: 0.492, Train accuracy: 0.893, Keep percentage: 0.50
=============== MODEL VALIDATING ===============
Testing on 1020 data:
+ Validation accuracy: 0.683
+ Keep percentage: 0.50
