=============== HYPERPARAMETER SETTING ===============
mode : train
lr : 0.001
epochs : 10
batch_size : 64
num_hidden : 256
max_norm : 5.0
lstm_layer : 2
lstm_bidirectional : True
embed_trainable : True
=============== DATA PROCESSING ===============
Statistics of Label Mapping:
* Class: {0: 'ABBREVIATION', 1: 'ENTITY', 2: 'DESCRIPTION', 3: 'HUMAN', 4: 'LOCATION', 5: 'NUMERIC'}
+ Total: 6
Statistics of Training Set:
* Number of data in class ABB: 180
* Number of data in class ENT: 1800
* Number of data in class DES: 1800
* Number of data in class HUM: 1800
* Number of data in class LOC: 1800
* Number of data in class NUM: 1800
+ Total: 9180
Statistics of Validation Set:
* Number of data in class ABB: 20
* Number of data in class ENT: 200
* Number of data in class DES: 200
* Number of data in class HUM: 200
* Number of data in class LOC: 200
* Number of data in class NUM: 200
+ Total: 1020
Statistics of Test Set:
* Number of data in class ABB: 9
* Number of data in class ENT: 94
* Number of data in class DES: 138
* Number of data in class HUM: 65
* Number of data in class LOC: 81
* Number of data in class NUM: 113
+ Total: 500
=============== LOAD EMBEDDINGS ===============
Embed shape: (4164, 300)
Vocab size: 4164
=============== MODEL TRAINING ===============
Train step: 10/1440, Train loss: 1.672948, Train accuracy: 0.281
Train step: 20/1440, Train loss: 1.694465, Train accuracy: 0.125
Train step: 30/1440, Train loss: 1.694488, Train accuracy: 0.219
Train step: 40/1440, Train loss: 1.653577, Train accuracy: 0.219
Train step: 50/1440, Train loss: 1.624286, Train accuracy: 0.188
Train step: 60/1440, Train loss: 1.632465, Train accuracy: 0.219
Train step: 70/1440, Train loss: 1.680680, Train accuracy: 0.250
Train step: 80/1440, Train loss: 1.720643, Train accuracy: 0.250
Train step: 90/1440, Train loss: 1.676603, Train accuracy: 0.234
Train step: 100/1440, Train loss: 1.466145, Train accuracy: 0.359
=============== MODEL VALIDATING ===============
Testing on 1020 data:
+ Validation accuracy: 0.359
New highscore! Saving model...
Train step: 110/1440, Train loss: 1.512316, Train accuracy: 0.281
Train step: 120/1440, Train loss: 1.636023, Train accuracy: 0.203
Train step: 130/1440, Train loss: 1.520172, Train accuracy: 0.281
Train step: 140/1440, Train loss: 1.497293, Train accuracy: 0.297
Train step: 150/1440, Train loss: 1.352163, Train accuracy: 0.391
Train step: 160/1440, Train loss: 1.387435, Train accuracy: 0.250
Train step: 170/1440, Train loss: 1.504599, Train accuracy: 0.281
Train step: 180/1440, Train loss: 1.496740, Train accuracy: 0.297
Train step: 190/1440, Train loss: 1.481533, Train accuracy: 0.359
Train step: 200/1440, Train loss: 1.427046, Train accuracy: 0.375
=============== MODEL VALIDATING ===============
Testing on 1020 data:
+ Validation accuracy: 0.281
Train step: 210/1440, Train loss: 1.606827, Train accuracy: 0.250
Train step: 220/1440, Train loss: 1.521958, Train accuracy: 0.297
Train step: 230/1440, Train loss: 1.434611, Train accuracy: 0.359
Train step: 240/1440, Train loss: 1.407741, Train accuracy: 0.328
Train step: 250/1440, Train loss: 1.419581, Train accuracy: 0.344
Train step: 260/1440, Train loss: 1.545702, Train accuracy: 0.375
Train step: 270/1440, Train loss: 1.460458, Train accuracy: 0.344
Train step: 280/1440, Train loss: 1.452683, Train accuracy: 0.266
Train step: 290/1440, Train loss: 1.424979, Train accuracy: 0.422
Train step: 300/1440, Train loss: 1.587944, Train accuracy: 0.312
=============== MODEL VALIDATING ===============
Testing on 1020 data:
+ Validation accuracy: 0.302
Train step: 310/1440, Train loss: 1.377136, Train accuracy: 0.375
Train step: 320/1440, Train loss: 1.469707, Train accuracy: 0.375
Train step: 330/1440, Train loss: 1.572899, Train accuracy: 0.344
Train step: 340/1440, Train loss: 1.417775, Train accuracy: 0.344
Train step: 350/1440, Train loss: 1.421521, Train accuracy: 0.391
Train step: 360/1440, Train loss: 1.472038, Train accuracy: 0.328
Train step: 370/1440, Train loss: 1.501043, Train accuracy: 0.375
Train step: 380/1440, Train loss: 1.368932, Train accuracy: 0.422
Train step: 390/1440, Train loss: 1.407911, Train accuracy: 0.328
Train step: 400/1440, Train loss: 1.293789, Train accuracy: 0.516
=============== MODEL VALIDATING ===============
Testing on 1020 data:
+ Validation accuracy: 0.380
New highscore! Saving model...
Train step: 410/1440, Train loss: 1.360899, Train accuracy: 0.328
Train step: 420/1440, Train loss: 1.331961, Train accuracy: 0.391
Train step: 430/1440, Train loss: 1.295884, Train accuracy: 0.516
Train step: 440/1440, Train loss: 1.420011, Train accuracy: 0.453
Train step: 450/1440, Train loss: 1.391998, Train accuracy: 0.359
Train step: 460/1440, Train loss: 1.234386, Train accuracy: 0.469
Train step: 470/1440, Train loss: 1.123312, Train accuracy: 0.531
Train step: 480/1440, Train loss: 1.361624, Train accuracy: 0.438
Train step: 490/1440, Train loss: 1.207912, Train accuracy: 0.391
Train step: 500/1440, Train loss: 1.118748, Train accuracy: 0.562
=============== MODEL VALIDATING ===============
Testing on 1020 data:
+ Validation accuracy: 0.468
New highscore! Saving model...
Train step: 510/1440, Train loss: 1.104541, Train accuracy: 0.578
Train step: 520/1440, Train loss: 1.209532, Train accuracy: 0.406
Train step: 530/1440, Train loss: 1.100388, Train accuracy: 0.625
Train step: 540/1440, Train loss: 1.134154, Train accuracy: 0.609
Train step: 550/1440, Train loss: 1.022271, Train accuracy: 0.641
Train step: 560/1440, Train loss: 1.041112, Train accuracy: 0.609
Train step: 570/1440, Train loss: 0.753164, Train accuracy: 0.703
Train step: 580/1440, Train loss: 0.745206, Train accuracy: 0.781
Train step: 590/1440, Train loss: 0.688541, Train accuracy: 0.750
Train step: 600/1440, Train loss: 0.773370, Train accuracy: 0.672
=============== MODEL VALIDATING ===============
Testing on 1020 data:
+ Validation accuracy: 0.680
New highscore! Saving model...
Train step: 610/1440, Train loss: 0.620892, Train accuracy: 0.734
Train step: 620/1440, Train loss: 0.720404, Train accuracy: 0.766
Train step: 630/1440, Train loss: 0.890694, Train accuracy: 0.641
Train step: 640/1440, Train loss: 0.682560, Train accuracy: 0.750
Train step: 650/1440, Train loss: 0.790822, Train accuracy: 0.672
Train step: 660/1440, Train loss: 0.740637, Train accuracy: 0.703
Train step: 670/1440, Train loss: 0.635840, Train accuracy: 0.781
Train step: 680/1440, Train loss: 0.790956, Train accuracy: 0.656
Train step: 690/1440, Train loss: 0.617446, Train accuracy: 0.812
Train step: 700/1440, Train loss: 1.025542, Train accuracy: 0.594
=============== MODEL VALIDATING ===============
Testing on 1020 data:
+ Validation accuracy: 0.747
New highscore! Saving model...
Train step: 710/1440, Train loss: 0.650530, Train accuracy: 0.734
Train step: 720/1440, Train loss: 0.430203, Train accuracy: 0.821
Train step: 730/1440, Train loss: 0.612563, Train accuracy: 0.812
Train step: 740/1440, Train loss: 0.459744, Train accuracy: 0.812
Train step: 750/1440, Train loss: 0.489141, Train accuracy: 0.750
Train step: 760/1440, Train loss: 0.325159, Train accuracy: 0.875
Train step: 770/1440, Train loss: 0.551592, Train accuracy: 0.781
Train step: 780/1440, Train loss: 0.528928, Train accuracy: 0.859
Train step: 790/1440, Train loss: 0.623815, Train accuracy: 0.750
Train step: 800/1440, Train loss: 0.562629, Train accuracy: 0.797
=============== MODEL VALIDATING ===============
Testing on 1020 data:
+ Validation accuracy: 0.804
New highscore! Saving model...
Train step: 810/1440, Train loss: 0.582970, Train accuracy: 0.828
Train step: 820/1440, Train loss: 0.536422, Train accuracy: 0.844
Train step: 830/1440, Train loss: 0.464320, Train accuracy: 0.844
Train step: 840/1440, Train loss: 0.558787, Train accuracy: 0.812
Train step: 850/1440, Train loss: 0.407646, Train accuracy: 0.859
Train step: 860/1440, Train loss: 0.483733, Train accuracy: 0.828
Train step: 870/1440, Train loss: 0.453692, Train accuracy: 0.859
Train step: 880/1440, Train loss: 0.435331, Train accuracy: 0.844
Train step: 890/1440, Train loss: 0.227854, Train accuracy: 0.938
Train step: 900/1440, Train loss: 0.493958, Train accuracy: 0.812
=============== MODEL VALIDATING ===============
Testing on 1020 data:
+ Validation accuracy: 0.854
New highscore! Saving model...
Train step: 910/1440, Train loss: 0.430295, Train accuracy: 0.859
Train step: 920/1440, Train loss: 0.400775, Train accuracy: 0.828
Train step: 930/1440, Train loss: 0.373931, Train accuracy: 0.875
Train step: 940/1440, Train loss: 0.569499, Train accuracy: 0.781
Train step: 950/1440, Train loss: 0.400044, Train accuracy: 0.875
Train step: 960/1440, Train loss: 0.565764, Train accuracy: 0.812
Train step: 970/1440, Train loss: 0.212220, Train accuracy: 0.906
Train step: 980/1440, Train loss: 0.369910, Train accuracy: 0.859
Train step: 990/1440, Train loss: 0.276245, Train accuracy: 0.891
Train step: 1000/1440, Train loss: 0.413416, Train accuracy: 0.859
=============== MODEL VALIDATING ===============
Testing on 1020 data:
+ Validation accuracy: 0.872
New highscore! Saving model...
Train step: 1010/1440, Train loss: 0.253923, Train accuracy: 0.906
Train step: 1020/1440, Train loss: 0.323098, Train accuracy: 0.906
Train step: 1030/1440, Train loss: 0.394129, Train accuracy: 0.844
Train step: 1040/1440, Train loss: 0.332220, Train accuracy: 0.859
Train step: 1050/1440, Train loss: 0.239307, Train accuracy: 0.922
Train step: 1060/1440, Train loss: 0.152563, Train accuracy: 0.969
Train step: 1070/1440, Train loss: 0.305475, Train accuracy: 0.906
Train step: 1080/1440, Train loss: 0.326746, Train accuracy: 0.906
Train step: 1090/1440, Train loss: 0.465375, Train accuracy: 0.859
Train step: 1100/1440, Train loss: 0.318509, Train accuracy: 0.891
=============== MODEL VALIDATING ===============
Testing on 1020 data:
+ Validation accuracy: 0.852
Train step: 1110/1440, Train loss: 0.321695, Train accuracy: 0.891
Train step: 1120/1440, Train loss: 0.269937, Train accuracy: 0.922
Train step: 1130/1440, Train loss: 0.461558, Train accuracy: 0.859
Train step: 1140/1440, Train loss: 0.183559, Train accuracy: 0.938
Train step: 1150/1440, Train loss: 0.360858, Train accuracy: 0.875
Train step: 1160/1440, Train loss: 0.190929, Train accuracy: 0.938
Train step: 1170/1440, Train loss: 0.237215, Train accuracy: 0.922
Train step: 1180/1440, Train loss: 0.199101, Train accuracy: 0.953
Train step: 1190/1440, Train loss: 0.354291, Train accuracy: 0.906
Train step: 1200/1440, Train loss: 0.210090, Train accuracy: 0.938
=============== MODEL VALIDATING ===============
Testing on 1020 data:
+ Validation accuracy: 0.911
New highscore! Saving model...
Train step: 1210/1440, Train loss: 0.150440, Train accuracy: 0.953
Train step: 1220/1440, Train loss: 0.722309, Train accuracy: 0.781
Train step: 1230/1440, Train loss: 0.321225, Train accuracy: 0.875
Train step: 1240/1440, Train loss: 0.312647, Train accuracy: 0.891
Train step: 1250/1440, Train loss: 0.234149, Train accuracy: 0.922
Train step: 1260/1440, Train loss: 0.282522, Train accuracy: 0.938
Train step: 1270/1440, Train loss: 0.176292, Train accuracy: 0.922
Train step: 1280/1440, Train loss: 0.261554, Train accuracy: 0.922
Train step: 1290/1440, Train loss: 0.267114, Train accuracy: 0.906
Train step: 1300/1440, Train loss: 0.104700, Train accuracy: 0.969
=============== MODEL VALIDATING ===============
Testing on 1020 data:
+ Validation accuracy: 0.905
Train step: 1310/1440, Train loss: 0.255747, Train accuracy: 0.906
Train step: 1320/1440, Train loss: 0.118098, Train accuracy: 0.969
Train step: 1330/1440, Train loss: 0.091977, Train accuracy: 1.000
Train step: 1340/1440, Train loss: 0.101848, Train accuracy: 0.984
Train step: 1350/1440, Train loss: 0.165616, Train accuracy: 0.953
Train step: 1360/1440, Train loss: 0.241329, Train accuracy: 0.953
Train step: 1370/1440, Train loss: 0.253007, Train accuracy: 0.906
Train step: 1380/1440, Train loss: 0.240388, Train accuracy: 0.938
Train step: 1390/1440, Train loss: 0.061024, Train accuracy: 0.984
Train step: 1400/1440, Train loss: 0.111645, Train accuracy: 0.938
=============== MODEL VALIDATING ===============
Testing on 1020 data:
+ Validation accuracy: 0.925
New highscore! Saving model...
Train step: 1410/1440, Train loss: 0.229933, Train accuracy: 0.953
Train step: 1420/1440, Train loss: 0.219563, Train accuracy: 0.922
Train step: 1430/1440, Train loss: 0.242412, Train accuracy: 0.938
Train step: 1440/1440, Train loss: 0.201780, Train accuracy: 0.964
