=============== HYPERPARAMETER SETTING ===============
classifier : TextCNN
pretrained : False
mode : train
epochs : 50
batch_size : 64
max_norm : 5.0
embed_trainable : True
device : cuda:0
lr_enc : 0.001
lr_gen : 0.001
num_hidden_rationale : 64
lstm_layer_rationale : 2
lstm_bidirectional_rationale : True
lambda_1 : 0.01
lambda_2 : 0.001
agg_mode : avg
num_hidden : 256
lstm_layer : 2
lstm_bidirectional : True
num_classes : 6
kernel_sizes : [2, 3, 4]
p : 0.5
c_out : 32
=============== LOAD EMBEDDINGS ===============
Embed shape: (4164, 300)
Vocab size: 4164
=============== MODEL TRAINING ===============
Train step: 10/7200, GEN Train loss: 25.326, ENC Train loss: 1.830, Train accuracy: 0.281, Keep percentage: 0.48
Train step: 20/7200, GEN Train loss: 39.375, ENC Train loss: 1.847, Train accuracy: 0.297, Keep percentage: 0.38
Train step: 30/7200, GEN Train loss: 27.273, ENC Train loss: 1.719, Train accuracy: 0.406, Keep percentage: 0.31
Train step: 40/7200, GEN Train loss: 19.107, ENC Train loss: 1.701, Train accuracy: 0.391, Keep percentage: 0.28
Train step: 50/7200, GEN Train loss: 28.843, ENC Train loss: 1.698, Train accuracy: 0.344, Keep percentage: 0.28
Train step: 60/7200, GEN Train loss: 19.585, ENC Train loss: 1.671, Train accuracy: 0.219, Keep percentage: 0.25
Train step: 70/7200, GEN Train loss: 19.977, ENC Train loss: 1.624, Train accuracy: 0.344, Keep percentage: 0.26
Train step: 80/7200, GEN Train loss: 27.354, ENC Train loss: 1.613, Train accuracy: 0.391, Keep percentage: 0.28
Train step: 90/7200, GEN Train loss: 24.752, ENC Train loss: 1.693, Train accuracy: 0.328, Keep percentage: 0.23
Train step: 100/7200, GEN Train loss: 27.070, ENC Train loss: 1.654, Train accuracy: 0.344, Keep percentage: 0.32
=============== MODEL VALIDATING ===============
Testing on 1020 data:
+ Validation accuracy: 0.358
+ Keep percentage: 0.27
New highscore! Saving model...
Train step: 110/7200, GEN Train loss: 17.319, ENC Train loss: 1.557, Train accuracy: 0.422, Keep percentage: 0.27
Train step: 120/7200, GEN Train loss: 17.910, ENC Train loss: 1.530, Train accuracy: 0.531, Keep percentage: 0.26
Train step: 130/7200, GEN Train loss: 18.220, ENC Train loss: 1.638, Train accuracy: 0.359, Keep percentage: 0.28
Train step: 140/7200, GEN Train loss: 13.729, ENC Train loss: 1.378, Train accuracy: 0.516, Keep percentage: 0.26
Train step: 150/7200, GEN Train loss: 17.725, ENC Train loss: 1.593, Train accuracy: 0.344, Keep percentage: 0.25
Train step: 160/7200, GEN Train loss: 20.876, ENC Train loss: 1.488, Train accuracy: 0.500, Keep percentage: 0.23
Train step: 170/7200, GEN Train loss: 16.349, ENC Train loss: 1.551, Train accuracy: 0.359, Keep percentage: 0.27
Train step: 180/7200, GEN Train loss: 32.031, ENC Train loss: 1.613, Train accuracy: 0.344, Keep percentage: 0.26
Train step: 190/7200, GEN Train loss: 24.560, ENC Train loss: 1.501, Train accuracy: 0.438, Keep percentage: 0.28
Train step: 200/7200, GEN Train loss: 20.994, ENC Train loss: 1.437, Train accuracy: 0.484, Keep percentage: 0.29
=============== MODEL VALIDATING ===============
Testing on 1020 data:
+ Validation accuracy: 0.412
+ Keep percentage: 0.27
New highscore! Saving model...
Train step: 210/7200, GEN Train loss: 18.341, ENC Train loss: 1.567, Train accuracy: 0.422, Keep percentage: 0.29
Train step: 220/7200, GEN Train loss: 16.229, ENC Train loss: 1.459, Train accuracy: 0.391, Keep percentage: 0.28
Train step: 230/7200, GEN Train loss: 16.980, ENC Train loss: 1.451, Train accuracy: 0.422, Keep percentage: 0.27
Train step: 240/7200, GEN Train loss: 21.440, ENC Train loss: 1.467, Train accuracy: 0.406, Keep percentage: 0.27
Train step: 250/7200, GEN Train loss: 18.069, ENC Train loss: 1.471, Train accuracy: 0.469, Keep percentage: 0.25
Train step: 260/7200, GEN Train loss: 15.559, ENC Train loss: 1.477, Train accuracy: 0.406, Keep percentage: 0.31
Train step: 270/7200, GEN Train loss: 16.001, ENC Train loss: 1.519, Train accuracy: 0.438, Keep percentage: 0.28
Train step: 280/7200, GEN Train loss: 12.396, ENC Train loss: 1.323, Train accuracy: 0.531, Keep percentage: 0.26
Train step: 290/7200, GEN Train loss: 19.282, ENC Train loss: 1.434, Train accuracy: 0.406, Keep percentage: 0.26
Train step: 300/7200, GEN Train loss: 19.525, ENC Train loss: 1.518, Train accuracy: 0.344, Keep percentage: 0.30
=============== MODEL VALIDATING ===============
Testing on 1020 data:
+ Validation accuracy: 0.437
+ Keep percentage: 0.26
New highscore! Saving model...
Train step: 310/7200, GEN Train loss: 14.735, ENC Train loss: 1.399, Train accuracy: 0.453, Keep percentage: 0.30
Train step: 320/7200, GEN Train loss: 22.390, ENC Train loss: 1.322, Train accuracy: 0.562, Keep percentage: 0.30
Train step: 330/7200, GEN Train loss: 19.341, ENC Train loss: 1.324, Train accuracy: 0.516, Keep percentage: 0.26
Train step: 340/7200, GEN Train loss: 24.134, ENC Train loss: 1.425, Train accuracy: 0.453, Keep percentage: 0.28
Train step: 350/7200, GEN Train loss: 17.067, ENC Train loss: 1.389, Train accuracy: 0.516, Keep percentage: 0.31
Train step: 360/7200, GEN Train loss: 15.887, ENC Train loss: 1.429, Train accuracy: 0.422, Keep percentage: 0.26
Train step: 370/7200, GEN Train loss: 32.002, ENC Train loss: 1.482, Train accuracy: 0.453, Keep percentage: 0.25
Train step: 380/7200, GEN Train loss: 19.880, ENC Train loss: 1.417, Train accuracy: 0.516, Keep percentage: 0.27
Train step: 390/7200, GEN Train loss: 15.443, ENC Train loss: 1.389, Train accuracy: 0.531, Keep percentage: 0.28
Train step: 400/7200, GEN Train loss: 29.303, ENC Train loss: 1.568, Train accuracy: 0.391, Keep percentage: 0.31
=============== MODEL VALIDATING ===============
Testing on 1020 data:
+ Validation accuracy: 0.444
+ Keep percentage: 0.28
New highscore! Saving model...
Train step: 410/7200, GEN Train loss: 17.399, ENC Train loss: 1.487, Train accuracy: 0.406, Keep percentage: 0.25
Train step: 420/7200, GEN Train loss: 25.976, ENC Train loss: 1.390, Train accuracy: 0.391, Keep percentage: 0.27
Train step: 430/7200, GEN Train loss: 15.956, ENC Train loss: 1.435, Train accuracy: 0.453, Keep percentage: 0.25
Train step: 440/7200, GEN Train loss: 15.301, ENC Train loss: 1.376, Train accuracy: 0.531, Keep percentage: 0.28
Train step: 450/7200, GEN Train loss: 16.622, ENC Train loss: 1.421, Train accuracy: 0.438, Keep percentage: 0.28
Train step: 460/7200, GEN Train loss: 16.188, ENC Train loss: 1.456, Train accuracy: 0.438, Keep percentage: 0.26
Train step: 470/7200, GEN Train loss: 20.014, ENC Train loss: 1.317, Train accuracy: 0.578, Keep percentage: 0.32
Train step: 480/7200, GEN Train loss: 21.178, ENC Train loss: 1.450, Train accuracy: 0.453, Keep percentage: 0.27
Train step: 490/7200, GEN Train loss: 16.899, ENC Train loss: 1.444, Train accuracy: 0.453, Keep percentage: 0.26
Train step: 500/7200, GEN Train loss: 15.938, ENC Train loss: 1.513, Train accuracy: 0.438, Keep percentage: 0.27
=============== MODEL VALIDATING ===============
Testing on 1020 data:
+ Validation accuracy: 0.464
+ Keep percentage: 0.27
New highscore! Saving model...
Train step: 510/7200, GEN Train loss: 22.855, ENC Train loss: 1.504, Train accuracy: 0.453, Keep percentage: 0.25
Train step: 520/7200, GEN Train loss: 20.251, ENC Train loss: 1.444, Train accuracy: 0.484, Keep percentage: 0.27
Train step: 530/7200, GEN Train loss: 16.441, ENC Train loss: 1.339, Train accuracy: 0.484, Keep percentage: 0.28
Train step: 540/7200, GEN Train loss: 15.110, ENC Train loss: 1.359, Train accuracy: 0.453, Keep percentage: 0.31
Train step: 550/7200, GEN Train loss: 15.350, ENC Train loss: 1.381, Train accuracy: 0.516, Keep percentage: 0.31
Train step: 560/7200, GEN Train loss: 12.842, ENC Train loss: 1.371, Train accuracy: 0.453, Keep percentage: 0.26
Train step: 570/7200, GEN Train loss: 17.275, ENC Train loss: 1.343, Train accuracy: 0.516, Keep percentage: 0.25
Train step: 580/7200, GEN Train loss: 24.203, ENC Train loss: 1.480, Train accuracy: 0.422, Keep percentage: 0.28
Train step: 590/7200, GEN Train loss: 15.510, ENC Train loss: 1.395, Train accuracy: 0.500, Keep percentage: 0.26
Train step: 600/7200, GEN Train loss: 15.363, ENC Train loss: 1.251, Train accuracy: 0.516, Keep percentage: 0.28
=============== MODEL VALIDATING ===============
Testing on 1020 data:
+ Validation accuracy: 0.465
+ Keep percentage: 0.27
New highscore! Saving model...
Train step: 610/7200, GEN Train loss: 19.314, ENC Train loss: 1.377, Train accuracy: 0.484, Keep percentage: 0.27
Train step: 620/7200, GEN Train loss: 24.408, ENC Train loss: 1.306, Train accuracy: 0.547, Keep percentage: 0.28
Train step: 630/7200, GEN Train loss: 13.232, ENC Train loss: 1.506, Train accuracy: 0.344, Keep percentage: 0.24
Train step: 640/7200, GEN Train loss: 19.266, ENC Train loss: 1.433, Train accuracy: 0.453, Keep percentage: 0.23
Train step: 650/7200, GEN Train loss: 19.071, ENC Train loss: 1.418, Train accuracy: 0.453, Keep percentage: 0.29
Train step: 660/7200, GEN Train loss: 16.653, ENC Train loss: 1.424, Train accuracy: 0.469, Keep percentage: 0.28
Train step: 670/7200, GEN Train loss: 18.705, ENC Train loss: 1.454, Train accuracy: 0.438, Keep percentage: 0.28
Train step: 680/7200, GEN Train loss: 17.167, ENC Train loss: 1.335, Train accuracy: 0.594, Keep percentage: 0.27
Train step: 690/7200, GEN Train loss: 20.049, ENC Train loss: 1.320, Train accuracy: 0.500, Keep percentage: 0.27
Train step: 700/7200, GEN Train loss: 14.251, ENC Train loss: 1.353, Train accuracy: 0.453, Keep percentage: 0.28
=============== MODEL VALIDATING ===============
Testing on 1020 data:
+ Validation accuracy: 0.468
+ Keep percentage: 0.28
New highscore! Saving model...
Train step: 710/7200, GEN Train loss: 19.859, ENC Train loss: 1.416, Train accuracy: 0.438, Keep percentage: 0.29
Train step: 720/7200, GEN Train loss: 11.841, ENC Train loss: 1.124, Train accuracy: 0.679, Keep percentage: 0.29
Train step: 730/7200, GEN Train loss: 24.062, ENC Train loss: 1.288, Train accuracy: 0.500, Keep percentage: 0.30
Train step: 740/7200, GEN Train loss: 19.524, ENC Train loss: 1.518, Train accuracy: 0.422, Keep percentage: 0.26
Train step: 750/7200, GEN Train loss: 17.618, ENC Train loss: 1.370, Train accuracy: 0.422, Keep percentage: 0.25
Train step: 760/7200, GEN Train loss: 17.373, ENC Train loss: 1.351, Train accuracy: 0.484, Keep percentage: 0.27
Train step: 770/7200, GEN Train loss: 23.514, ENC Train loss: 1.388, Train accuracy: 0.547, Keep percentage: 0.28
Train step: 780/7200, GEN Train loss: 14.327, ENC Train loss: 1.289, Train accuracy: 0.516, Keep percentage: 0.25
Train step: 790/7200, GEN Train loss: 24.876, ENC Train loss: 1.331, Train accuracy: 0.547, Keep percentage: 0.31
Train step: 800/7200, GEN Train loss: 22.971, ENC Train loss: 1.356, Train accuracy: 0.531, Keep percentage: 0.31
=============== MODEL VALIDATING ===============
Testing on 1020 data:
+ Validation accuracy: 0.468
+ Keep percentage: 0.28
Train step: 810/7200, GEN Train loss: 20.520, ENC Train loss: 1.211, Train accuracy: 0.578, Keep percentage: 0.27
Train step: 820/7200, GEN Train loss: 16.963, ENC Train loss: 1.319, Train accuracy: 0.422, Keep percentage: 0.28
Train step: 830/7200, GEN Train loss: 18.610, ENC Train loss: 1.384, Train accuracy: 0.500, Keep percentage: 0.25
Train step: 840/7200, GEN Train loss: 18.211, ENC Train loss: 1.298, Train accuracy: 0.547, Keep percentage: 0.25
Train step: 850/7200, GEN Train loss: 15.972, ENC Train loss: 1.437, Train accuracy: 0.422, Keep percentage: 0.28
Train step: 860/7200, GEN Train loss: 14.209, ENC Train loss: 1.349, Train accuracy: 0.531, Keep percentage: 0.28
Train step: 870/7200, GEN Train loss: 24.794, ENC Train loss: 1.327, Train accuracy: 0.641, Keep percentage: 0.27
Train step: 880/7200, GEN Train loss: 20.228, ENC Train loss: 1.194, Train accuracy: 0.500, Keep percentage: 0.30
Train step: 890/7200, GEN Train loss: 15.842, ENC Train loss: 1.178, Train accuracy: 0.500, Keep percentage: 0.27
Train step: 900/7200, GEN Train loss: 23.008, ENC Train loss: 1.358, Train accuracy: 0.516, Keep percentage: 0.28
=============== MODEL VALIDATING ===============
Testing on 1020 data:
+ Validation accuracy: 0.447
+ Keep percentage: 0.27
Train step: 910/7200, GEN Train loss: 16.662, ENC Train loss: 1.295, Train accuracy: 0.469, Keep percentage: 0.26
Train step: 920/7200, GEN Train loss: 20.117, ENC Train loss: 1.324, Train accuracy: 0.531, Keep percentage: 0.29
Train step: 930/7200, GEN Train loss: 13.662, ENC Train loss: 1.229, Train accuracy: 0.516, Keep percentage: 0.26
Train step: 940/7200, GEN Train loss: 13.782, ENC Train loss: 1.308, Train accuracy: 0.500, Keep percentage: 0.26
Train step: 950/7200, GEN Train loss: 22.361, ENC Train loss: 1.320, Train accuracy: 0.516, Keep percentage: 0.26
Train step: 960/7200, GEN Train loss: 23.723, ENC Train loss: 1.401, Train accuracy: 0.453, Keep percentage: 0.26
Train step: 970/7200, GEN Train loss: 17.131, ENC Train loss: 1.395, Train accuracy: 0.469, Keep percentage: 0.24
Train step: 980/7200, GEN Train loss: 26.086, ENC Train loss: 1.441, Train accuracy: 0.453, Keep percentage: 0.26
Train step: 990/7200, GEN Train loss: 16.797, ENC Train loss: 1.368, Train accuracy: 0.500, Keep percentage: 0.25
Train step: 1000/7200, GEN Train loss: 13.880, ENC Train loss: 1.187, Train accuracy: 0.578, Keep percentage: 0.29
=============== MODEL VALIDATING ===============
Testing on 1020 data:
+ Validation accuracy: 0.483
+ Keep percentage: 0.27
New highscore! Saving model...
Train step: 1010/7200, GEN Train loss: 13.136, ENC Train loss: 1.182, Train accuracy: 0.578, Keep percentage: 0.30
Train step: 1020/7200, GEN Train loss: 13.714, ENC Train loss: 1.234, Train accuracy: 0.562, Keep percentage: 0.25
Train step: 1030/7200, GEN Train loss: 24.476, ENC Train loss: 1.445, Train accuracy: 0.422, Keep percentage: 0.26
Train step: 1040/7200, GEN Train loss: 13.930, ENC Train loss: 1.191, Train accuracy: 0.641, Keep percentage: 0.28
Train step: 1050/7200, GEN Train loss: 17.194, ENC Train loss: 1.337, Train accuracy: 0.547, Keep percentage: 0.27
Train step: 1060/7200, GEN Train loss: 18.037, ENC Train loss: 1.342, Train accuracy: 0.406, Keep percentage: 0.27
Train step: 1070/7200, GEN Train loss: 21.170, ENC Train loss: 1.394, Train accuracy: 0.375, Keep percentage: 0.25
Train step: 1080/7200, GEN Train loss: 13.168, ENC Train loss: 1.185, Train accuracy: 0.531, Keep percentage: 0.28
Train step: 1090/7200, GEN Train loss: 15.751, ENC Train loss: 1.283, Train accuracy: 0.484, Keep percentage: 0.28
Train step: 1100/7200, GEN Train loss: 17.145, ENC Train loss: 1.466, Train accuracy: 0.406, Keep percentage: 0.27
=============== MODEL VALIDATING ===============
Testing on 1020 data:
+ Validation accuracy: 0.497
+ Keep percentage: 0.27
New highscore! Saving model...
Train step: 1110/7200, GEN Train loss: 14.642, ENC Train loss: 1.317, Train accuracy: 0.469, Keep percentage: 0.28
Train step: 1120/7200, GEN Train loss: 15.398, ENC Train loss: 1.316, Train accuracy: 0.469, Keep percentage: 0.26
Train step: 1130/7200, GEN Train loss: 23.122, ENC Train loss: 1.320, Train accuracy: 0.531, Keep percentage: 0.28
Train step: 1140/7200, GEN Train loss: 15.370, ENC Train loss: 1.252, Train accuracy: 0.484, Keep percentage: 0.30
Train step: 1150/7200, GEN Train loss: 22.245, ENC Train loss: 1.464, Train accuracy: 0.375, Keep percentage: 0.27
Train step: 1160/7200, GEN Train loss: 18.953, ENC Train loss: 1.297, Train accuracy: 0.469, Keep percentage: 0.24
Train step: 1170/7200, GEN Train loss: 16.372, ENC Train loss: 1.333, Train accuracy: 0.516, Keep percentage: 0.29
Train step: 1180/7200, GEN Train loss: 14.235, ENC Train loss: 1.159, Train accuracy: 0.516, Keep percentage: 0.29
Train step: 1190/7200, GEN Train loss: 16.924, ENC Train loss: 1.114, Train accuracy: 0.656, Keep percentage: 0.26
Train step: 1200/7200, GEN Train loss: 12.149, ENC Train loss: 1.153, Train accuracy: 0.516, Keep percentage: 0.27
=============== MODEL VALIDATING ===============
Testing on 1020 data:
+ Validation accuracy: 0.484
+ Keep percentage: 0.27
Train step: 1210/7200, GEN Train loss: 16.495, ENC Train loss: 1.282, Train accuracy: 0.547, Keep percentage: 0.27
Train step: 1220/7200, GEN Train loss: 14.388, ENC Train loss: 1.294, Train accuracy: 0.531, Keep percentage: 0.27
Train step: 1230/7200, GEN Train loss: 17.050, ENC Train loss: 1.388, Train accuracy: 0.484, Keep percentage: 0.28
Train step: 1240/7200, GEN Train loss: 15.762, ENC Train loss: 1.225, Train accuracy: 0.578, Keep percentage: 0.27
Train step: 1250/7200, GEN Train loss: 14.922, ENC Train loss: 1.342, Train accuracy: 0.422, Keep percentage: 0.24
Train step: 1260/7200, GEN Train loss: 15.536, ENC Train loss: 1.328, Train accuracy: 0.438, Keep percentage: 0.25
Train step: 1270/7200, GEN Train loss: 16.566, ENC Train loss: 1.349, Train accuracy: 0.484, Keep percentage: 0.27
Train step: 1280/7200, GEN Train loss: 16.464, ENC Train loss: 1.341, Train accuracy: 0.500, Keep percentage: 0.30
Train step: 1290/7200, GEN Train loss: 11.112, ENC Train loss: 1.186, Train accuracy: 0.562, Keep percentage: 0.28
Train step: 1300/7200, GEN Train loss: 21.857, ENC Train loss: 1.290, Train accuracy: 0.562, Keep percentage: 0.27
=============== MODEL VALIDATING ===============
Testing on 1020 data:
+ Validation accuracy: 0.501
+ Keep percentage: 0.27
New highscore! Saving model...
Train step: 1310/7200, GEN Train loss: 14.204, ENC Train loss: 1.157, Train accuracy: 0.641, Keep percentage: 0.29
Train step: 1320/7200, GEN Train loss: 18.557, ENC Train loss: 1.380, Train accuracy: 0.531, Keep percentage: 0.26
Train step: 1330/7200, GEN Train loss: 14.735, ENC Train loss: 1.050, Train accuracy: 0.625, Keep percentage: 0.26
Train step: 1340/7200, GEN Train loss: 15.775, ENC Train loss: 1.349, Train accuracy: 0.438, Keep percentage: 0.27
Train step: 1350/7200, GEN Train loss: 15.885, ENC Train loss: 1.294, Train accuracy: 0.531, Keep percentage: 0.26
Train step: 1360/7200, GEN Train loss: 15.555, ENC Train loss: 1.477, Train accuracy: 0.438, Keep percentage: 0.27
Train step: 1370/7200, GEN Train loss: 15.712, ENC Train loss: 1.222, Train accuracy: 0.594, Keep percentage: 0.27
Train step: 1380/7200, GEN Train loss: 16.437, ENC Train loss: 1.172, Train accuracy: 0.609, Keep percentage: 0.28
Train step: 1390/7200, GEN Train loss: 21.442, ENC Train loss: 1.468, Train accuracy: 0.422, Keep percentage: 0.27
Train step: 1400/7200, GEN Train loss: 15.006, ENC Train loss: 1.116, Train accuracy: 0.609, Keep percentage: 0.30
=============== MODEL VALIDATING ===============
Testing on 1020 data:
+ Validation accuracy: 0.484
+ Keep percentage: 0.28
Train step: 1410/7200, GEN Train loss: 14.065, ENC Train loss: 1.202, Train accuracy: 0.516, Keep percentage: 0.28
Train step: 1420/7200, GEN Train loss: 22.948, ENC Train loss: 1.511, Train accuracy: 0.516, Keep percentage: 0.26
Train step: 1430/7200, GEN Train loss: 20.523, ENC Train loss: 1.255, Train accuracy: 0.609, Keep percentage: 0.28
Train step: 1440/7200, GEN Train loss: 9.026, ENC Train loss: 0.963, Train accuracy: 0.679, Keep percentage: 0.29
Train step: 1450/7200, GEN Train loss: 19.279, ENC Train loss: 1.434, Train accuracy: 0.516, Keep percentage: 0.27
Train step: 1460/7200, GEN Train loss: 11.921, ENC Train loss: 1.072, Train accuracy: 0.609, Keep percentage: 0.27
Train step: 1470/7200, GEN Train loss: 15.158, ENC Train loss: 1.364, Train accuracy: 0.500, Keep percentage: 0.26
Train step: 1480/7200, GEN Train loss: 19.551, ENC Train loss: 1.287, Train accuracy: 0.594, Keep percentage: 0.29
Train step: 1490/7200, GEN Train loss: 16.844, ENC Train loss: 1.201, Train accuracy: 0.578, Keep percentage: 0.26
Train step: 1500/7200, GEN Train loss: 14.493, ENC Train loss: 1.376, Train accuracy: 0.469, Keep percentage: 0.26
=============== MODEL VALIDATING ===============
Testing on 1020 data:
+ Validation accuracy: 0.487
+ Keep percentage: 0.27
Train step: 1510/7200, GEN Train loss: 29.704, ENC Train loss: 1.375, Train accuracy: 0.500, Keep percentage: 0.30
Train step: 1520/7200, GEN Train loss: 20.263, ENC Train loss: 1.334, Train accuracy: 0.391, Keep percentage: 0.25
Train step: 1530/7200, GEN Train loss: 15.670, ENC Train loss: 1.276, Train accuracy: 0.531, Keep percentage: 0.27
Train step: 1540/7200, GEN Train loss: 19.295, ENC Train loss: 1.321, Train accuracy: 0.578, Keep percentage: 0.28
Train step: 1550/7200, GEN Train loss: 15.029, ENC Train loss: 1.224, Train accuracy: 0.500, Keep percentage: 0.26
Train step: 1560/7200, GEN Train loss: 16.566, ENC Train loss: 1.091, Train accuracy: 0.641, Keep percentage: 0.25
Train step: 1570/7200, GEN Train loss: 12.863, ENC Train loss: 1.047, Train accuracy: 0.641, Keep percentage: 0.31
Train step: 1580/7200, GEN Train loss: 23.220, ENC Train loss: 1.371, Train accuracy: 0.500, Keep percentage: 0.28
Train step: 1590/7200, GEN Train loss: 14.707, ENC Train loss: 1.323, Train accuracy: 0.500, Keep percentage: 0.27
Train step: 1600/7200, GEN Train loss: 23.510, ENC Train loss: 1.388, Train accuracy: 0.469, Keep percentage: 0.28
=============== MODEL VALIDATING ===============
Testing on 1020 data:
+ Validation accuracy: 0.491
+ Keep percentage: 0.27
Train step: 1610/7200, GEN Train loss: 13.860, ENC Train loss: 1.247, Train accuracy: 0.484, Keep percentage: 0.25
Train step: 1620/7200, GEN Train loss: 15.071, ENC Train loss: 1.288, Train accuracy: 0.547, Keep percentage: 0.27
Train step: 1630/7200, GEN Train loss: 16.114, ENC Train loss: 1.253, Train accuracy: 0.516, Keep percentage: 0.27
Train step: 1640/7200, GEN Train loss: 14.870, ENC Train loss: 1.211, Train accuracy: 0.469, Keep percentage: 0.26
Train step: 1650/7200, GEN Train loss: 17.369, ENC Train loss: 1.292, Train accuracy: 0.484, Keep percentage: 0.27
Train step: 1660/7200, GEN Train loss: 14.525, ENC Train loss: 1.307, Train accuracy: 0.469, Keep percentage: 0.27
Train step: 1670/7200, GEN Train loss: 17.462, ENC Train loss: 1.358, Train accuracy: 0.500, Keep percentage: 0.26
Train step: 1680/7200, GEN Train loss: 20.701, ENC Train loss: 1.363, Train accuracy: 0.516, Keep percentage: 0.25
Train step: 1690/7200, GEN Train loss: 16.410, ENC Train loss: 1.170, Train accuracy: 0.531, Keep percentage: 0.28
Train step: 1700/7200, GEN Train loss: 13.663, ENC Train loss: 1.373, Train accuracy: 0.469, Keep percentage: 0.26
=============== MODEL VALIDATING ===============
Testing on 1020 data:
+ Validation accuracy: 0.508
+ Keep percentage: 0.26
New highscore! Saving model...
Train step: 1710/7200, GEN Train loss: 19.066, ENC Train loss: 1.305, Train accuracy: 0.547, Keep percentage: 0.27
Train step: 1720/7200, GEN Train loss: 13.390, ENC Train loss: 1.271, Train accuracy: 0.453, Keep percentage: 0.26
Train step: 1730/7200, GEN Train loss: 21.315, ENC Train loss: 1.459, Train accuracy: 0.438, Keep percentage: 0.29
Train step: 1740/7200, GEN Train loss: 11.997, ENC Train loss: 1.026, Train accuracy: 0.625, Keep percentage: 0.27
Train step: 1750/7200, GEN Train loss: 18.227, ENC Train loss: 1.299, Train accuracy: 0.562, Keep percentage: 0.28
Train step: 1760/7200, GEN Train loss: 14.556, ENC Train loss: 1.310, Train accuracy: 0.516, Keep percentage: 0.25
Train step: 1770/7200, GEN Train loss: 23.098, ENC Train loss: 1.318, Train accuracy: 0.531, Keep percentage: 0.30
Train step: 1780/7200, GEN Train loss: 14.997, ENC Train loss: 1.349, Train accuracy: 0.484, Keep percentage: 0.25
Train step: 1790/7200, GEN Train loss: 16.821, ENC Train loss: 1.308, Train accuracy: 0.453, Keep percentage: 0.25
Train step: 1800/7200, GEN Train loss: 16.119, ENC Train loss: 1.313, Train accuracy: 0.516, Keep percentage: 0.28
=============== MODEL VALIDATING ===============
Testing on 1020 data:
+ Validation accuracy: 0.505
+ Keep percentage: 0.28
Train step: 1810/7200, GEN Train loss: 19.500, ENC Train loss: 1.390, Train accuracy: 0.453, Keep percentage: 0.26
Train step: 1820/7200, GEN Train loss: 11.580, ENC Train loss: 1.164, Train accuracy: 0.625, Keep percentage: 0.25
Train step: 1830/7200, GEN Train loss: 13.894, ENC Train loss: 1.131, Train accuracy: 0.656, Keep percentage: 0.30
Train step: 1840/7200, GEN Train loss: 24.648, ENC Train loss: 1.319, Train accuracy: 0.500, Keep percentage: 0.26
Train step: 1850/7200, GEN Train loss: 14.397, ENC Train loss: 1.295, Train accuracy: 0.453, Keep percentage: 0.26
Train step: 1860/7200, GEN Train loss: 12.487, ENC Train loss: 1.068, Train accuracy: 0.641, Keep percentage: 0.28
Train step: 1870/7200, GEN Train loss: 16.396, ENC Train loss: 1.402, Train accuracy: 0.469, Keep percentage: 0.27
Train step: 1880/7200, GEN Train loss: 18.693, ENC Train loss: 1.104, Train accuracy: 0.578, Keep percentage: 0.29
Train step: 1890/7200, GEN Train loss: 14.566, ENC Train loss: 1.186, Train accuracy: 0.500, Keep percentage: 0.28
Train step: 1900/7200, GEN Train loss: 12.180, ENC Train loss: 1.156, Train accuracy: 0.500, Keep percentage: 0.27
=============== MODEL VALIDATING ===============
Testing on 1020 data:
+ Validation accuracy: 0.538
+ Keep percentage: 0.27
New highscore! Saving model...
Train step: 1910/7200, GEN Train loss: 22.033, ENC Train loss: 1.301, Train accuracy: 0.453, Keep percentage: 0.28
Train step: 1920/7200, GEN Train loss: 15.202, ENC Train loss: 1.238, Train accuracy: 0.547, Keep percentage: 0.27
Train step: 1930/7200, GEN Train loss: 20.391, ENC Train loss: 1.247, Train accuracy: 0.500, Keep percentage: 0.28
Train step: 1940/7200, GEN Train loss: 13.979, ENC Train loss: 1.327, Train accuracy: 0.500, Keep percentage: 0.30
Train step: 1950/7200, GEN Train loss: 12.529, ENC Train loss: 1.189, Train accuracy: 0.500, Keep percentage: 0.29
Train step: 1960/7200, GEN Train loss: 17.825, ENC Train loss: 1.326, Train accuracy: 0.500, Keep percentage: 0.25
Train step: 1970/7200, GEN Train loss: 18.642, ENC Train loss: 1.276, Train accuracy: 0.500, Keep percentage: 0.29
Train step: 1980/7200, GEN Train loss: 24.362, ENC Train loss: 1.438, Train accuracy: 0.453, Keep percentage: 0.28
Train step: 1990/7200, GEN Train loss: 19.570, ENC Train loss: 1.288, Train accuracy: 0.500, Keep percentage: 0.28
Train step: 2000/7200, GEN Train loss: 16.193, ENC Train loss: 1.319, Train accuracy: 0.422, Keep percentage: 0.26
=============== MODEL VALIDATING ===============
Testing on 1020 data:
+ Validation accuracy: 0.508
+ Keep percentage: 0.27
Train step: 2010/7200, GEN Train loss: 14.961, ENC Train loss: 1.346, Train accuracy: 0.469, Keep percentage: 0.26
Train step: 2020/7200, GEN Train loss: 14.430, ENC Train loss: 1.450, Train accuracy: 0.391, Keep percentage: 0.22
Train step: 2030/7200, GEN Train loss: 30.281, ENC Train loss: 1.402, Train accuracy: 0.547, Keep percentage: 0.26
Train step: 2040/7200, GEN Train loss: 13.391, ENC Train loss: 1.091, Train accuracy: 0.609, Keep percentage: 0.28
Train step: 2050/7200, GEN Train loss: 12.946, ENC Train loss: 1.301, Train accuracy: 0.578, Keep percentage: 0.30
Train step: 2060/7200, GEN Train loss: 19.960, ENC Train loss: 1.366, Train accuracy: 0.484, Keep percentage: 0.27
Train step: 2070/7200, GEN Train loss: 21.289, ENC Train loss: 1.257, Train accuracy: 0.578, Keep percentage: 0.29
Train step: 2080/7200, GEN Train loss: 13.537, ENC Train loss: 1.157, Train accuracy: 0.547, Keep percentage: 0.29
Train step: 2090/7200, GEN Train loss: 15.568, ENC Train loss: 1.331, Train accuracy: 0.562, Keep percentage: 0.29
Train step: 2100/7200, GEN Train loss: 15.616, ENC Train loss: 1.272, Train accuracy: 0.516, Keep percentage: 0.29
=============== MODEL VALIDATING ===============
Testing on 1020 data:
+ Validation accuracy: 0.496
+ Keep percentage: 0.27
Train step: 2110/7200, GEN Train loss: 17.284, ENC Train loss: 1.138, Train accuracy: 0.641, Keep percentage: 0.29
Train step: 2120/7200, GEN Train loss: 13.911, ENC Train loss: 1.252, Train accuracy: 0.578, Keep percentage: 0.28
Train step: 2130/7200, GEN Train loss: 17.486, ENC Train loss: 1.360, Train accuracy: 0.500, Keep percentage: 0.31
Train step: 2140/7200, GEN Train loss: 12.342, ENC Train loss: 1.005, Train accuracy: 0.625, Keep percentage: 0.30
Train step: 2150/7200, GEN Train loss: 12.877, ENC Train loss: 1.101, Train accuracy: 0.656, Keep percentage: 0.30
Train step: 2160/7200, GEN Train loss: 12.584, ENC Train loss: 1.265, Train accuracy: 0.536, Keep percentage: 0.32
Train step: 2170/7200, GEN Train loss: 12.192, ENC Train loss: 1.157, Train accuracy: 0.547, Keep percentage: 0.23
Train step: 2180/7200, GEN Train loss: 13.876, ENC Train loss: 1.248, Train accuracy: 0.500, Keep percentage: 0.26
Train step: 2190/7200, GEN Train loss: 17.698, ENC Train loss: 1.316, Train accuracy: 0.531, Keep percentage: 0.27
Train step: 2200/7200, GEN Train loss: 13.341, ENC Train loss: 1.341, Train accuracy: 0.500, Keep percentage: 0.26
=============== MODEL VALIDATING ===============
Testing on 1020 data:
+ Validation accuracy: 0.481
+ Keep percentage: 0.27
Train step: 2210/7200, GEN Train loss: 12.402, ENC Train loss: 1.177, Train accuracy: 0.531, Keep percentage: 0.26
Train step: 2220/7200, GEN Train loss: 18.111, ENC Train loss: 1.291, Train accuracy: 0.531, Keep percentage: 0.26
Train step: 2230/7200, GEN Train loss: 12.926, ENC Train loss: 1.163, Train accuracy: 0.547, Keep percentage: 0.30
Train step: 2240/7200, GEN Train loss: 14.558, ENC Train loss: 1.245, Train accuracy: 0.531, Keep percentage: 0.28
Train step: 2250/7200, GEN Train loss: 23.058, ENC Train loss: 1.578, Train accuracy: 0.406, Keep percentage: 0.23
Train step: 2260/7200, GEN Train loss: 13.702, ENC Train loss: 1.233, Train accuracy: 0.531, Keep percentage: 0.29
Train step: 2270/7200, GEN Train loss: 12.852, ENC Train loss: 1.099, Train accuracy: 0.562, Keep percentage: 0.27
Train step: 2280/7200, GEN Train loss: 19.014, ENC Train loss: 1.252, Train accuracy: 0.578, Keep percentage: 0.26
Train step: 2290/7200, GEN Train loss: 14.912, ENC Train loss: 1.275, Train accuracy: 0.484, Keep percentage: 0.29
Train step: 2300/7200, GEN Train loss: 18.825, ENC Train loss: 1.111, Train accuracy: 0.609, Keep percentage: 0.27
=============== MODEL VALIDATING ===============
Testing on 1020 data:
+ Validation accuracy: 0.516
+ Keep percentage: 0.27
Train step: 2310/7200, GEN Train loss: 13.915, ENC Train loss: 1.252, Train accuracy: 0.469, Keep percentage: 0.26
Train step: 2320/7200, GEN Train loss: 21.259, ENC Train loss: 1.255, Train accuracy: 0.578, Keep percentage: 0.30
Train step: 2330/7200, GEN Train loss: 13.045, ENC Train loss: 1.115, Train accuracy: 0.547, Keep percentage: 0.27
Train step: 2340/7200, GEN Train loss: 12.042, ENC Train loss: 1.083, Train accuracy: 0.594, Keep percentage: 0.28
Train step: 2350/7200, GEN Train loss: 14.180, ENC Train loss: 1.155, Train accuracy: 0.594, Keep percentage: 0.27
Train step: 2360/7200, GEN Train loss: 22.121, ENC Train loss: 1.263, Train accuracy: 0.500, Keep percentage: 0.26
Train step: 2370/7200, GEN Train loss: 16.130, ENC Train loss: 1.254, Train accuracy: 0.562, Keep percentage: 0.25
Train step: 2380/7200, GEN Train loss: 13.150, ENC Train loss: 1.248, Train accuracy: 0.547, Keep percentage: 0.27
Train step: 2390/7200, GEN Train loss: 16.536, ENC Train loss: 1.286, Train accuracy: 0.531, Keep percentage: 0.27
Train step: 2400/7200, GEN Train loss: 13.403, ENC Train loss: 1.146, Train accuracy: 0.562, Keep percentage: 0.27
=============== MODEL VALIDATING ===============
Testing on 1020 data:
+ Validation accuracy: 0.528
+ Keep percentage: 0.27
Train step: 2410/7200, GEN Train loss: 12.754, ENC Train loss: 1.147, Train accuracy: 0.578, Keep percentage: 0.26
Train step: 2420/7200, GEN Train loss: 22.544, ENC Train loss: 1.207, Train accuracy: 0.609, Keep percentage: 0.27
Train step: 2430/7200, GEN Train loss: 12.929, ENC Train loss: 1.053, Train accuracy: 0.609, Keep percentage: 0.25
Train step: 2440/7200, GEN Train loss: 17.588, ENC Train loss: 1.158, Train accuracy: 0.594, Keep percentage: 0.27
Train step: 2450/7200, GEN Train loss: 14.924, ENC Train loss: 1.215, Train accuracy: 0.516, Keep percentage: 0.26
Train step: 2460/7200, GEN Train loss: 20.996, ENC Train loss: 1.240, Train accuracy: 0.516, Keep percentage: 0.24
Train step: 2470/7200, GEN Train loss: 14.285, ENC Train loss: 1.221, Train accuracy: 0.469, Keep percentage: 0.25
Train step: 2480/7200, GEN Train loss: 16.735, ENC Train loss: 1.363, Train accuracy: 0.484, Keep percentage: 0.28
Train step: 2490/7200, GEN Train loss: 13.236, ENC Train loss: 1.131, Train accuracy: 0.516, Keep percentage: 0.30
Train step: 2500/7200, GEN Train loss: 21.686, ENC Train loss: 1.238, Train accuracy: 0.594, Keep percentage: 0.26
=============== MODEL VALIDATING ===============
Testing on 1020 data:
+ Validation accuracy: 0.524
+ Keep percentage: 0.28
Train step: 2510/7200, GEN Train loss: 19.186, ENC Train loss: 1.095, Train accuracy: 0.562, Keep percentage: 0.29
Train step: 2520/7200, GEN Train loss: 19.471, ENC Train loss: 1.150, Train accuracy: 0.578, Keep percentage: 0.27
Train step: 2530/7200, GEN Train loss: 19.195, ENC Train loss: 1.174, Train accuracy: 0.484, Keep percentage: 0.26
Train step: 2540/7200, GEN Train loss: 19.142, ENC Train loss: 1.310, Train accuracy: 0.547, Keep percentage: 0.29
Train step: 2550/7200, GEN Train loss: 13.788, ENC Train loss: 1.072, Train accuracy: 0.609, Keep percentage: 0.24
Train step: 2560/7200, GEN Train loss: 13.933, ENC Train loss: 1.083, Train accuracy: 0.625, Keep percentage: 0.29
Train step: 2570/7200, GEN Train loss: 13.904, ENC Train loss: 1.132, Train accuracy: 0.562, Keep percentage: 0.27
Train step: 2580/7200, GEN Train loss: 15.654, ENC Train loss: 1.338, Train accuracy: 0.531, Keep percentage: 0.29
Train step: 2590/7200, GEN Train loss: 11.748, ENC Train loss: 1.115, Train accuracy: 0.594, Keep percentage: 0.28
Train step: 2600/7200, GEN Train loss: 23.097, ENC Train loss: 1.364, Train accuracy: 0.484, Keep percentage: 0.27
=============== MODEL VALIDATING ===============
Testing on 1020 data:
+ Validation accuracy: 0.522
+ Keep percentage: 0.27
Train step: 2610/7200, GEN Train loss: 26.925, ENC Train loss: 1.247, Train accuracy: 0.594, Keep percentage: 0.26
Train step: 2620/7200, GEN Train loss: 21.137, ENC Train loss: 1.131, Train accuracy: 0.578, Keep percentage: 0.27
Train step: 2630/7200, GEN Train loss: 15.643, ENC Train loss: 1.216, Train accuracy: 0.516, Keep percentage: 0.25
Train step: 2640/7200, GEN Train loss: 15.488, ENC Train loss: 1.204, Train accuracy: 0.500, Keep percentage: 0.28
Train step: 2650/7200, GEN Train loss: 17.865, ENC Train loss: 1.223, Train accuracy: 0.547, Keep percentage: 0.27
Train step: 2660/7200, GEN Train loss: 15.205, ENC Train loss: 1.238, Train accuracy: 0.516, Keep percentage: 0.27
Train step: 2670/7200, GEN Train loss: 13.286, ENC Train loss: 1.195, Train accuracy: 0.531, Keep percentage: 0.26
Train step: 2680/7200, GEN Train loss: 15.004, ENC Train loss: 1.166, Train accuracy: 0.562, Keep percentage: 0.27
Train step: 2690/7200, GEN Train loss: 16.458, ENC Train loss: 1.173, Train accuracy: 0.531, Keep percentage: 0.29
Train step: 2700/7200, GEN Train loss: 14.788, ENC Train loss: 1.204, Train accuracy: 0.469, Keep percentage: 0.25
=============== MODEL VALIDATING ===============
Testing on 1020 data:
+ Validation accuracy: 0.523
+ Keep percentage: 0.27
Train step: 2710/7200, GEN Train loss: 14.687, ENC Train loss: 1.196, Train accuracy: 0.500, Keep percentage: 0.25
Train step: 2720/7200, GEN Train loss: 15.510, ENC Train loss: 1.206, Train accuracy: 0.562, Keep percentage: 0.27
Train step: 2730/7200, GEN Train loss: 15.697, ENC Train loss: 1.342, Train accuracy: 0.516, Keep percentage: 0.26
Train step: 2740/7200, GEN Train loss: 14.993, ENC Train loss: 1.166, Train accuracy: 0.531, Keep percentage: 0.29
Train step: 2750/7200, GEN Train loss: 12.817, ENC Train loss: 1.153, Train accuracy: 0.594, Keep percentage: 0.28
Train step: 2760/7200, GEN Train loss: 16.764, ENC Train loss: 1.433, Train accuracy: 0.547, Keep percentage: 0.30
Train step: 2770/7200, GEN Train loss: 19.139, ENC Train loss: 1.170, Train accuracy: 0.609, Keep percentage: 0.28
Train step: 2780/7200, GEN Train loss: 11.583, ENC Train loss: 1.236, Train accuracy: 0.547, Keep percentage: 0.27
Train step: 2790/7200, GEN Train loss: 13.376, ENC Train loss: 1.143, Train accuracy: 0.609, Keep percentage: 0.28
Train step: 2800/7200, GEN Train loss: 14.907, ENC Train loss: 1.159, Train accuracy: 0.562, Keep percentage: 0.30
=============== MODEL VALIDATING ===============
Testing on 1020 data:
+ Validation accuracy: 0.499
+ Keep percentage: 0.27
Train step: 2810/7200, GEN Train loss: 11.975, ENC Train loss: 1.203, Train accuracy: 0.484, Keep percentage: 0.24
Train step: 2820/7200, GEN Train loss: 22.719, ENC Train loss: 1.341, Train accuracy: 0.484, Keep percentage: 0.25
Train step: 2830/7200, GEN Train loss: 12.494, ENC Train loss: 1.186, Train accuracy: 0.531, Keep percentage: 0.25
Train step: 2840/7200, GEN Train loss: 21.341, ENC Train loss: 1.260, Train accuracy: 0.516, Keep percentage: 0.27
Train step: 2850/7200, GEN Train loss: 17.783, ENC Train loss: 1.171, Train accuracy: 0.625, Keep percentage: 0.26
Train step: 2860/7200, GEN Train loss: 14.578, ENC Train loss: 1.039, Train accuracy: 0.641, Keep percentage: 0.29
Train step: 2870/7200, GEN Train loss: 26.160, ENC Train loss: 1.211, Train accuracy: 0.594, Keep percentage: 0.27
Train step: 2880/7200, GEN Train loss: 15.235, ENC Train loss: 1.043, Train accuracy: 0.679, Keep percentage: 0.27
Train step: 2890/7200, GEN Train loss: 15.047, ENC Train loss: 1.225, Train accuracy: 0.484, Keep percentage: 0.27
Train step: 2900/7200, GEN Train loss: 13.992, ENC Train loss: 1.259, Train accuracy: 0.469, Keep percentage: 0.26
=============== MODEL VALIDATING ===============
Testing on 1020 data:
+ Validation accuracy: 0.500
+ Keep percentage: 0.27
Train step: 2910/7200, GEN Train loss: 20.115, ENC Train loss: 1.377, Train accuracy: 0.516, Keep percentage: 0.24
Train step: 2920/7200, GEN Train loss: 24.066, ENC Train loss: 1.329, Train accuracy: 0.469, Keep percentage: 0.26
Train step: 2930/7200, GEN Train loss: 14.138, ENC Train loss: 1.209, Train accuracy: 0.562, Keep percentage: 0.27
Train step: 2940/7200, GEN Train loss: 17.621, ENC Train loss: 1.311, Train accuracy: 0.500, Keep percentage: 0.28
Train step: 2950/7200, GEN Train loss: 16.045, ENC Train loss: 1.247, Train accuracy: 0.562, Keep percentage: 0.23
Train step: 2960/7200, GEN Train loss: 14.635, ENC Train loss: 1.192, Train accuracy: 0.609, Keep percentage: 0.27
Train step: 2970/7200, GEN Train loss: 18.727, ENC Train loss: 1.233, Train accuracy: 0.531, Keep percentage: 0.27
Train step: 2980/7200, GEN Train loss: 15.513, ENC Train loss: 1.326, Train accuracy: 0.500, Keep percentage: 0.24
Train step: 2990/7200, GEN Train loss: 13.603, ENC Train loss: 1.163, Train accuracy: 0.562, Keep percentage: 0.25
Train step: 3000/7200, GEN Train loss: 13.390, ENC Train loss: 1.271, Train accuracy: 0.500, Keep percentage: 0.31
=============== MODEL VALIDATING ===============
Testing on 1020 data:
+ Validation accuracy: 0.537
+ Keep percentage: 0.28
Train step: 3010/7200, GEN Train loss: 15.407, ENC Train loss: 1.255, Train accuracy: 0.609, Keep percentage: 0.27
Train step: 3020/7200, GEN Train loss: 15.974, ENC Train loss: 1.188, Train accuracy: 0.641, Keep percentage: 0.28
Train step: 3030/7200, GEN Train loss: 15.386, ENC Train loss: 1.253, Train accuracy: 0.500, Keep percentage: 0.29
Train step: 3040/7200, GEN Train loss: 16.865, ENC Train loss: 1.311, Train accuracy: 0.625, Keep percentage: 0.27
Train step: 3050/7200, GEN Train loss: 14.509, ENC Train loss: 1.240, Train accuracy: 0.531, Keep percentage: 0.26
Train step: 3060/7200, GEN Train loss: 15.057, ENC Train loss: 1.355, Train accuracy: 0.453, Keep percentage: 0.25
Train step: 3070/7200, GEN Train loss: 13.120, ENC Train loss: 1.122, Train accuracy: 0.625, Keep percentage: 0.28
Train step: 3080/7200, GEN Train loss: 13.688, ENC Train loss: 1.170, Train accuracy: 0.500, Keep percentage: 0.29
Train step: 3090/7200, GEN Train loss: 12.031, ENC Train loss: 0.980, Train accuracy: 0.641, Keep percentage: 0.29
Train step: 3100/7200, GEN Train loss: 15.367, ENC Train loss: 1.251, Train accuracy: 0.578, Keep percentage: 0.26
=============== MODEL VALIDATING ===============
Testing on 1020 data:
+ Validation accuracy: 0.537
+ Keep percentage: 0.28
Train step: 3110/7200, GEN Train loss: 15.641, ENC Train loss: 1.274, Train accuracy: 0.578, Keep percentage: 0.26
Train step: 3120/7200, GEN Train loss: 20.718, ENC Train loss: 1.183, Train accuracy: 0.547, Keep percentage: 0.28
Train step: 3130/7200, GEN Train loss: 17.118, ENC Train loss: 1.331, Train accuracy: 0.422, Keep percentage: 0.26
Train step: 3140/7200, GEN Train loss: 12.735, ENC Train loss: 1.146, Train accuracy: 0.578, Keep percentage: 0.26
Train step: 3150/7200, GEN Train loss: 14.352, ENC Train loss: 1.291, Train accuracy: 0.438, Keep percentage: 0.28
Train step: 3160/7200, GEN Train loss: 15.393, ENC Train loss: 1.316, Train accuracy: 0.531, Keep percentage: 0.29
Train step: 3170/7200, GEN Train loss: 18.638, ENC Train loss: 1.276, Train accuracy: 0.469, Keep percentage: 0.26
Train step: 3180/7200, GEN Train loss: 17.226, ENC Train loss: 1.228, Train accuracy: 0.469, Keep percentage: 0.28
Train step: 3190/7200, GEN Train loss: 14.548, ENC Train loss: 1.131, Train accuracy: 0.625, Keep percentage: 0.28
Train step: 3200/7200, GEN Train loss: 17.974, ENC Train loss: 1.183, Train accuracy: 0.531, Keep percentage: 0.26
=============== MODEL VALIDATING ===============
Testing on 1020 data:
+ Validation accuracy: 0.496
+ Keep percentage: 0.27
Train step: 3210/7200, GEN Train loss: 11.115, ENC Train loss: 1.117, Train accuracy: 0.562, Keep percentage: 0.29
Train step: 3220/7200, GEN Train loss: 18.328, ENC Train loss: 1.307, Train accuracy: 0.453, Keep percentage: 0.25
Train step: 3230/7200, GEN Train loss: 12.605, ENC Train loss: 1.134, Train accuracy: 0.562, Keep percentage: 0.29
Train step: 3240/7200, GEN Train loss: 15.697, ENC Train loss: 1.342, Train accuracy: 0.406, Keep percentage: 0.25
Train step: 3250/7200, GEN Train loss: 13.277, ENC Train loss: 1.135, Train accuracy: 0.531, Keep percentage: 0.27
Train step: 3260/7200, GEN Train loss: 13.861, ENC Train loss: 1.129, Train accuracy: 0.609, Keep percentage: 0.26
Train step: 3270/7200, GEN Train loss: 15.237, ENC Train loss: 1.185, Train accuracy: 0.516, Keep percentage: 0.28
Train step: 3280/7200, GEN Train loss: 11.639, ENC Train loss: 1.105, Train accuracy: 0.516, Keep percentage: 0.27
Train step: 3290/7200, GEN Train loss: 15.761, ENC Train loss: 1.283, Train accuracy: 0.469, Keep percentage: 0.27
Train step: 3300/7200, GEN Train loss: 13.551, ENC Train loss: 1.104, Train accuracy: 0.562, Keep percentage: 0.27
=============== MODEL VALIDATING ===============
Testing on 1020 data:
+ Validation accuracy: 0.519
+ Keep percentage: 0.27
Train step: 3310/7200, GEN Train loss: 18.710, ENC Train loss: 1.105, Train accuracy: 0.625, Keep percentage: 0.24
Train step: 3320/7200, GEN Train loss: 18.793, ENC Train loss: 1.110, Train accuracy: 0.500, Keep percentage: 0.26
Train step: 3330/7200, GEN Train loss: 19.110, ENC Train loss: 1.421, Train accuracy: 0.438, Keep percentage: 0.25
Train step: 3340/7200, GEN Train loss: 14.390, ENC Train loss: 1.172, Train accuracy: 0.578, Keep percentage: 0.31
Train step: 3350/7200, GEN Train loss: 19.256, ENC Train loss: 1.373, Train accuracy: 0.484, Keep percentage: 0.28
Train step: 3360/7200, GEN Train loss: 13.620, ENC Train loss: 1.225, Train accuracy: 0.578, Keep percentage: 0.27
Train step: 3370/7200, GEN Train loss: 17.325, ENC Train loss: 1.481, Train accuracy: 0.406, Keep percentage: 0.25
Train step: 3380/7200, GEN Train loss: 15.054, ENC Train loss: 1.354, Train accuracy: 0.453, Keep percentage: 0.28
Train step: 3390/7200, GEN Train loss: 14.330, ENC Train loss: 1.225, Train accuracy: 0.500, Keep percentage: 0.27
Train step: 3400/7200, GEN Train loss: 22.160, ENC Train loss: 1.116, Train accuracy: 0.672, Keep percentage: 0.29
=============== MODEL VALIDATING ===============
Testing on 1020 data:
+ Validation accuracy: 0.542
+ Keep percentage: 0.28
New highscore! Saving model...
Train step: 3410/7200, GEN Train loss: 13.706, ENC Train loss: 1.066, Train accuracy: 0.609, Keep percentage: 0.28
Train step: 3420/7200, GEN Train loss: 20.562, ENC Train loss: 1.257, Train accuracy: 0.531, Keep percentage: 0.29
Train step: 3430/7200, GEN Train loss: 15.082, ENC Train loss: 1.173, Train accuracy: 0.578, Keep percentage: 0.28
Train step: 3440/7200, GEN Train loss: 15.894, ENC Train loss: 1.294, Train accuracy: 0.484, Keep percentage: 0.27
Train step: 3450/7200, GEN Train loss: 16.697, ENC Train loss: 1.099, Train accuracy: 0.609, Keep percentage: 0.26
Train step: 3460/7200, GEN Train loss: 19.630, ENC Train loss: 1.159, Train accuracy: 0.547, Keep percentage: 0.26
Train step: 3470/7200, GEN Train loss: 11.358, ENC Train loss: 0.883, Train accuracy: 0.719, Keep percentage: 0.28
Train step: 3480/7200, GEN Train loss: 13.268, ENC Train loss: 1.260, Train accuracy: 0.469, Keep percentage: 0.25
Train step: 3490/7200, GEN Train loss: 16.699, ENC Train loss: 1.242, Train accuracy: 0.469, Keep percentage: 0.28
Train step: 3500/7200, GEN Train loss: 12.056, ENC Train loss: 1.145, Train accuracy: 0.609, Keep percentage: 0.26
=============== MODEL VALIDATING ===============
Testing on 1020 data:
+ Validation accuracy: 0.516
+ Keep percentage: 0.27
Train step: 3510/7200, GEN Train loss: 15.599, ENC Train loss: 1.213, Train accuracy: 0.516, Keep percentage: 0.28
Train step: 3520/7200, GEN Train loss: 14.708, ENC Train loss: 1.257, Train accuracy: 0.531, Keep percentage: 0.26
Train step: 3530/7200, GEN Train loss: 17.002, ENC Train loss: 1.385, Train accuracy: 0.453, Keep percentage: 0.25
Train step: 3540/7200, GEN Train loss: 13.636, ENC Train loss: 1.227, Train accuracy: 0.516, Keep percentage: 0.28
Train step: 3550/7200, GEN Train loss: 10.824, ENC Train loss: 1.088, Train accuracy: 0.609, Keep percentage: 0.26
Train step: 3560/7200, GEN Train loss: 15.265, ENC Train loss: 1.045, Train accuracy: 0.672, Keep percentage: 0.30
Train step: 3570/7200, GEN Train loss: 13.586, ENC Train loss: 1.056, Train accuracy: 0.688, Keep percentage: 0.29
Train step: 3580/7200, GEN Train loss: 15.237, ENC Train loss: 1.303, Train accuracy: 0.500, Keep percentage: 0.28
Train step: 3590/7200, GEN Train loss: 13.476, ENC Train loss: 1.279, Train accuracy: 0.469, Keep percentage: 0.25
Train step: 3600/7200, GEN Train loss: 10.370, ENC Train loss: 0.985, Train accuracy: 0.607, Keep percentage: 0.25
=============== MODEL VALIDATING ===============
Testing on 1020 data:
+ Validation accuracy: 0.514
+ Keep percentage: 0.27
Train step: 3610/7200, GEN Train loss: 15.478, ENC Train loss: 1.260, Train accuracy: 0.531, Keep percentage: 0.28
Train step: 3620/7200, GEN Train loss: 15.806, ENC Train loss: 1.287, Train accuracy: 0.500, Keep percentage: 0.29
Train step: 3630/7200, GEN Train loss: 9.580, ENC Train loss: 0.819, Train accuracy: 0.672, Keep percentage: 0.31
Train step: 3640/7200, GEN Train loss: 12.683, ENC Train loss: 1.141, Train accuracy: 0.562, Keep percentage: 0.28
Train step: 3650/7200, GEN Train loss: 15.927, ENC Train loss: 1.090, Train accuracy: 0.547, Keep percentage: 0.26
Train step: 3660/7200, GEN Train loss: 12.497, ENC Train loss: 1.124, Train accuracy: 0.578, Keep percentage: 0.25
Train step: 3670/7200, GEN Train loss: 16.413, ENC Train loss: 1.170, Train accuracy: 0.578, Keep percentage: 0.27
Train step: 3680/7200, GEN Train loss: 13.131, ENC Train loss: 1.181, Train accuracy: 0.641, Keep percentage: 0.26
Train step: 3690/7200, GEN Train loss: 21.917, ENC Train loss: 1.173, Train accuracy: 0.688, Keep percentage: 0.29
Train step: 3700/7200, GEN Train loss: 13.831, ENC Train loss: 1.075, Train accuracy: 0.578, Keep percentage: 0.31
=============== MODEL VALIDATING ===============
Testing on 1020 data:
+ Validation accuracy: 0.532
+ Keep percentage: 0.27
Train step: 3710/7200, GEN Train loss: 18.248, ENC Train loss: 1.357, Train accuracy: 0.438, Keep percentage: 0.23
Train step: 3720/7200, GEN Train loss: 13.922, ENC Train loss: 1.252, Train accuracy: 0.531, Keep percentage: 0.25
Train step: 3730/7200, GEN Train loss: 22.005, ENC Train loss: 1.299, Train accuracy: 0.500, Keep percentage: 0.26
Train step: 3740/7200, GEN Train loss: 14.107, ENC Train loss: 1.149, Train accuracy: 0.609, Keep percentage: 0.28
Train step: 3750/7200, GEN Train loss: 12.776, ENC Train loss: 1.213, Train accuracy: 0.531, Keep percentage: 0.27
Train step: 3760/7200, GEN Train loss: 14.497, ENC Train loss: 1.304, Train accuracy: 0.547, Keep percentage: 0.24
Train step: 3770/7200, GEN Train loss: 14.535, ENC Train loss: 1.130, Train accuracy: 0.594, Keep percentage: 0.27
Train step: 3780/7200, GEN Train loss: 15.865, ENC Train loss: 1.292, Train accuracy: 0.562, Keep percentage: 0.29
Train step: 3790/7200, GEN Train loss: 10.560, ENC Train loss: 1.061, Train accuracy: 0.531, Keep percentage: 0.32
Train step: 3800/7200, GEN Train loss: 26.361, ENC Train loss: 1.221, Train accuracy: 0.609, Keep percentage: 0.28
=============== MODEL VALIDATING ===============
Testing on 1020 data:
+ Validation accuracy: 0.552
+ Keep percentage: 0.26
New highscore! Saving model...
Train step: 3810/7200, GEN Train loss: 17.443, ENC Train loss: 1.194, Train accuracy: 0.500, Keep percentage: 0.29
Train step: 3820/7200, GEN Train loss: 13.915, ENC Train loss: 1.252, Train accuracy: 0.516, Keep percentage: 0.27
Train step: 3830/7200, GEN Train loss: 14.711, ENC Train loss: 1.258, Train accuracy: 0.547, Keep percentage: 0.27
Train step: 3840/7200, GEN Train loss: 12.298, ENC Train loss: 0.915, Train accuracy: 0.734, Keep percentage: 0.29
Train step: 3850/7200, GEN Train loss: 23.019, ENC Train loss: 1.359, Train accuracy: 0.531, Keep percentage: 0.27
Train step: 3860/7200, GEN Train loss: 16.617, ENC Train loss: 1.094, Train accuracy: 0.578, Keep percentage: 0.26
Train step: 3870/7200, GEN Train loss: 11.918, ENC Train loss: 0.971, Train accuracy: 0.688, Keep percentage: 0.28
Train step: 3880/7200, GEN Train loss: 10.435, ENC Train loss: 1.049, Train accuracy: 0.578, Keep percentage: 0.26
Train step: 3890/7200, GEN Train loss: 15.525, ENC Train loss: 1.107, Train accuracy: 0.625, Keep percentage: 0.28
Train step: 3900/7200, GEN Train loss: 14.379, ENC Train loss: 1.118, Train accuracy: 0.625, Keep percentage: 0.25
=============== MODEL VALIDATING ===============
Testing on 1020 data:
+ Validation accuracy: 0.525
+ Keep percentage: 0.28
Train step: 3910/7200, GEN Train loss: 17.378, ENC Train loss: 1.144, Train accuracy: 0.578, Keep percentage: 0.26
Train step: 3920/7200, GEN Train loss: 12.568, ENC Train loss: 1.263, Train accuracy: 0.594, Keep percentage: 0.27
Train step: 3930/7200, GEN Train loss: 16.968, ENC Train loss: 1.117, Train accuracy: 0.641, Keep percentage: 0.27
Train step: 3940/7200, GEN Train loss: 15.168, ENC Train loss: 1.128, Train accuracy: 0.625, Keep percentage: 0.26
Train step: 3950/7200, GEN Train loss: 21.922, ENC Train loss: 1.294, Train accuracy: 0.594, Keep percentage: 0.27
Train step: 3960/7200, GEN Train loss: 23.507, ENC Train loss: 1.184, Train accuracy: 0.516, Keep percentage: 0.27
Train step: 3970/7200, GEN Train loss: 16.413, ENC Train loss: 1.276, Train accuracy: 0.438, Keep percentage: 0.26
Train step: 3980/7200, GEN Train loss: 13.323, ENC Train loss: 1.199, Train accuracy: 0.562, Keep percentage: 0.28
Train step: 3990/7200, GEN Train loss: 19.078, ENC Train loss: 1.256, Train accuracy: 0.500, Keep percentage: 0.29
Train step: 4000/7200, GEN Train loss: 13.677, ENC Train loss: 1.114, Train accuracy: 0.531, Keep percentage: 0.26
=============== MODEL VALIDATING ===============
Testing on 1020 data:
+ Validation accuracy: 0.508
+ Keep percentage: 0.26
Train step: 4010/7200, GEN Train loss: 17.260, ENC Train loss: 1.342, Train accuracy: 0.516, Keep percentage: 0.28
Train step: 4020/7200, GEN Train loss: 17.051, ENC Train loss: 1.167, Train accuracy: 0.594, Keep percentage: 0.28
Train step: 4030/7200, GEN Train loss: 10.022, ENC Train loss: 1.007, Train accuracy: 0.578, Keep percentage: 0.25
Train step: 4040/7200, GEN Train loss: 13.518, ENC Train loss: 1.216, Train accuracy: 0.578, Keep percentage: 0.28
Train step: 4050/7200, GEN Train loss: 14.777, ENC Train loss: 1.099, Train accuracy: 0.609, Keep percentage: 0.28
Train step: 4060/7200, GEN Train loss: 17.921, ENC Train loss: 1.333, Train accuracy: 0.516, Keep percentage: 0.26
Train step: 4070/7200, GEN Train loss: 22.069, ENC Train loss: 1.303, Train accuracy: 0.562, Keep percentage: 0.28
Train step: 4080/7200, GEN Train loss: 19.866, ENC Train loss: 1.173, Train accuracy: 0.562, Keep percentage: 0.30
Train step: 4090/7200, GEN Train loss: 20.908, ENC Train loss: 1.234, Train accuracy: 0.500, Keep percentage: 0.27
Train step: 4100/7200, GEN Train loss: 19.079, ENC Train loss: 1.054, Train accuracy: 0.656, Keep percentage: 0.26
=============== MODEL VALIDATING ===============
Testing on 1020 data:
+ Validation accuracy: 0.520
+ Keep percentage: 0.27
Train step: 4110/7200, GEN Train loss: 17.516, ENC Train loss: 1.249, Train accuracy: 0.516, Keep percentage: 0.27
Train step: 4120/7200, GEN Train loss: 15.168, ENC Train loss: 1.235, Train accuracy: 0.562, Keep percentage: 0.24
Train step: 4130/7200, GEN Train loss: 13.628, ENC Train loss: 1.294, Train accuracy: 0.469, Keep percentage: 0.25
Train step: 4140/7200, GEN Train loss: 15.878, ENC Train loss: 1.181, Train accuracy: 0.609, Keep percentage: 0.28
Train step: 4150/7200, GEN Train loss: 14.525, ENC Train loss: 1.129, Train accuracy: 0.562, Keep percentage: 0.27
Train step: 4160/7200, GEN Train loss: 14.261, ENC Train loss: 1.161, Train accuracy: 0.531, Keep percentage: 0.27
Train step: 4170/7200, GEN Train loss: 16.522, ENC Train loss: 1.285, Train accuracy: 0.500, Keep percentage: 0.26
Train step: 4180/7200, GEN Train loss: 17.501, ENC Train loss: 1.425, Train accuracy: 0.438, Keep percentage: 0.28
Train step: 4190/7200, GEN Train loss: 15.953, ENC Train loss: 1.137, Train accuracy: 0.531, Keep percentage: 0.28
Train step: 4200/7200, GEN Train loss: 19.060, ENC Train loss: 1.165, Train accuracy: 0.516, Keep percentage: 0.27
=============== MODEL VALIDATING ===============
Testing on 1020 data:
+ Validation accuracy: 0.509
+ Keep percentage: 0.27
Train step: 4210/7200, GEN Train loss: 14.470, ENC Train loss: 1.178, Train accuracy: 0.594, Keep percentage: 0.29
Train step: 4220/7200, GEN Train loss: 11.697, ENC Train loss: 1.110, Train accuracy: 0.625, Keep percentage: 0.27
Train step: 4230/7200, GEN Train loss: 14.847, ENC Train loss: 1.154, Train accuracy: 0.594, Keep percentage: 0.27
Train step: 4240/7200, GEN Train loss: 12.433, ENC Train loss: 1.063, Train accuracy: 0.656, Keep percentage: 0.28
Train step: 4250/7200, GEN Train loss: 14.133, ENC Train loss: 1.099, Train accuracy: 0.562, Keep percentage: 0.26
Train step: 4260/7200, GEN Train loss: 18.071, ENC Train loss: 1.190, Train accuracy: 0.578, Keep percentage: 0.27
Train step: 4270/7200, GEN Train loss: 15.121, ENC Train loss: 1.176, Train accuracy: 0.578, Keep percentage: 0.28
Train step: 4280/7200, GEN Train loss: 14.263, ENC Train loss: 1.354, Train accuracy: 0.453, Keep percentage: 0.25
Train step: 4290/7200, GEN Train loss: 14.976, ENC Train loss: 1.068, Train accuracy: 0.641, Keep percentage: 0.28
Train step: 4300/7200, GEN Train loss: 17.244, ENC Train loss: 1.135, Train accuracy: 0.547, Keep percentage: 0.27
=============== MODEL VALIDATING ===============
Testing on 1020 data:
+ Validation accuracy: 0.540
+ Keep percentage: 0.27
Train step: 4310/7200, GEN Train loss: 19.010, ENC Train loss: 1.301, Train accuracy: 0.562, Keep percentage: 0.28
Train step: 4320/7200, GEN Train loss: 13.414, ENC Train loss: 1.207, Train accuracy: 0.464, Keep percentage: 0.24
Train step: 4330/7200, GEN Train loss: 17.215, ENC Train loss: 1.402, Train accuracy: 0.438, Keep percentage: 0.26
Train step: 4340/7200, GEN Train loss: 16.038, ENC Train loss: 1.098, Train accuracy: 0.562, Keep percentage: 0.28
Train step: 4350/7200, GEN Train loss: 11.579, ENC Train loss: 1.099, Train accuracy: 0.594, Keep percentage: 0.27
Train step: 4360/7200, GEN Train loss: 15.345, ENC Train loss: 1.193, Train accuracy: 0.516, Keep percentage: 0.26
Train step: 4370/7200, GEN Train loss: 12.104, ENC Train loss: 1.216, Train accuracy: 0.516, Keep percentage: 0.28
Train step: 4380/7200, GEN Train loss: 17.106, ENC Train loss: 1.220, Train accuracy: 0.531, Keep percentage: 0.28
Train step: 4390/7200, GEN Train loss: 21.630, ENC Train loss: 1.323, Train accuracy: 0.469, Keep percentage: 0.28
Train step: 4400/7200, GEN Train loss: 14.355, ENC Train loss: 1.169, Train accuracy: 0.547, Keep percentage: 0.25
=============== MODEL VALIDATING ===============
Testing on 1020 data:
+ Validation accuracy: 0.521
+ Keep percentage: 0.27
Train step: 4410/7200, GEN Train loss: 16.777, ENC Train loss: 1.304, Train accuracy: 0.453, Keep percentage: 0.27
Train step: 4420/7200, GEN Train loss: 14.777, ENC Train loss: 1.149, Train accuracy: 0.578, Keep percentage: 0.29
Train step: 4430/7200, GEN Train loss: 22.149, ENC Train loss: 1.224, Train accuracy: 0.500, Keep percentage: 0.27
Train step: 4440/7200, GEN Train loss: 12.355, ENC Train loss: 1.006, Train accuracy: 0.641, Keep percentage: 0.27
Train step: 4450/7200, GEN Train loss: 20.377, ENC Train loss: 1.203, Train accuracy: 0.562, Keep percentage: 0.29
Train step: 4460/7200, GEN Train loss: 10.605, ENC Train loss: 1.207, Train accuracy: 0.484, Keep percentage: 0.29
Train step: 4470/7200, GEN Train loss: 13.951, ENC Train loss: 1.136, Train accuracy: 0.641, Keep percentage: 0.30
Train step: 4480/7200, GEN Train loss: 15.300, ENC Train loss: 1.190, Train accuracy: 0.594, Keep percentage: 0.28
Train step: 4490/7200, GEN Train loss: 17.336, ENC Train loss: 1.187, Train accuracy: 0.625, Keep percentage: 0.25
Train step: 4500/7200, GEN Train loss: 13.959, ENC Train loss: 1.137, Train accuracy: 0.547, Keep percentage: 0.27
=============== MODEL VALIDATING ===============
Testing on 1020 data:
+ Validation accuracy: 0.531
+ Keep percentage: 0.28
Train step: 4510/7200, GEN Train loss: 12.861, ENC Train loss: 1.047, Train accuracy: 0.594, Keep percentage: 0.26
Train step: 4520/7200, GEN Train loss: 11.816, ENC Train loss: 1.187, Train accuracy: 0.484, Keep percentage: 0.26
Train step: 4530/7200, GEN Train loss: 20.429, ENC Train loss: 1.093, Train accuracy: 0.625, Keep percentage: 0.29
Train step: 4540/7200, GEN Train loss: 12.121, ENC Train loss: 0.987, Train accuracy: 0.672, Keep percentage: 0.26
Train step: 4550/7200, GEN Train loss: 23.829, ENC Train loss: 1.275, Train accuracy: 0.500, Keep percentage: 0.25
Train step: 4560/7200, GEN Train loss: 13.357, ENC Train loss: 1.088, Train accuracy: 0.516, Keep percentage: 0.29
Train step: 4570/7200, GEN Train loss: 15.996, ENC Train loss: 1.244, Train accuracy: 0.500, Keep percentage: 0.26
Train step: 4580/7200, GEN Train loss: 21.908, ENC Train loss: 1.210, Train accuracy: 0.500, Keep percentage: 0.26
Train step: 4590/7200, GEN Train loss: 15.238, ENC Train loss: 1.086, Train accuracy: 0.547, Keep percentage: 0.28
Train step: 4600/7200, GEN Train loss: 13.197, ENC Train loss: 1.187, Train accuracy: 0.531, Keep percentage: 0.27
=============== MODEL VALIDATING ===============
Testing on 1020 data:
+ Validation accuracy: 0.538
+ Keep percentage: 0.28
Train step: 4610/7200, GEN Train loss: 18.490, ENC Train loss: 1.092, Train accuracy: 0.719, Keep percentage: 0.30
Train step: 4620/7200, GEN Train loss: 14.943, ENC Train loss: 1.344, Train accuracy: 0.375, Keep percentage: 0.25
Train step: 4630/7200, GEN Train loss: 13.103, ENC Train loss: 1.019, Train accuracy: 0.641, Keep percentage: 0.28
Train step: 4640/7200, GEN Train loss: 12.582, ENC Train loss: 1.132, Train accuracy: 0.547, Keep percentage: 0.26
Train step: 4650/7200, GEN Train loss: 14.942, ENC Train loss: 0.984, Train accuracy: 0.672, Keep percentage: 0.26
Train step: 4660/7200, GEN Train loss: 14.594, ENC Train loss: 1.188, Train accuracy: 0.500, Keep percentage: 0.26
Train step: 4670/7200, GEN Train loss: 25.987, ENC Train loss: 1.391, Train accuracy: 0.438, Keep percentage: 0.25
Train step: 4680/7200, GEN Train loss: 13.202, ENC Train loss: 1.075, Train accuracy: 0.625, Keep percentage: 0.29
Train step: 4690/7200, GEN Train loss: 23.264, ENC Train loss: 1.172, Train accuracy: 0.609, Keep percentage: 0.26
Train step: 4700/7200, GEN Train loss: 17.755, ENC Train loss: 1.266, Train accuracy: 0.594, Keep percentage: 0.27
=============== MODEL VALIDATING ===============
Testing on 1020 data:
+ Validation accuracy: 0.544
+ Keep percentage: 0.27
Train step: 4710/7200, GEN Train loss: 17.026, ENC Train loss: 1.214, Train accuracy: 0.562, Keep percentage: 0.28
Train step: 4720/7200, GEN Train loss: 10.924, ENC Train loss: 0.934, Train accuracy: 0.688, Keep percentage: 0.29
Train step: 4730/7200, GEN Train loss: 16.311, ENC Train loss: 1.268, Train accuracy: 0.562, Keep percentage: 0.26
Train step: 4740/7200, GEN Train loss: 14.419, ENC Train loss: 1.233, Train accuracy: 0.516, Keep percentage: 0.28
Train step: 4750/7200, GEN Train loss: 14.366, ENC Train loss: 1.170, Train accuracy: 0.578, Keep percentage: 0.27
Train step: 4760/7200, GEN Train loss: 12.650, ENC Train loss: 1.138, Train accuracy: 0.625, Keep percentage: 0.27
Train step: 4770/7200, GEN Train loss: 21.431, ENC Train loss: 1.310, Train accuracy: 0.438, Keep percentage: 0.29
Train step: 4780/7200, GEN Train loss: 14.817, ENC Train loss: 1.333, Train accuracy: 0.422, Keep percentage: 0.26
Train step: 4790/7200, GEN Train loss: 11.801, ENC Train loss: 1.062, Train accuracy: 0.625, Keep percentage: 0.28
Train step: 4800/7200, GEN Train loss: 11.909, ENC Train loss: 1.131, Train accuracy: 0.578, Keep percentage: 0.26
=============== MODEL VALIDATING ===============
Testing on 1020 data:
+ Validation accuracy: 0.533
+ Keep percentage: 0.27
Train step: 4810/7200, GEN Train loss: 16.691, ENC Train loss: 1.241, Train accuracy: 0.578, Keep percentage: 0.26
Train step: 4820/7200, GEN Train loss: 16.960, ENC Train loss: 1.116, Train accuracy: 0.609, Keep percentage: 0.24
Train step: 4830/7200, GEN Train loss: 16.067, ENC Train loss: 1.195, Train accuracy: 0.469, Keep percentage: 0.27
Train step: 4840/7200, GEN Train loss: 12.168, ENC Train loss: 1.095, Train accuracy: 0.547, Keep percentage: 0.26
Train step: 4850/7200, GEN Train loss: 11.981, ENC Train loss: 1.137, Train accuracy: 0.547, Keep percentage: 0.28
Train step: 4860/7200, GEN Train loss: 13.785, ENC Train loss: 1.178, Train accuracy: 0.500, Keep percentage: 0.27
Train step: 4870/7200, GEN Train loss: 13.504, ENC Train loss: 1.100, Train accuracy: 0.703, Keep percentage: 0.29
Train step: 4880/7200, GEN Train loss: 15.239, ENC Train loss: 1.134, Train accuracy: 0.594, Keep percentage: 0.27
Train step: 4890/7200, GEN Train loss: 13.215, ENC Train loss: 1.027, Train accuracy: 0.578, Keep percentage: 0.28
Train step: 4900/7200, GEN Train loss: 14.858, ENC Train loss: 1.155, Train accuracy: 0.562, Keep percentage: 0.27
=============== MODEL VALIDATING ===============
Testing on 1020 data:
+ Validation accuracy: 0.543
+ Keep percentage: 0.27
Train step: 4910/7200, GEN Train loss: 22.098, ENC Train loss: 1.183, Train accuracy: 0.609, Keep percentage: 0.25
Train step: 4920/7200, GEN Train loss: 11.554, ENC Train loss: 1.097, Train accuracy: 0.562, Keep percentage: 0.27
Train step: 4930/7200, GEN Train loss: 18.235, ENC Train loss: 1.248, Train accuracy: 0.547, Keep percentage: 0.25
Train step: 4940/7200, GEN Train loss: 11.598, ENC Train loss: 1.101, Train accuracy: 0.516, Keep percentage: 0.27
Train step: 4950/7200, GEN Train loss: 11.681, ENC Train loss: 1.051, Train accuracy: 0.609, Keep percentage: 0.27
Train step: 4960/7200, GEN Train loss: 13.619, ENC Train loss: 1.059, Train accuracy: 0.656, Keep percentage: 0.28
Train step: 4970/7200, GEN Train loss: 9.924, ENC Train loss: 1.059, Train accuracy: 0.547, Keep percentage: 0.27
Train step: 4980/7200, GEN Train loss: 21.726, ENC Train loss: 1.163, Train accuracy: 0.516, Keep percentage: 0.26
Train step: 4990/7200, GEN Train loss: 10.608, ENC Train loss: 1.132, Train accuracy: 0.531, Keep percentage: 0.29
Train step: 5000/7200, GEN Train loss: 13.527, ENC Train loss: 1.217, Train accuracy: 0.484, Keep percentage: 0.24
=============== MODEL VALIDATING ===============
Testing on 1020 data:
+ Validation accuracy: 0.508
+ Keep percentage: 0.27
Train step: 5010/7200, GEN Train loss: 18.959, ENC Train loss: 1.248, Train accuracy: 0.500, Keep percentage: 0.24
Train step: 5020/7200, GEN Train loss: 16.151, ENC Train loss: 0.987, Train accuracy: 0.672, Keep percentage: 0.28
Train step: 5030/7200, GEN Train loss: 15.516, ENC Train loss: 1.154, Train accuracy: 0.578, Keep percentage: 0.26
Train step: 5040/7200, GEN Train loss: 13.650, ENC Train loss: 1.112, Train accuracy: 0.536, Keep percentage: 0.29
Train step: 5050/7200, GEN Train loss: 11.784, ENC Train loss: 1.060, Train accuracy: 0.609, Keep percentage: 0.25
Train step: 5060/7200, GEN Train loss: 11.816, ENC Train loss: 1.122, Train accuracy: 0.609, Keep percentage: 0.30
Train step: 5070/7200, GEN Train loss: 13.333, ENC Train loss: 1.140, Train accuracy: 0.531, Keep percentage: 0.29
Train step: 5080/7200, GEN Train loss: 16.417, ENC Train loss: 1.124, Train accuracy: 0.594, Keep percentage: 0.27
Train step: 5090/7200, GEN Train loss: 12.669, ENC Train loss: 1.203, Train accuracy: 0.516, Keep percentage: 0.26
Train step: 5100/7200, GEN Train loss: 13.256, ENC Train loss: 1.031, Train accuracy: 0.641, Keep percentage: 0.29
=============== MODEL VALIDATING ===============
Testing on 1020 data:
+ Validation accuracy: 0.544
+ Keep percentage: 0.27
Train step: 5110/7200, GEN Train loss: 15.039, ENC Train loss: 1.119, Train accuracy: 0.578, Keep percentage: 0.26
Train step: 5120/7200, GEN Train loss: 20.465, ENC Train loss: 1.208, Train accuracy: 0.609, Keep percentage: 0.28
Train step: 5130/7200, GEN Train loss: 16.355, ENC Train loss: 1.166, Train accuracy: 0.578, Keep percentage: 0.25
Train step: 5140/7200, GEN Train loss: 16.634, ENC Train loss: 1.237, Train accuracy: 0.531, Keep percentage: 0.29
Train step: 5150/7200, GEN Train loss: 18.807, ENC Train loss: 1.150, Train accuracy: 0.562, Keep percentage: 0.26
Train step: 5160/7200, GEN Train loss: 14.612, ENC Train loss: 1.087, Train accuracy: 0.656, Keep percentage: 0.27
Train step: 5170/7200, GEN Train loss: 15.849, ENC Train loss: 1.232, Train accuracy: 0.656, Keep percentage: 0.28
Train step: 5180/7200, GEN Train loss: 15.189, ENC Train loss: 1.366, Train accuracy: 0.484, Keep percentage: 0.27
Train step: 5190/7200, GEN Train loss: 13.105, ENC Train loss: 1.120, Train accuracy: 0.516, Keep percentage: 0.28
Train step: 5200/7200, GEN Train loss: 20.729, ENC Train loss: 1.109, Train accuracy: 0.578, Keep percentage: 0.30
=============== MODEL VALIDATING ===============
Testing on 1020 data:
+ Validation accuracy: 0.520
+ Keep percentage: 0.27
Train step: 5210/7200, GEN Train loss: 13.517, ENC Train loss: 1.051, Train accuracy: 0.625, Keep percentage: 0.26
Train step: 5220/7200, GEN Train loss: 19.298, ENC Train loss: 1.376, Train accuracy: 0.406, Keep percentage: 0.28
Train step: 5230/7200, GEN Train loss: 12.047, ENC Train loss: 1.084, Train accuracy: 0.562, Keep percentage: 0.27
Train step: 5240/7200, GEN Train loss: 18.518, ENC Train loss: 1.268, Train accuracy: 0.562, Keep percentage: 0.24
Train step: 5250/7200, GEN Train loss: 16.739, ENC Train loss: 1.245, Train accuracy: 0.578, Keep percentage: 0.26
Train step: 5260/7200, GEN Train loss: 16.826, ENC Train loss: 1.152, Train accuracy: 0.578, Keep percentage: 0.28
Train step: 5270/7200, GEN Train loss: 12.887, ENC Train loss: 1.159, Train accuracy: 0.609, Keep percentage: 0.27
Train step: 5280/7200, GEN Train loss: 18.342, ENC Train loss: 1.207, Train accuracy: 0.547, Keep percentage: 0.27
Train step: 5290/7200, GEN Train loss: 15.801, ENC Train loss: 1.287, Train accuracy: 0.469, Keep percentage: 0.27
Train step: 5300/7200, GEN Train loss: 18.237, ENC Train loss: 1.077, Train accuracy: 0.609, Keep percentage: 0.30
=============== MODEL VALIDATING ===============
Testing on 1020 data:
+ Validation accuracy: 0.541
+ Keep percentage: 0.28
Train step: 5310/7200, GEN Train loss: 13.226, ENC Train loss: 1.190, Train accuracy: 0.547, Keep percentage: 0.26
Train step: 5320/7200, GEN Train loss: 13.177, ENC Train loss: 1.185, Train accuracy: 0.594, Keep percentage: 0.24
Train step: 5330/7200, GEN Train loss: 21.877, ENC Train loss: 1.102, Train accuracy: 0.641, Keep percentage: 0.29
Train step: 5340/7200, GEN Train loss: 19.086, ENC Train loss: 1.127, Train accuracy: 0.500, Keep percentage: 0.29
Train step: 5350/7200, GEN Train loss: 16.575, ENC Train loss: 1.135, Train accuracy: 0.547, Keep percentage: 0.26
Train step: 5360/7200, GEN Train loss: 11.053, ENC Train loss: 0.994, Train accuracy: 0.688, Keep percentage: 0.25
Train step: 5370/7200, GEN Train loss: 12.647, ENC Train loss: 1.138, Train accuracy: 0.516, Keep percentage: 0.27
Train step: 5380/7200, GEN Train loss: 11.167, ENC Train loss: 1.060, Train accuracy: 0.656, Keep percentage: 0.27
Train step: 5390/7200, GEN Train loss: 18.834, ENC Train loss: 1.240, Train accuracy: 0.594, Keep percentage: 0.28
Train step: 5400/7200, GEN Train loss: 15.740, ENC Train loss: 1.346, Train accuracy: 0.500, Keep percentage: 0.28
=============== MODEL VALIDATING ===============
Testing on 1020 data:
+ Validation accuracy: 0.520
+ Keep percentage: 0.26
Train step: 5410/7200, GEN Train loss: 16.486, ENC Train loss: 1.175, Train accuracy: 0.609, Keep percentage: 0.28
Train step: 5420/7200, GEN Train loss: 13.142, ENC Train loss: 1.182, Train accuracy: 0.594, Keep percentage: 0.27
Train step: 5430/7200, GEN Train loss: 11.556, ENC Train loss: 0.988, Train accuracy: 0.734, Keep percentage: 0.27
Train step: 5440/7200, GEN Train loss: 17.641, ENC Train loss: 1.437, Train accuracy: 0.391, Keep percentage: 0.25
Train step: 5450/7200, GEN Train loss: 9.559, ENC Train loss: 1.020, Train accuracy: 0.562, Keep percentage: 0.27
Train step: 5460/7200, GEN Train loss: 13.449, ENC Train loss: 1.046, Train accuracy: 0.609, Keep percentage: 0.27
Train step: 5470/7200, GEN Train loss: 15.412, ENC Train loss: 1.099, Train accuracy: 0.594, Keep percentage: 0.28
Train step: 5480/7200, GEN Train loss: 11.492, ENC Train loss: 1.155, Train accuracy: 0.547, Keep percentage: 0.28
Train step: 5490/7200, GEN Train loss: 13.539, ENC Train loss: 1.285, Train accuracy: 0.609, Keep percentage: 0.33
Train step: 5500/7200, GEN Train loss: 13.767, ENC Train loss: 1.070, Train accuracy: 0.656, Keep percentage: 0.26
=============== MODEL VALIDATING ===============
Testing on 1020 data:
+ Validation accuracy: 0.525
+ Keep percentage: 0.26
Train step: 5510/7200, GEN Train loss: 10.092, ENC Train loss: 1.014, Train accuracy: 0.672, Keep percentage: 0.27
Train step: 5520/7200, GEN Train loss: 16.509, ENC Train loss: 0.975, Train accuracy: 0.594, Keep percentage: 0.29
Train step: 5530/7200, GEN Train loss: 12.189, ENC Train loss: 1.097, Train accuracy: 0.516, Keep percentage: 0.26
Train step: 5540/7200, GEN Train loss: 15.586, ENC Train loss: 1.269, Train accuracy: 0.562, Keep percentage: 0.27
Train step: 5550/7200, GEN Train loss: 15.629, ENC Train loss: 1.215, Train accuracy: 0.484, Keep percentage: 0.25
Train step: 5560/7200, GEN Train loss: 21.221, ENC Train loss: 1.211, Train accuracy: 0.594, Keep percentage: 0.27
Train step: 5570/7200, GEN Train loss: 18.558, ENC Train loss: 1.096, Train accuracy: 0.656, Keep percentage: 0.29
Train step: 5580/7200, GEN Train loss: 16.935, ENC Train loss: 1.159, Train accuracy: 0.578, Keep percentage: 0.26
Train step: 5590/7200, GEN Train loss: 15.426, ENC Train loss: 1.147, Train accuracy: 0.594, Keep percentage: 0.30
Train step: 5600/7200, GEN Train loss: 13.745, ENC Train loss: 1.069, Train accuracy: 0.594, Keep percentage: 0.29
=============== MODEL VALIDATING ===============
Testing on 1020 data:
+ Validation accuracy: 0.514
+ Keep percentage: 0.26
Train step: 5610/7200, GEN Train loss: 12.993, ENC Train loss: 1.169, Train accuracy: 0.531, Keep percentage: 0.28
Train step: 5620/7200, GEN Train loss: 13.569, ENC Train loss: 1.221, Train accuracy: 0.594, Keep percentage: 0.25
Train step: 5630/7200, GEN Train loss: 13.928, ENC Train loss: 1.083, Train accuracy: 0.578, Keep percentage: 0.25
Train step: 5640/7200, GEN Train loss: 15.276, ENC Train loss: 1.089, Train accuracy: 0.531, Keep percentage: 0.29
Train step: 5650/7200, GEN Train loss: 12.540, ENC Train loss: 1.021, Train accuracy: 0.625, Keep percentage: 0.29
Train step: 5660/7200, GEN Train loss: 12.412, ENC Train loss: 1.178, Train accuracy: 0.531, Keep percentage: 0.26
Train step: 5670/7200, GEN Train loss: 15.084, ENC Train loss: 1.289, Train accuracy: 0.484, Keep percentage: 0.27
Train step: 5680/7200, GEN Train loss: 18.918, ENC Train loss: 1.349, Train accuracy: 0.531, Keep percentage: 0.26
Train step: 5690/7200, GEN Train loss: 13.031, ENC Train loss: 1.172, Train accuracy: 0.516, Keep percentage: 0.26
Train step: 5700/7200, GEN Train loss: 13.415, ENC Train loss: 1.207, Train accuracy: 0.578, Keep percentage: 0.29
=============== MODEL VALIDATING ===============
Testing on 1020 data:
+ Validation accuracy: 0.519
+ Keep percentage: 0.28
Train step: 5710/7200, GEN Train loss: 14.280, ENC Train loss: 0.977, Train accuracy: 0.672, Keep percentage: 0.27
Train step: 5720/7200, GEN Train loss: 11.880, ENC Train loss: 1.128, Train accuracy: 0.672, Keep percentage: 0.24
Train step: 5730/7200, GEN Train loss: 19.546, ENC Train loss: 1.195, Train accuracy: 0.516, Keep percentage: 0.25
Train step: 5740/7200, GEN Train loss: 17.176, ENC Train loss: 1.225, Train accuracy: 0.625, Keep percentage: 0.25
Train step: 5750/7200, GEN Train loss: 21.881, ENC Train loss: 1.292, Train accuracy: 0.547, Keep percentage: 0.26
Train step: 5760/7200, GEN Train loss: 11.612, ENC Train loss: 1.239, Train accuracy: 0.500, Keep percentage: 0.24
Train step: 5770/7200, GEN Train loss: 17.942, ENC Train loss: 1.279, Train accuracy: 0.547, Keep percentage: 0.26
Train step: 5780/7200, GEN Train loss: 11.347, ENC Train loss: 0.970, Train accuracy: 0.625, Keep percentage: 0.26
Train step: 5790/7200, GEN Train loss: 13.607, ENC Train loss: 1.108, Train accuracy: 0.625, Keep percentage: 0.28
Train step: 5800/7200, GEN Train loss: 10.267, ENC Train loss: 1.032, Train accuracy: 0.625, Keep percentage: 0.29
=============== MODEL VALIDATING ===============
Testing on 1020 data:
+ Validation accuracy: 0.556
+ Keep percentage: 0.27
New highscore! Saving model...
Train step: 5810/7200, GEN Train loss: 14.280, ENC Train loss: 1.285, Train accuracy: 0.469, Keep percentage: 0.26
Train step: 5820/7200, GEN Train loss: 16.650, ENC Train loss: 1.238, Train accuracy: 0.562, Keep percentage: 0.27
Train step: 5830/7200, GEN Train loss: 19.174, ENC Train loss: 1.313, Train accuracy: 0.484, Keep percentage: 0.26
Train step: 5840/7200, GEN Train loss: 15.529, ENC Train loss: 1.155, Train accuracy: 0.500, Keep percentage: 0.28
Train step: 5850/7200, GEN Train loss: 15.305, ENC Train loss: 1.190, Train accuracy: 0.578, Keep percentage: 0.29
Train step: 5860/7200, GEN Train loss: 13.663, ENC Train loss: 1.168, Train accuracy: 0.562, Keep percentage: 0.26
Train step: 5870/7200, GEN Train loss: 13.924, ENC Train loss: 1.083, Train accuracy: 0.656, Keep percentage: 0.26
Train step: 5880/7200, GEN Train loss: 18.234, ENC Train loss: 1.200, Train accuracy: 0.531, Keep percentage: 0.25
Train step: 5890/7200, GEN Train loss: 11.859, ENC Train loss: 0.966, Train accuracy: 0.688, Keep percentage: 0.25
Train step: 5900/7200, GEN Train loss: 14.083, ENC Train loss: 1.204, Train accuracy: 0.531, Keep percentage: 0.28
=============== MODEL VALIDATING ===============
Testing on 1020 data:
+ Validation accuracy: 0.577
+ Keep percentage: 0.28
New highscore! Saving model...
Train step: 5910/7200, GEN Train loss: 14.583, ENC Train loss: 1.134, Train accuracy: 0.578, Keep percentage: 0.25
Train step: 5920/7200, GEN Train loss: 14.984, ENC Train loss: 1.165, Train accuracy: 0.547, Keep percentage: 0.26
Train step: 5930/7200, GEN Train loss: 25.278, ENC Train loss: 1.171, Train accuracy: 0.609, Keep percentage: 0.25
Train step: 5940/7200, GEN Train loss: 18.542, ENC Train loss: 1.269, Train accuracy: 0.516, Keep percentage: 0.26
Train step: 5950/7200, GEN Train loss: 17.270, ENC Train loss: 1.137, Train accuracy: 0.562, Keep percentage: 0.28
Train step: 5960/7200, GEN Train loss: 12.487, ENC Train loss: 1.017, Train accuracy: 0.641, Keep percentage: 0.27
Train step: 5970/7200, GEN Train loss: 13.173, ENC Train loss: 1.126, Train accuracy: 0.562, Keep percentage: 0.26
Train step: 5980/7200, GEN Train loss: 12.891, ENC Train loss: 1.050, Train accuracy: 0.562, Keep percentage: 0.26
Train step: 5990/7200, GEN Train loss: 15.001, ENC Train loss: 1.166, Train accuracy: 0.516, Keep percentage: 0.26
Train step: 6000/7200, GEN Train loss: 13.944, ENC Train loss: 1.084, Train accuracy: 0.578, Keep percentage: 0.27
=============== MODEL VALIDATING ===============
Testing on 1020 data:
+ Validation accuracy: 0.543
+ Keep percentage: 0.27
Train step: 6010/7200, GEN Train loss: 25.827, ENC Train loss: 1.301, Train accuracy: 0.609, Keep percentage: 0.29
Train step: 6020/7200, GEN Train loss: 14.571, ENC Train loss: 1.084, Train accuracy: 0.609, Keep percentage: 0.31
Train step: 6030/7200, GEN Train loss: 17.224, ENC Train loss: 1.281, Train accuracy: 0.578, Keep percentage: 0.28
Train step: 6040/7200, GEN Train loss: 13.539, ENC Train loss: 1.053, Train accuracy: 0.609, Keep percentage: 0.25
Train step: 6050/7200, GEN Train loss: 11.181, ENC Train loss: 1.124, Train accuracy: 0.562, Keep percentage: 0.25
Train step: 6060/7200, GEN Train loss: 13.118, ENC Train loss: 1.121, Train accuracy: 0.609, Keep percentage: 0.25
Train step: 6070/7200, GEN Train loss: 21.630, ENC Train loss: 1.277, Train accuracy: 0.547, Keep percentage: 0.26
Train step: 6080/7200, GEN Train loss: 13.214, ENC Train loss: 1.027, Train accuracy: 0.625, Keep percentage: 0.27
Train step: 6090/7200, GEN Train loss: 11.978, ENC Train loss: 1.137, Train accuracy: 0.594, Keep percentage: 0.29
Train step: 6100/7200, GEN Train loss: 12.700, ENC Train loss: 1.143, Train accuracy: 0.562, Keep percentage: 0.25
=============== MODEL VALIDATING ===============
Testing on 1020 data:
+ Validation accuracy: 0.526
+ Keep percentage: 0.27
Train step: 6110/7200, GEN Train loss: 21.377, ENC Train loss: 1.144, Train accuracy: 0.578, Keep percentage: 0.26
Train step: 6120/7200, GEN Train loss: 23.050, ENC Train loss: 1.234, Train accuracy: 0.609, Keep percentage: 0.27
Train step: 6130/7200, GEN Train loss: 11.837, ENC Train loss: 1.065, Train accuracy: 0.641, Keep percentage: 0.27
Train step: 6140/7200, GEN Train loss: 14.169, ENC Train loss: 1.154, Train accuracy: 0.578, Keep percentage: 0.26
Train step: 6150/7200, GEN Train loss: 14.958, ENC Train loss: 1.066, Train accuracy: 0.609, Keep percentage: 0.27
Train step: 6160/7200, GEN Train loss: 14.404, ENC Train loss: 1.231, Train accuracy: 0.484, Keep percentage: 0.27
Train step: 6170/7200, GEN Train loss: 11.327, ENC Train loss: 0.968, Train accuracy: 0.641, Keep percentage: 0.29
Train step: 6180/7200, GEN Train loss: 19.236, ENC Train loss: 1.136, Train accuracy: 0.562, Keep percentage: 0.27
Train step: 6190/7200, GEN Train loss: 13.447, ENC Train loss: 1.045, Train accuracy: 0.578, Keep percentage: 0.26
Train step: 6200/7200, GEN Train loss: 15.471, ENC Train loss: 1.203, Train accuracy: 0.562, Keep percentage: 0.26
=============== MODEL VALIDATING ===============
Testing on 1020 data:
+ Validation accuracy: 0.546
+ Keep percentage: 0.27
Train step: 6210/7200, GEN Train loss: 14.015, ENC Train loss: 0.999, Train accuracy: 0.672, Keep percentage: 0.26
Train step: 6220/7200, GEN Train loss: 17.165, ENC Train loss: 1.130, Train accuracy: 0.516, Keep percentage: 0.26
Train step: 6230/7200, GEN Train loss: 20.625, ENC Train loss: 1.177, Train accuracy: 0.594, Keep percentage: 0.29
Train step: 6240/7200, GEN Train loss: 9.495, ENC Train loss: 0.954, Train accuracy: 0.656, Keep percentage: 0.27
Train step: 6250/7200, GEN Train loss: 12.667, ENC Train loss: 1.032, Train accuracy: 0.734, Keep percentage: 0.29
Train step: 6260/7200, GEN Train loss: 23.566, ENC Train loss: 1.091, Train accuracy: 0.625, Keep percentage: 0.25
Train step: 6270/7200, GEN Train loss: 13.006, ENC Train loss: 1.112, Train accuracy: 0.578, Keep percentage: 0.25
Train step: 6280/7200, GEN Train loss: 12.625, ENC Train loss: 1.199, Train accuracy: 0.562, Keep percentage: 0.27
Train step: 6290/7200, GEN Train loss: 11.578, ENC Train loss: 1.163, Train accuracy: 0.609, Keep percentage: 0.29
Train step: 6300/7200, GEN Train loss: 11.655, ENC Train loss: 1.049, Train accuracy: 0.609, Keep percentage: 0.27
=============== MODEL VALIDATING ===============
Testing on 1020 data:
+ Validation accuracy: 0.525
+ Keep percentage: 0.27
Train step: 6310/7200, GEN Train loss: 13.412, ENC Train loss: 1.092, Train accuracy: 0.562, Keep percentage: 0.29
Train step: 6320/7200, GEN Train loss: 14.263, ENC Train loss: 1.162, Train accuracy: 0.547, Keep percentage: 0.25
Train step: 6330/7200, GEN Train loss: 17.674, ENC Train loss: 1.260, Train accuracy: 0.516, Keep percentage: 0.30
Train step: 6340/7200, GEN Train loss: 11.473, ENC Train loss: 1.089, Train accuracy: 0.625, Keep percentage: 0.32
Train step: 6350/7200, GEN Train loss: 12.939, ENC Train loss: 1.106, Train accuracy: 0.609, Keep percentage: 0.26
Train step: 6360/7200, GEN Train loss: 13.241, ENC Train loss: 1.029, Train accuracy: 0.609, Keep percentage: 0.28
Train step: 6370/7200, GEN Train loss: 20.818, ENC Train loss: 1.229, Train accuracy: 0.609, Keep percentage: 0.30
Train step: 6380/7200, GEN Train loss: 13.455, ENC Train loss: 1.001, Train accuracy: 0.688, Keep percentage: 0.28
Train step: 6390/7200, GEN Train loss: 11.142, ENC Train loss: 1.002, Train accuracy: 0.609, Keep percentage: 0.27
Train step: 6400/7200, GEN Train loss: 12.241, ENC Train loss: 1.046, Train accuracy: 0.625, Keep percentage: 0.28
=============== MODEL VALIDATING ===============
Testing on 1020 data:
+ Validation accuracy: 0.556
+ Keep percentage: 0.27
Train step: 6410/7200, GEN Train loss: 11.001, ENC Train loss: 1.044, Train accuracy: 0.594, Keep percentage: 0.27
Train step: 6420/7200, GEN Train loss: 10.649, ENC Train loss: 0.958, Train accuracy: 0.688, Keep percentage: 0.28
Train step: 6430/7200, GEN Train loss: 22.600, ENC Train loss: 1.382, Train accuracy: 0.484, Keep percentage: 0.24
Train step: 6440/7200, GEN Train loss: 11.152, ENC Train loss: 0.908, Train accuracy: 0.625, Keep percentage: 0.27
Train step: 6450/7200, GEN Train loss: 13.031, ENC Train loss: 1.172, Train accuracy: 0.531, Keep percentage: 0.28
Train step: 6460/7200, GEN Train loss: 15.660, ENC Train loss: 1.072, Train accuracy: 0.594, Keep percentage: 0.25
Train step: 6470/7200, GEN Train loss: 15.724, ENC Train loss: 1.281, Train accuracy: 0.438, Keep percentage: 0.27
Train step: 6480/7200, GEN Train loss: 12.661, ENC Train loss: 1.202, Train accuracy: 0.571, Keep percentage: 0.25
Train step: 6490/7200, GEN Train loss: 15.747, ENC Train loss: 1.123, Train accuracy: 0.625, Keep percentage: 0.24
Train step: 6500/7200, GEN Train loss: 13.027, ENC Train loss: 1.172, Train accuracy: 0.500, Keep percentage: 0.25
=============== MODEL VALIDATING ===============
Testing on 1020 data:
+ Validation accuracy: 0.562
+ Keep percentage: 0.27
Train step: 6510/7200, GEN Train loss: 19.333, ENC Train loss: 1.182, Train accuracy: 0.672, Keep percentage: 0.30
Train step: 6520/7200, GEN Train loss: 16.645, ENC Train loss: 1.187, Train accuracy: 0.578, Keep percentage: 0.28
Train step: 6530/7200, GEN Train loss: 11.485, ENC Train loss: 1.154, Train accuracy: 0.578, Keep percentage: 0.26
Train step: 6540/7200, GEN Train loss: 14.374, ENC Train loss: 1.229, Train accuracy: 0.531, Keep percentage: 0.24
Train step: 6550/7200, GEN Train loss: 11.786, ENC Train loss: 0.916, Train accuracy: 0.672, Keep percentage: 0.30
Train step: 6560/7200, GEN Train loss: 17.869, ENC Train loss: 1.223, Train accuracy: 0.500, Keep percentage: 0.25
Train step: 6570/7200, GEN Train loss: 10.090, ENC Train loss: 1.014, Train accuracy: 0.531, Keep percentage: 0.27
Train step: 6580/7200, GEN Train loss: 15.942, ENC Train loss: 1.137, Train accuracy: 0.547, Keep percentage: 0.27
Train step: 6590/7200, GEN Train loss: 17.169, ENC Train loss: 1.130, Train accuracy: 0.594, Keep percentage: 0.28
Train step: 6600/7200, GEN Train loss: 13.175, ENC Train loss: 1.126, Train accuracy: 0.547, Keep percentage: 0.28
=============== MODEL VALIDATING ===============
Testing on 1020 data:
+ Validation accuracy: 0.533
+ Keep percentage: 0.27
Train step: 6610/7200, GEN Train loss: 14.639, ENC Train loss: 1.138, Train accuracy: 0.672, Keep percentage: 0.30
Train step: 6620/7200, GEN Train loss: 12.306, ENC Train loss: 1.168, Train accuracy: 0.562, Keep percentage: 0.26
Train step: 6630/7200, GEN Train loss: 12.374, ENC Train loss: 0.962, Train accuracy: 0.672, Keep percentage: 0.25
Train step: 6640/7200, GEN Train loss: 17.136, ENC Train loss: 1.128, Train accuracy: 0.656, Keep percentage: 0.29
Train step: 6650/7200, GEN Train loss: 12.817, ENC Train loss: 1.153, Train accuracy: 0.547, Keep percentage: 0.25
Train step: 6660/7200, GEN Train loss: 14.771, ENC Train loss: 1.053, Train accuracy: 0.578, Keep percentage: 0.28
Train step: 6670/7200, GEN Train loss: 13.783, ENC Train loss: 1.178, Train accuracy: 0.547, Keep percentage: 0.27
Train step: 6680/7200, GEN Train loss: 16.935, ENC Train loss: 1.115, Train accuracy: 0.547, Keep percentage: 0.27
Train step: 6690/7200, GEN Train loss: 13.358, ENC Train loss: 1.039, Train accuracy: 0.688, Keep percentage: 0.29
Train step: 6700/7200, GEN Train loss: 18.902, ENC Train loss: 1.244, Train accuracy: 0.500, Keep percentage: 0.25
=============== MODEL VALIDATING ===============
Testing on 1020 data:
+ Validation accuracy: 0.543
+ Keep percentage: 0.27
Train step: 6710/7200, GEN Train loss: 10.916, ENC Train loss: 0.982, Train accuracy: 0.609, Keep percentage: 0.28
Train step: 6720/7200, GEN Train loss: 14.291, ENC Train loss: 1.164, Train accuracy: 0.531, Keep percentage: 0.29
Train step: 6730/7200, GEN Train loss: 12.191, ENC Train loss: 1.097, Train accuracy: 0.641, Keep percentage: 0.29
Train step: 6740/7200, GEN Train loss: 12.255, ENC Train loss: 1.048, Train accuracy: 0.562, Keep percentage: 0.24
Train step: 6750/7200, GEN Train loss: 17.931, ENC Train loss: 1.059, Train accuracy: 0.656, Keep percentage: 0.30
Train step: 6760/7200, GEN Train loss: 14.997, ENC Train loss: 1.166, Train accuracy: 0.578, Keep percentage: 0.29
Train step: 6770/7200, GEN Train loss: 13.494, ENC Train loss: 1.154, Train accuracy: 0.641, Keep percentage: 0.29
Train step: 6780/7200, GEN Train loss: 17.562, ENC Train loss: 1.156, Train accuracy: 0.641, Keep percentage: 0.28
Train step: 6790/7200, GEN Train loss: 15.677, ENC Train loss: 1.340, Train accuracy: 0.453, Keep percentage: 0.28
Train step: 6800/7200, GEN Train loss: 19.422, ENC Train loss: 1.109, Train accuracy: 0.625, Keep percentage: 0.27
=============== MODEL VALIDATING ===============
Testing on 1020 data:
+ Validation accuracy: 0.533
+ Keep percentage: 0.27
Train step: 6810/7200, GEN Train loss: 20.395, ENC Train loss: 1.247, Train accuracy: 0.484, Keep percentage: 0.30
Train step: 6820/7200, GEN Train loss: 18.215, ENC Train loss: 1.299, Train accuracy: 0.531, Keep percentage: 0.26
Train step: 6830/7200, GEN Train loss: 15.264, ENC Train loss: 1.187, Train accuracy: 0.562, Keep percentage: 0.29
Train step: 6840/7200, GEN Train loss: 11.668, ENC Train loss: 0.997, Train accuracy: 0.625, Keep percentage: 0.29
Train step: 6850/7200, GEN Train loss: 20.143, ENC Train loss: 1.326, Train accuracy: 0.516, Keep percentage: 0.26
Train step: 6860/7200, GEN Train loss: 14.894, ENC Train loss: 1.158, Train accuracy: 0.609, Keep percentage: 0.25
Train step: 6870/7200, GEN Train loss: 12.218, ENC Train loss: 1.099, Train accuracy: 0.703, Keep percentage: 0.25
Train step: 6880/7200, GEN Train loss: 14.350, ENC Train loss: 1.227, Train accuracy: 0.578, Keep percentage: 0.26
Train step: 6890/7200, GEN Train loss: 15.425, ENC Train loss: 1.100, Train accuracy: 0.594, Keep percentage: 0.29
Train step: 6900/7200, GEN Train loss: 19.116, ENC Train loss: 1.258, Train accuracy: 0.594, Keep percentage: 0.27
=============== MODEL VALIDATING ===============
Testing on 1020 data:
+ Validation accuracy: 0.557
+ Keep percentage: 0.28
Train step: 6910/7200, GEN Train loss: 23.663, ENC Train loss: 1.307, Train accuracy: 0.578, Keep percentage: 0.27
Train step: 6920/7200, GEN Train loss: 13.637, ENC Train loss: 1.295, Train accuracy: 0.453, Keep percentage: 0.30
Train step: 6930/7200, GEN Train loss: 15.974, ENC Train loss: 1.301, Train accuracy: 0.516, Keep percentage: 0.29
Train step: 6940/7200, GEN Train loss: 11.204, ENC Train loss: 1.064, Train accuracy: 0.656, Keep percentage: 0.33
Train step: 6950/7200, GEN Train loss: 12.298, ENC Train loss: 1.001, Train accuracy: 0.688, Keep percentage: 0.26
Train step: 6960/7200, GEN Train loss: 21.759, ENC Train loss: 1.008, Train accuracy: 0.641, Keep percentage: 0.28
Train step: 6970/7200, GEN Train loss: 14.229, ENC Train loss: 1.014, Train accuracy: 0.609, Keep percentage: 0.31
Train step: 6980/7200, GEN Train loss: 17.516, ENC Train loss: 1.426, Train accuracy: 0.422, Keep percentage: 0.24
Train step: 6990/7200, GEN Train loss: 13.440, ENC Train loss: 1.094, Train accuracy: 0.547, Keep percentage: 0.28
Train step: 7000/7200, GEN Train loss: 9.003, ENC Train loss: 0.905, Train accuracy: 0.719, Keep percentage: 0.30
=============== MODEL VALIDATING ===============
Testing on 1020 data:
+ Validation accuracy: 0.529
+ Keep percentage: 0.27
Train step: 7010/7200, GEN Train loss: 16.947, ENC Train loss: 1.116, Train accuracy: 0.609, Keep percentage: 0.27
Train step: 7020/7200, GEN Train loss: 16.373, ENC Train loss: 1.333, Train accuracy: 0.578, Keep percentage: 0.27
Train step: 7030/7200, GEN Train loss: 12.249, ENC Train loss: 1.047, Train accuracy: 0.594, Keep percentage: 0.28
Train step: 7040/7200, GEN Train loss: 11.077, ENC Train loss: 0.997, Train accuracy: 0.609, Keep percentage: 0.28
Train step: 7050/7200, GEN Train loss: 23.797, ENC Train loss: 1.274, Train accuracy: 0.547, Keep percentage: 0.26
Train step: 7060/7200, GEN Train loss: 16.655, ENC Train loss: 1.239, Train accuracy: 0.562, Keep percentage: 0.29
Train step: 7070/7200, GEN Train loss: 13.223, ENC Train loss: 1.190, Train accuracy: 0.625, Keep percentage: 0.29
Train step: 7080/7200, GEN Train loss: 17.718, ENC Train loss: 1.263, Train accuracy: 0.531, Keep percentage: 0.27
Train step: 7090/7200, GEN Train loss: 13.795, ENC Train loss: 1.073, Train accuracy: 0.594, Keep percentage: 0.26
Train step: 7100/7200, GEN Train loss: 14.381, ENC Train loss: 1.025, Train accuracy: 0.672, Keep percentage: 0.30
=============== MODEL VALIDATING ===============
Testing on 1020 data:
+ Validation accuracy: 0.535
+ Keep percentage: 0.27
Train step: 7110/7200, GEN Train loss: 14.000, ENC Train loss: 1.140, Train accuracy: 0.547, Keep percentage: 0.28
Train step: 7120/7200, GEN Train loss: 16.398, ENC Train loss: 1.123, Train accuracy: 0.609, Keep percentage: 0.25
Train step: 7130/7200, GEN Train loss: 11.677, ENC Train loss: 1.173, Train accuracy: 0.500, Keep percentage: 0.25
Train step: 7140/7200, GEN Train loss: 22.624, ENC Train loss: 1.336, Train accuracy: 0.516, Keep percentage: 0.31
Train step: 7150/7200, GEN Train loss: 12.720, ENC Train loss: 1.087, Train accuracy: 0.656, Keep percentage: 0.27
Train step: 7160/7200, GEN Train loss: 13.356, ENC Train loss: 0.993, Train accuracy: 0.688, Keep percentage: 0.29
Train step: 7170/7200, GEN Train loss: 15.720, ENC Train loss: 1.121, Train accuracy: 0.656, Keep percentage: 0.28
Train step: 7180/7200, GEN Train loss: 15.316, ENC Train loss: 1.139, Train accuracy: 0.547, Keep percentage: 0.28
Train step: 7190/7200, GEN Train loss: 12.816, ENC Train loss: 0.914, Train accuracy: 0.719, Keep percentage: 0.29
Train step: 7200/7200, GEN Train loss: 9.562, ENC Train loss: 1.021, Train accuracy: 0.679, Keep percentage: 0.28
=============== MODEL VALIDATING ===============
Testing on 1020 data:
+ Validation accuracy: 0.552
+ Keep percentage: 0.27
