=============== HYPERPARAMETER SETTING ===============
method : lstm
mode : train
lr : 0.1
lr_update_rate : 100
dim : 100
batch_size : 45
ws : 1
epoch : 5
min_count : 1
neg : 5
word_ngrams : 1
char_ngrams : 0
loss : softmax
=============== DATA PROCESSING ===============
Statistics of Label Mapping:
* Class: {0: 'ABBREVIATION', 1: 'ENTITY', 2: 'DESCRIPTION', 3: 'HUMAN', 4: 'LOCATION', 5: 'NUMERIC'}
+ Total: 6
Statistics of Training Set:
* Number of data in class ABB: 180
* Number of data in class ENT: 1800
* Number of data in class DES: 1800
* Number of data in class HUM: 1800
* Number of data in class LOC: 1800
* Number of data in class NUM: 1800
+ Total: 9180
Statistics of Validation Set:
* Number of data in class ABB: 20
* Number of data in class ENT: 200
* Number of data in class DES: 200
* Number of data in class HUM: 200
* Number of data in class LOC: 200
* Number of data in class NUM: 200
+ Total: 1020
Statistics of Test Set:
* Number of data in class ABB: 9
* Number of data in class ENT: 94
* Number of data in class DES: 138
* Number of data in class HUM: 65
* Number of data in class LOC: 81
* Number of data in class NUM: 113
+ Total: 500
=============== LOAD EMBEDDINGS ===============
embeddings_shape:(4164, 300)
vocab_size:4164
=============== MODEL TRAINING ===============
iter=0,loss=1.795653,acc=0.0444
iter=10,loss=18.302496,acc=0.2667
iter=20,loss=31.041145,acc=0.2000
iter=30,loss=24.261732,acc=0.2444
iter=40,loss=16.560293,acc=0.3556
iter=50,loss=16.945000,acc=0.1111
iter=60,loss=14.473144,acc=0.2000
iter=70,loss=17.602438,acc=0.3111
iter=80,loss=18.199732,acc=0.2444
iter=90,loss=17.094767,acc=0.2222
iter=100,loss=10.939029,acc=0.1778
iter=110,loss=13.197027,acc=0.2000
iter=120,loss=17.459734,acc=0.0222
iter=130,loss=17.189243,acc=0.1556
iter=140,loss=12.166161,acc=0.2889
iter=150,loss=20.398539,acc=0.2222
iter=160,loss=14.046596,acc=0.1778
iter=170,loss=16.914185,acc=0.2222
iter=180,loss=8.234179,acc=0.2889
iter=190,loss=19.110146,acc=0.1778
iter=200,loss=15.337533,acc=0.2000
